{"/Users/huangyuan/Projects/karios-desktop/apps/ai-service/src/chat.ts": {"path":"/Users/huangyuan/Projects/karios-desktop/apps/ai-service/src/chat.ts","all":false,"statementMap":{"0":{"start":{"line":1,"column":0},"end":{"line":1,"column":24}},"3":{"start":{"line":4,"column":0},"end":{"line":4,"column":35}},"4":{"start":{"line":5,"column":0},"end":{"line":5,"column":27}},"5":{"start":{"line":6,"column":0},"end":{"line":6,"column":29}},"6":{"start":{"line":7,"column":0},"end":{"line":7,"column":31}},"7":{"start":{"line":8,"column":0},"end":{"line":8,"column":37}},"8":{"start":{"line":9,"column":0},"end":{"line":9,"column":3}},"10":{"start":{"line":11,"column":0},"end":{"line":11,"column":43}},"11":{"start":{"line":12,"column":0},"end":{"line":12,"column":20}},"12":{"start":{"line":13,"column":0},"end":{"line":13,"column":14}},"13":{"start":{"line":14,"column":0},"end":{"line":14,"column":52}},"14":{"start":{"line":15,"column":0},"end":{"line":15,"column":26}},"15":{"start":{"line":16,"column":0},"end":{"line":16,"column":56}},"16":{"start":{"line":17,"column":0},"end":{"line":17,"column":7}},"17":{"start":{"line":18,"column":0},"end":{"line":18,"column":4}},"18":{"start":{"line":19,"column":0},"end":{"line":19,"column":3}},"22":{"start":{"line":23,"column":0},"end":{"line":23,"column":77}},"23":{"start":{"line":24,"column":0},"end":{"line":24,"column":55}},"24":{"start":{"line":25,"column":0},"end":{"line":25,"column":12}},"25":{"start":{"line":26,"column":0},"end":{"line":26,"column":19}},"26":{"start":{"line":27,"column":0},"end":{"line":27,"column":16}},"27":{"start":{"line":28,"column":0},"end":{"line":28,"column":44}},"28":{"start":{"line":29,"column":0},"end":{"line":29,"column":40}},"29":{"start":{"line":30,"column":0},"end":{"line":30,"column":32}},"30":{"start":{"line":31,"column":0},"end":{"line":31,"column":26}},"31":{"start":{"line":32,"column":0},"end":{"line":32,"column":33}},"32":{"start":{"line":33,"column":0},"end":{"line":33,"column":27}},"33":{"start":{"line":34,"column":0},"end":{"line":34,"column":12}},"34":{"start":{"line":35,"column":0},"end":{"line":35,"column":8}},"35":{"start":{"line":36,"column":0},"end":{"line":36,"column":6}},"36":{"start":{"line":37,"column":0},"end":{"line":37,"column":3}},"37":{"start":{"line":38,"column":0},"end":{"line":38,"column":50}},"38":{"start":{"line":39,"column":0},"end":{"line":39,"column":1}},"40":{"start":{"line":41,"column":0},"end":{"line":41,"column":82}},"41":{"start":{"line":42,"column":0},"end":{"line":42,"column":42}},"42":{"start":{"line":43,"column":0},"end":{"line":43,"column":1}}},"s":{"0":1,"3":1,"4":1,"5":1,"6":1,"7":1,"8":1,"10":1,"11":1,"12":1,"13":1,"14":1,"15":1,"16":1,"17":1,"18":1,"22":2,"23":2,"24":1,"25":1,"26":1,"27":1,"28":1,"29":1,"30":1,"31":1,"32":1,"33":1,"34":1,"35":1,"36":1,"37":1,"38":1,"40":1,"41":1,"42":1},"branchMap":{"0":{"type":"branch","line":23,"loc":{"start":{"line":23,"column":0},"end":{"line":39,"column":1}},"locations":[{"start":{"line":23,"column":0},"end":{"line":39,"column":1}}]},"1":{"type":"branch","line":24,"loc":{"start":{"line":24,"column":19},"end":{"line":24,"column":54}},"locations":[{"start":{"line":24,"column":19},"end":{"line":24,"column":54}}]},"2":{"type":"branch","line":24,"loc":{"start":{"line":24,"column":54},"end":{"line":39,"column":1}},"locations":[{"start":{"line":24,"column":54},"end":{"line":39,"column":1}}]},"3":{"type":"branch","line":29,"loc":{"start":{"line":29,"column":31},"end":{"line":34,"column":10}},"locations":[{"start":{"line":29,"column":31},"end":{"line":34,"column":10}}]},"4":{"type":"branch","line":41,"loc":{"start":{"line":41,"column":7},"end":{"line":43,"column":1}},"locations":[{"start":{"line":41,"column":7},"end":{"line":43,"column":1}}]}},"b":{"0":[2],"1":[1],"2":[1],"3":[1],"4":[1]},"fnMap":{"0":{"name":"toModelMessage","decl":{"start":{"line":23,"column":0},"end":{"line":39,"column":1}},"loc":{"start":{"line":23,"column":0},"end":{"line":39,"column":1}},"line":23},"1":{"name":"toModelMessagesFromChatRequest","decl":{"start":{"line":41,"column":7},"end":{"line":43,"column":1}},"loc":{"start":{"line":41,"column":7},"end":{"line":43,"column":1}},"line":41}},"f":{"0":2,"1":1}}
,"/Users/huangyuan/Projects/karios-desktop/apps/ai-service/src/config.ts": {"path":"/Users/huangyuan/Projects/karios-desktop/apps/ai-service/src/config.ts","all":false,"statementMap":{"0":{"start":{"line":1,"column":0},"end":{"line":1,"column":41}},"7":{"start":{"line":8,"column":0},"end":{"line":8,"column":41}},"8":{"start":{"line":9,"column":0},"end":{"line":9,"column":24}},"9":{"start":{"line":10,"column":0},"end":{"line":10,"column":26}},"10":{"start":{"line":11,"column":0},"end":{"line":11,"column":51}},"11":{"start":{"line":12,"column":0},"end":{"line":12,"column":29}},"12":{"start":{"line":13,"column":0},"end":{"line":13,"column":11}},"13":{"start":{"line":14,"column":0},"end":{"line":14,"column":13}},"14":{"start":{"line":15,"column":0},"end":{"line":15,"column":32}},"15":{"start":{"line":16,"column":0},"end":{"line":16,"column":44}},"16":{"start":{"line":17,"column":0},"end":{"line":17,"column":6}},"17":{"start":{"line":18,"column":0},"end":{"line":18,"column":16}},"18":{"start":{"line":19,"column":0},"end":{"line":19,"column":11}},"19":{"start":{"line":20,"column":0},"end":{"line":20,"column":13}},"20":{"start":{"line":21,"column":0},"end":{"line":21,"column":32}},"21":{"start":{"line":22,"column":0},"end":{"line":22,"column":6}},"22":{"start":{"line":23,"column":0},"end":{"line":23,"column":16}},"23":{"start":{"line":24,"column":0},"end":{"line":24,"column":11}},"24":{"start":{"line":25,"column":0},"end":{"line":25,"column":13}},"25":{"start":{"line":26,"column":0},"end":{"line":26,"column":33}},"26":{"start":{"line":27,"column":0},"end":{"line":27,"column":43}},"27":{"start":{"line":28,"column":0},"end":{"line":28,"column":6}},"28":{"start":{"line":29,"column":0},"end":{"line":29,"column":16}},"29":{"start":{"line":30,"column":0},"end":{"line":30,"column":3}},"33":{"start":{"line":34,"column":0},"end":{"line":34,"column":45}},"34":{"start":{"line":35,"column":0},"end":{"line":35,"column":24}},"35":{"start":{"line":36,"column":0},"end":{"line":36,"column":41}},"36":{"start":{"line":37,"column":0},"end":{"line":37,"column":37}},"37":{"start":{"line":38,"column":0},"end":{"line":38,"column":3}},"42":{"start":{"line":43,"column":0},"end":{"line":43,"column":49}},"43":{"start":{"line":44,"column":0},"end":{"line":44,"column":51}},"44":{"start":{"line":45,"column":0},"end":{"line":45,"column":29}},"45":{"start":{"line":46,"column":0},"end":{"line":46,"column":11}},"46":{"start":{"line":47,"column":0},"end":{"line":47,"column":13}},"47":{"start":{"line":48,"column":0},"end":{"line":48,"column":32}},"48":{"start":{"line":49,"column":0},"end":{"line":49,"column":44}},"49":{"start":{"line":50,"column":0},"end":{"line":50,"column":6}},"50":{"start":{"line":51,"column":0},"end":{"line":51,"column":16}},"51":{"start":{"line":52,"column":0},"end":{"line":52,"column":11}},"52":{"start":{"line":53,"column":0},"end":{"line":53,"column":13}},"53":{"start":{"line":54,"column":0},"end":{"line":54,"column":32}},"54":{"start":{"line":55,"column":0},"end":{"line":55,"column":6}},"55":{"start":{"line":56,"column":0},"end":{"line":56,"column":16}},"56":{"start":{"line":57,"column":0},"end":{"line":57,"column":11}},"57":{"start":{"line":58,"column":0},"end":{"line":58,"column":13}},"58":{"start":{"line":59,"column":0},"end":{"line":59,"column":33}},"59":{"start":{"line":60,"column":0},"end":{"line":60,"column":43}},"60":{"start":{"line":61,"column":0},"end":{"line":61,"column":6}},"61":{"start":{"line":62,"column":0},"end":{"line":62,"column":16}},"62":{"start":{"line":63,"column":0},"end":{"line":63,"column":3}},"87":{"start":{"line":88,"column":0},"end":{"line":88,"column":66}},"88":{"start":{"line":89,"column":0},"end":{"line":89,"column":31}},"89":{"start":{"line":90,"column":0},"end":{"line":90,"column":22}},"90":{"start":{"line":91,"column":0},"end":{"line":91,"column":41}},"91":{"start":{"line":92,"column":0},"end":{"line":92,"column":1}},"93":{"start":{"line":94,"column":0},"end":{"line":94,"column":38}},"94":{"start":{"line":95,"column":0},"end":{"line":95,"column":14}},"95":{"start":{"line":96,"column":0},"end":{"line":96,"column":89}},"96":{"start":{"line":97,"column":0},"end":{"line":97,"column":51}},"97":{"start":{"line":98,"column":0},"end":{"line":98,"column":1}},"99":{"start":{"line":100,"column":0},"end":{"line":100,"column":58}},"100":{"start":{"line":101,"column":0},"end":{"line":101,"column":30}},"101":{"start":{"line":102,"column":0},"end":{"line":102,"column":43}},"102":{"start":{"line":103,"column":0},"end":{"line":103,"column":1}},"104":{"start":{"line":105,"column":0},"end":{"line":105,"column":80}},"105":{"start":{"line":106,"column":0},"end":{"line":106,"column":32}},"106":{"start":{"line":107,"column":0},"end":{"line":107,"column":35}},"107":{"start":{"line":108,"column":0},"end":{"line":108,"column":91}},"108":{"start":{"line":109,"column":0},"end":{"line":109,"column":57}},"110":{"start":{"line":111,"column":0},"end":{"line":111,"column":52}},"111":{"start":{"line":112,"column":0},"end":{"line":112,"column":31}},"112":{"start":{"line":113,"column":0},"end":{"line":113,"column":55}},"113":{"start":{"line":114,"column":0},"end":{"line":114,"column":1}},"115":{"start":{"line":116,"column":0},"end":{"line":116,"column":40}},"116":{"start":{"line":117,"column":0},"end":{"line":117,"column":22}},"117":{"start":{"line":118,"column":0},"end":{"line":118,"column":1}},"119":{"start":{"line":120,"column":0},"end":{"line":120,"column":69}},"120":{"start":{"line":121,"column":0},"end":{"line":121,"column":23}},"121":{"start":{"line":122,"column":0},"end":{"line":122,"column":10}},"122":{"start":{"line":123,"column":0},"end":{"line":123,"column":15}},"123":{"start":{"line":124,"column":0},"end":{"line":124,"column":24}},"124":{"start":{"line":125,"column":0},"end":{"line":125,"column":15}},"125":{"start":{"line":126,"column":0},"end":{"line":126,"column":7}},"126":{"start":{"line":127,"column":0},"end":{"line":127,"column":11}},"127":{"start":{"line":128,"column":0},"end":{"line":128,"column":24}},"128":{"start":{"line":129,"column":0},"end":{"line":129,"column":30}},"129":{"start":{"line":130,"column":0},"end":{"line":130,"column":28}},"130":{"start":{"line":131,"column":0},"end":{"line":131,"column":26}},"131":{"start":{"line":132,"column":0},"end":{"line":132,"column":26}},"132":{"start":{"line":133,"column":0},"end":{"line":133,"column":26}},"133":{"start":{"line":134,"column":0},"end":{"line":134,"column":8}},"134":{"start":{"line":135,"column":0},"end":{"line":135,"column":6}},"135":{"start":{"line":136,"column":0},"end":{"line":136,"column":4}},"136":{"start":{"line":137,"column":0},"end":{"line":137,"column":1}},"138":{"start":{"line":139,"column":0},"end":{"line":139,"column":72}},"139":{"start":{"line":140,"column":0},"end":{"line":140,"column":25}},"140":{"start":{"line":141,"column":0},"end":{"line":141,"column":7}},"141":{"start":{"line":142,"column":0},"end":{"line":142,"column":45}},"142":{"start":{"line":143,"column":0},"end":{"line":143,"column":44}},"143":{"start":{"line":144,"column":0},"end":{"line":144,"column":51}},"144":{"start":{"line":145,"column":0},"end":{"line":145,"column":35}},"146":{"start":{"line":147,"column":0},"end":{"line":147,"column":55}},"147":{"start":{"line":148,"column":0},"end":{"line":148,"column":21}},"148":{"start":{"line":149,"column":0},"end":{"line":149,"column":46}},"150":{"start":{"line":151,"column":0},"end":{"line":151,"column":66}},"151":{"start":{"line":152,"column":0},"end":{"line":152,"column":22}},"152":{"start":{"line":153,"column":0},"end":{"line":153,"column":5}},"154":{"start":{"line":155,"column":0},"end":{"line":155,"column":16}},"155":{"start":{"line":156,"column":0},"end":{"line":156,"column":15}},"157":{"start":{"line":158,"column":0},"end":{"line":158,"column":62}},"158":{"start":{"line":159,"column":0},"end":{"line":159,"column":44}},"159":{"start":{"line":160,"column":0},"end":{"line":160,"column":16}},"160":{"start":{"line":161,"column":0},"end":{"line":161,"column":3}},"161":{"start":{"line":162,"column":0},"end":{"line":162,"column":1}},"163":{"start":{"line":164,"column":0},"end":{"line":164,"column":75}},"164":{"start":{"line":165,"column":0},"end":{"line":165,"column":25}},"165":{"start":{"line":166,"column":0},"end":{"line":166,"column":58}},"166":{"start":{"line":167,"column":0},"end":{"line":167,"column":1}},"168":{"start":{"line":169,"column":0},"end":{"line":169,"column":64}},"169":{"start":{"line":170,"column":0},"end":{"line":170,"column":32}},"170":{"start":{"line":171,"column":0},"end":{"line":171,"column":12}},"171":{"start":{"line":172,"column":0},"end":{"line":172,"column":15}},"172":{"start":{"line":173,"column":0},"end":{"line":173,"column":19}},"173":{"start":{"line":174,"column":0},"end":{"line":174,"column":25}},"174":{"start":{"line":175,"column":0},"end":{"line":175,"column":25}},"175":{"start":{"line":176,"column":0},"end":{"line":176,"column":15}},"176":{"start":{"line":177,"column":0},"end":{"line":177,"column":50}},"177":{"start":{"line":178,"column":0},"end":{"line":178,"column":45}},"178":{"start":{"line":179,"column":0},"end":{"line":179,"column":58}},"179":{"start":{"line":180,"column":0},"end":{"line":180,"column":8}},"180":{"start":{"line":181,"column":0},"end":{"line":181,"column":6}},"181":{"start":{"line":182,"column":0},"end":{"line":182,"column":3}},"182":{"start":{"line":183,"column":0},"end":{"line":183,"column":32}},"183":{"start":{"line":184,"column":0},"end":{"line":184,"column":12}},"184":{"start":{"line":185,"column":0},"end":{"line":185,"column":15}},"185":{"start":{"line":186,"column":0},"end":{"line":186,"column":19}},"186":{"start":{"line":187,"column":0},"end":{"line":187,"column":25}},"187":{"start":{"line":188,"column":0},"end":{"line":188,"column":25}},"188":{"start":{"line":189,"column":0},"end":{"line":189,"column":15}},"189":{"start":{"line":190,"column":0},"end":{"line":190,"column":50}},"190":{"start":{"line":191,"column":0},"end":{"line":191,"column":45}},"191":{"start":{"line":192,"column":0},"end":{"line":192,"column":8}},"192":{"start":{"line":193,"column":0},"end":{"line":193,"column":6}},"193":{"start":{"line":194,"column":0},"end":{"line":194,"column":3}},"194":{"start":{"line":195,"column":0},"end":{"line":195,"column":10}},"195":{"start":{"line":196,"column":0},"end":{"line":196,"column":13}},"196":{"start":{"line":197,"column":0},"end":{"line":197,"column":17}},"197":{"start":{"line":198,"column":0},"end":{"line":198,"column":23}},"198":{"start":{"line":199,"column":0},"end":{"line":199,"column":23}},"199":{"start":{"line":200,"column":0},"end":{"line":200,"column":13}},"200":{"start":{"line":201,"column":0},"end":{"line":201,"column":56}},"201":{"start":{"line":202,"column":0},"end":{"line":202,"column":48}},"202":{"start":{"line":203,"column":0},"end":{"line":203,"column":43}},"203":{"start":{"line":204,"column":0},"end":{"line":204,"column":6}},"204":{"start":{"line":205,"column":0},"end":{"line":205,"column":4}},"205":{"start":{"line":206,"column":0},"end":{"line":206,"column":1}},"207":{"start":{"line":208,"column":0},"end":{"line":208,"column":42}},"212":{"start":{"line":213,"column":0},"end":{"line":213,"column":3}},"213":{"start":{"line":214,"column":0},"end":{"line":214,"column":81}},"214":{"start":{"line":215,"column":0},"end":{"line":215,"column":48}},"215":{"start":{"line":216,"column":0},"end":{"line":216,"column":54}},"216":{"start":{"line":217,"column":0},"end":{"line":217,"column":35}},"218":{"start":{"line":219,"column":0},"end":{"line":219,"column":30}},"219":{"start":{"line":220,"column":0},"end":{"line":220,"column":12}},"220":{"start":{"line":221,"column":0},"end":{"line":221,"column":35}},"221":{"start":{"line":222,"column":0},"end":{"line":222,"column":42}},"222":{"start":{"line":223,"column":0},"end":{"line":223,"column":25}},"223":{"start":{"line":224,"column":0},"end":{"line":224,"column":19}},"224":{"start":{"line":225,"column":0},"end":{"line":225,"column":6}},"225":{"start":{"line":226,"column":0},"end":{"line":226,"column":3}},"227":{"start":{"line":228,"column":0},"end":{"line":228,"column":30}},"228":{"start":{"line":229,"column":0},"end":{"line":229,"column":12}},"229":{"start":{"line":230,"column":0},"end":{"line":230,"column":35}},"230":{"start":{"line":231,"column":0},"end":{"line":231,"column":42}},"231":{"start":{"line":232,"column":0},"end":{"line":232,"column":25}},"232":{"start":{"line":233,"column":0},"end":{"line":233,"column":19}},"233":{"start":{"line":234,"column":0},"end":{"line":234,"column":6}},"234":{"start":{"line":235,"column":0},"end":{"line":235,"column":3}},"236":{"start":{"line":237,"column":0},"end":{"line":237,"column":10}},"237":{"start":{"line":238,"column":0},"end":{"line":238,"column":33}},"238":{"start":{"line":239,"column":0},"end":{"line":239,"column":40}},"239":{"start":{"line":240,"column":0},"end":{"line":240,"column":23}},"240":{"start":{"line":241,"column":0},"end":{"line":241,"column":17}},"241":{"start":{"line":242,"column":0},"end":{"line":242,"column":4}},"242":{"start":{"line":243,"column":0},"end":{"line":243,"column":1}}},"s":{"0":1,"7":1,"8":1,"9":1,"10":1,"11":1,"12":1,"13":1,"14":1,"15":1,"16":1,"17":1,"18":1,"19":1,"20":1,"21":1,"22":1,"23":1,"24":1,"25":1,"26":1,"27":1,"28":1,"29":1,"33":1,"34":1,"35":1,"36":1,"37":1,"42":1,"43":1,"44":1,"45":1,"46":1,"47":1,"48":1,"49":1,"50":1,"51":1,"52":1,"53":1,"54":1,"55":1,"56":1,"57":1,"58":1,"59":1,"60":1,"61":1,"62":1,"87":2,"88":2,"89":2,"90":2,"91":2,"93":1,"94":9,"95":9,"96":9,"97":9,"99":3,"100":3,"101":3,"102":3,"104":3,"105":3,"106":3,"107":3,"108":3,"110":3,"111":3,"112":3,"113":3,"115":1,"116":1,"117":1,"119":1,"120":1,"121":1,"122":1,"123":1,"124":1,"125":1,"126":1,"127":1,"128":1,"129":1,"130":1,"131":1,"132":1,"133":1,"134":1,"135":1,"136":1,"138":5,"139":5,"140":5,"141":5,"142":3,"143":3,"144":5,"146":1,"147":1,"148":1,"150":1,"151":1,"152":1,"154":0,"155":5,"157":2,"158":2,"159":0,"160":0,"161":5,"163":2,"164":2,"165":2,"166":2,"168":1,"169":2,"170":2,"171":2,"172":2,"173":2,"174":2,"175":2,"176":2,"177":2,"178":2,"179":2,"180":2,"181":2,"182":0,"183":0,"184":0,"185":0,"186":0,"187":0,"188":0,"189":0,"190":0,"191":0,"192":0,"193":0,"194":0,"195":0,"196":0,"197":0,"198":0,"199":0,"200":2,"201":2,"202":2,"203":2,"204":2,"205":2,"207":1,"212":2,"213":2,"214":0,"215":2,"216":2,"218":2,"219":0,"220":0,"221":0,"222":0,"223":0,"224":0,"225":0,"227":2,"228":0,"229":0,"230":0,"231":0,"232":0,"233":0,"234":0,"236":2,"237":2,"238":2,"239":2,"240":2,"241":2,"242":2},"branchMap":{"0":{"type":"branch","line":88,"loc":{"start":{"line":88,"column":0},"end":{"line":92,"column":1}},"locations":[{"start":{"line":88,"column":0},"end":{"line":92,"column":1}}]},"1":{"type":"branch","line":89,"loc":{"start":{"line":89,"column":13},"end":{"line":89,"column":24}},"locations":[{"start":{"line":89,"column":13},"end":{"line":89,"column":24}}]},"2":{"type":"branch","line":90,"loc":{"start":{"line":90,"column":10},"end":{"line":90,"column":22}},"locations":[{"start":{"line":90,"column":10},"end":{"line":90,"column":22}}]},"3":{"type":"branch","line":91,"loc":{"start":{"line":91,"column":21},"end":{"line":91,"column":29}},"locations":[{"start":{"line":91,"column":21},"end":{"line":91,"column":29}}]},"4":{"type":"branch","line":94,"loc":{"start":{"line":94,"column":7},"end":{"line":98,"column":1}},"locations":[{"start":{"line":94,"column":7},"end":{"line":98,"column":1}}]},"5":{"type":"branch","line":96,"loc":{"start":{"line":96,"column":17},"end":{"line":96,"column":44}},"locations":[{"start":{"line":96,"column":17},"end":{"line":96,"column":44}}]},"6":{"type":"branch","line":96,"loc":{"start":{"line":96,"column":49},"end":{"line":96,"column":89}},"locations":[{"start":{"line":96,"column":49},"end":{"line":96,"column":89}}]},"7":{"type":"branch","line":100,"loc":{"start":{"line":100,"column":0},"end":{"line":103,"column":1}},"locations":[{"start":{"line":100,"column":0},"end":{"line":103,"column":1}}]},"8":{"type":"branch","line":105,"loc":{"start":{"line":105,"column":0},"end":{"line":114,"column":1}},"locations":[{"start":{"line":105,"column":0},"end":{"line":114,"column":1}}]},"9":{"type":"branch","line":116,"loc":{"start":{"line":116,"column":7},"end":{"line":118,"column":1}},"locations":[{"start":{"line":116,"column":7},"end":{"line":118,"column":1}}]},"10":{"type":"branch","line":120,"loc":{"start":{"line":120,"column":7},"end":{"line":137,"column":1}},"locations":[{"start":{"line":120,"column":7},"end":{"line":137,"column":1}}]},"11":{"type":"branch","line":139,"loc":{"start":{"line":139,"column":0},"end":{"line":162,"column":1}},"locations":[{"start":{"line":139,"column":0},"end":{"line":162,"column":1}}]},"12":{"type":"branch","line":142,"loc":{"start":{"line":142,"column":43},"end":{"line":145,"column":27}},"locations":[{"start":{"line":142,"column":43},"end":{"line":145,"column":27}}]},"13":{"type":"branch","line":145,"loc":{"start":{"line":145,"column":20},"end":{"line":145,"column":35}},"locations":[{"start":{"line":145,"column":20},"end":{"line":145,"column":35}}]},"14":{"type":"branch","line":145,"loc":{"start":{"line":145,"column":30},"end":{"line":153,"column":5}},"locations":[{"start":{"line":145,"column":30},"end":{"line":153,"column":5}}]},"15":{"type":"branch","line":153,"loc":{"start":{"line":153,"column":4},"end":{"line":156,"column":11}},"locations":[{"start":{"line":153,"column":4},"end":{"line":156,"column":11}}]},"16":{"type":"branch","line":156,"loc":{"start":{"line":156,"column":2},"end":{"line":161,"column":3}},"locations":[{"start":{"line":156,"column":2},"end":{"line":161,"column":3}}]},"17":{"type":"branch","line":159,"loc":{"start":{"line":159,"column":39},"end":{"line":161,"column":3}},"locations":[{"start":{"line":159,"column":39},"end":{"line":161,"column":3}}]},"18":{"type":"branch","line":164,"loc":{"start":{"line":164,"column":0},"end":{"line":167,"column":1}},"locations":[{"start":{"line":164,"column":0},"end":{"line":167,"column":1}}]},"19":{"type":"branch","line":169,"loc":{"start":{"line":169,"column":7},"end":{"line":206,"column":1}},"locations":[{"start":{"line":169,"column":7},"end":{"line":206,"column":1}}]},"20":{"type":"branch","line":182,"loc":{"start":{"line":182,"column":2},"end":{"line":201,"column":37}},"locations":[{"start":{"line":182,"column":2},"end":{"line":201,"column":37}}]},"21":{"type":"branch","line":201,"loc":{"start":{"line":201,"column":26},"end":{"line":201,"column":41}},"locations":[{"start":{"line":201,"column":26},"end":{"line":201,"column":41}}]},"22":{"type":"branch","line":201,"loc":{"start":{"line":201,"column":46},"end":{"line":201,"column":56}},"locations":[{"start":{"line":201,"column":46},"end":{"line":201,"column":56}}]},"23":{"type":"branch","line":202,"loc":{"start":{"line":202,"column":24},"end":{"line":202,"column":45}},"locations":[{"start":{"line":202,"column":24},"end":{"line":202,"column":45}}]},"24":{"type":"branch","line":203,"loc":{"start":{"line":203,"column":27},"end":{"line":203,"column":41}},"locations":[{"start":{"line":203,"column":27},"end":{"line":203,"column":41}}]},"25":{"type":"branch","line":208,"loc":{"start":{"line":208,"column":7},"end":{"line":243,"column":1}},"locations":[{"start":{"line":208,"column":7},"end":{"line":243,"column":1}}]},"26":{"type":"branch","line":214,"loc":{"start":{"line":214,"column":77},"end":{"line":215,"column":48}},"locations":[{"start":{"line":214,"column":77},"end":{"line":215,"column":48}}]},"27":{"type":"branch","line":219,"loc":{"start":{"line":219,"column":29},"end":{"line":226,"column":3}},"locations":[{"start":{"line":219,"column":29},"end":{"line":226,"column":3}}]},"28":{"type":"branch","line":228,"loc":{"start":{"line":228,"column":29},"end":{"line":235,"column":3}},"locations":[{"start":{"line":228,"column":29},"end":{"line":235,"column":3}}]},"29":{"type":"branch","line":239,"loc":{"start":{"line":239,"column":12},"end":{"line":239,"column":30}},"locations":[{"start":{"line":239,"column":12},"end":{"line":239,"column":30}}]}},"b":{"0":[2],"1":[0],"2":[0],"3":[0],"4":[9],"5":[0],"6":[0],"7":[3],"8":[3],"9":[1],"10":[1],"11":[5],"12":[3],"13":[2],"14":[1],"15":[0],"16":[2],"17":[0],"18":[2],"19":[2],"20":[0],"21":[0],"22":[0],"23":[0],"24":[0],"25":[2],"26":[0],"27":[0],"28":[0],"29":[0]},"fnMap":{"0":{"name":"keyLast4","decl":{"start":{"line":88,"column":0},"end":{"line":92,"column":1}},"loc":{"start":{"line":88,"column":0},"end":{"line":92,"column":1}},"line":88},"1":{"name":"configPath","decl":{"start":{"line":94,"column":7},"end":{"line":98,"column":1}},"loc":{"start":{"line":94,"column":7},"end":{"line":98,"column":1}},"line":94},"2":{"name":"ensureParentDir","decl":{"start":{"line":100,"column":0},"end":{"line":103,"column":1}},"loc":{"start":{"line":100,"column":0},"end":{"line":103,"column":1}},"line":100},"3":{"name":"atomicWriteFile","decl":{"start":{"line":105,"column":0},"end":{"line":114,"column":1}},"loc":{"start":{"line":105,"column":0},"end":{"line":114,"column":1}},"line":105},"4":{"name":"newProfileId","decl":{"start":{"line":116,"column":7},"end":{"line":118,"column":1}},"loc":{"start":{"line":116,"column":7},"end":{"line":118,"column":1}},"line":116},"5":{"name":"migrateV1ToV2","decl":{"start":{"line":120,"column":7},"end":{"line":137,"column":1}},"loc":{"start":{"line":120,"column":7},"end":{"line":137,"column":1}},"line":120},"6":{"name":"loadConfigStore","decl":{"start":{"line":139,"column":0},"end":{"line":162,"column":1}},"loc":{"start":{"line":139,"column":0},"end":{"line":162,"column":1}},"line":139},"7":{"name":"saveConfigStore","decl":{"start":{"line":164,"column":0},"end":{"line":167,"column":1}},"loc":{"start":{"line":164,"column":0},"end":{"line":167,"column":1}},"line":164},"8":{"name":"toPublicProfile","decl":{"start":{"line":169,"column":7},"end":{"line":206,"column":1}},"loc":{"start":{"line":169,"column":7},"end":{"line":206,"column":1}},"line":169},"9":{"name":"toPublicConfigFromEnv","decl":{"start":{"line":208,"column":7},"end":{"line":243,"column":1}},"loc":{"start":{"line":208,"column":7},"end":{"line":243,"column":1}},"line":208}},"f":{"0":2,"1":9,"2":3,"3":3,"4":1,"5":1,"6":5,"7":2,"8":2,"9":2}}
,"/Users/huangyuan/Projects/karios-desktop/apps/ai-service/src/json_parse.ts": {"path":"/Users/huangyuan/Projects/karios-desktop/apps/ai-service/src/json_parse.ts","all":false,"statementMap":{"0":{"start":{"line":1,"column":0},"end":{"line":1,"column":59}},"1":{"start":{"line":2,"column":0},"end":{"line":2,"column":25}},"3":{"start":{"line":4,"column":0},"end":{"line":4,"column":11}},"4":{"start":{"line":5,"column":0},"end":{"line":5,"column":46}},"5":{"start":{"line":6,"column":0},"end":{"line":6,"column":76}},"6":{"start":{"line":7,"column":0},"end":{"line":7,"column":11}},"7":{"start":{"line":8,"column":0},"end":{"line":8,"column":7}},"8":{"start":{"line":9,"column":0},"end":{"line":9,"column":25}},"9":{"start":{"line":10,"column":0},"end":{"line":10,"column":11}},"11":{"start":{"line":12,"column":0},"end":{"line":12,"column":33}},"12":{"start":{"line":13,"column":0},"end":{"line":13,"column":35}},"13":{"start":{"line":14,"column":0},"end":{"line":14,"column":36}},"14":{"start":{"line":15,"column":0},"end":{"line":15,"column":51}},"15":{"start":{"line":16,"column":0},"end":{"line":16,"column":31}},"16":{"start":{"line":17,"column":0},"end":{"line":17,"column":5}},"17":{"start":{"line":18,"column":0},"end":{"line":18,"column":44}},"18":{"start":{"line":19,"column":0},"end":{"line":19,"column":3}},"19":{"start":{"line":20,"column":0},"end":{"line":20,"column":1}}},"s":{"0":1,"1":6,"3":6,"4":6,"5":2,"6":4,"7":6,"8":6,"9":6,"11":2,"12":2,"13":2,"14":1,"15":1,"16":1,"17":1,"18":1,"19":6},"branchMap":{"0":{"type":"branch","line":1,"loc":{"start":{"line":1,"column":7},"end":{"line":20,"column":1}},"locations":[{"start":{"line":1,"column":7},"end":{"line":20,"column":1}}]},"1":{"type":"branch","line":5,"loc":{"start":{"line":5,"column":23},"end":{"line":5,"column":46}},"locations":[{"start":{"line":5,"column":23},"end":{"line":5,"column":46}}]},"2":{"type":"branch","line":5,"loc":{"start":{"line":5,"column":45},"end":{"line":6,"column":76}},"locations":[{"start":{"line":5,"column":45},"end":{"line":6,"column":76}}]},"3":{"type":"branch","line":6,"loc":{"start":{"line":6,"column":75},"end":{"line":7,"column":11}},"locations":[{"start":{"line":6,"column":75},"end":{"line":7,"column":11}}]},"4":{"type":"branch","line":10,"loc":{"start":{"line":10,"column":2},"end":{"line":19,"column":3}},"locations":[{"start":{"line":10,"column":2},"end":{"line":19,"column":3}}]},"5":{"type":"branch","line":14,"loc":{"start":{"line":14,"column":17},"end":{"line":14,"column":35}},"locations":[{"start":{"line":14,"column":17},"end":{"line":14,"column":35}}]},"6":{"type":"branch","line":14,"loc":{"start":{"line":14,"column":35},"end":{"line":19,"column":3}},"locations":[{"start":{"line":14,"column":35},"end":{"line":19,"column":3}}]}},"b":{"0":[6],"1":[2],"2":[2],"3":[4],"4":[2],"5":[1],"6":[1]},"fnMap":{"0":{"name":"tryParseJsonObject","decl":{"start":{"line":1,"column":7},"end":{"line":20,"column":1}},"loc":{"start":{"line":1,"column":7},"end":{"line":20,"column":1}},"line":1}},"f":{"0":6}}
}
