{"/Users/huangyuan/Projects/karios-desktop/apps/ai-service/src/app.ts": {"path":"/Users/huangyuan/Projects/karios-desktop/apps/ai-service/src/app.ts","all":false,"statementMap":{"0":{"start":{"line":1,"column":0},"end":{"line":1,"column":33}},"21":{"start":{"line":22,"column":0},"end":{"line":22,"column":46}},"22":{"start":{"line":23,"column":0},"end":{"line":23,"column":47}},"23":{"start":{"line":24,"column":0},"end":{"line":24,"column":1}},"25":{"start":{"line":26,"column":0},"end":{"line":26,"column":50}},"26":{"start":{"line":27,"column":0},"end":{"line":27,"column":7}},"27":{"start":{"line":28,"column":0},"end":{"line":28,"column":38}},"28":{"start":{"line":29,"column":0},"end":{"line":29,"column":11}},"29":{"start":{"line":30,"column":0},"end":{"line":30,"column":21}},"30":{"start":{"line":31,"column":0},"end":{"line":31,"column":3}},"31":{"start":{"line":32,"column":0},"end":{"line":32,"column":1}},"33":{"start":{"line":34,"column":0},"end":{"line":34,"column":51}},"34":{"start":{"line":35,"column":0},"end":{"line":35,"column":7}},"35":{"start":{"line":36,"column":0},"end":{"line":36,"column":29}},"36":{"start":{"line":37,"column":0},"end":{"line":37,"column":11}},"37":{"start":{"line":38,"column":0},"end":{"line":38,"column":21}},"38":{"start":{"line":39,"column":0},"end":{"line":39,"column":3}},"39":{"start":{"line":40,"column":0},"end":{"line":40,"column":1}},"41":{"start":{"line":42,"column":0},"end":{"line":42,"column":57}},"42":{"start":{"line":43,"column":0},"end":{"line":43,"column":46}},"43":{"start":{"line":44,"column":0},"end":{"line":44,"column":34}},"44":{"start":{"line":45,"column":0},"end":{"line":45,"column":49}},"45":{"start":{"line":46,"column":0},"end":{"line":46,"column":83}},"46":{"start":{"line":47,"column":0},"end":{"line":47,"column":25}},"47":{"start":{"line":48,"column":0},"end":{"line":48,"column":37}},"48":{"start":{"line":49,"column":0},"end":{"line":49,"column":31}},"49":{"start":{"line":50,"column":0},"end":{"line":50,"column":25}},"50":{"start":{"line":51,"column":0},"end":{"line":51,"column":22}},"51":{"start":{"line":52,"column":0},"end":{"line":52,"column":98}},"52":{"start":{"line":53,"column":0},"end":{"line":53,"column":21}},"53":{"start":{"line":54,"column":0},"end":{"line":54,"column":63}},"54":{"start":{"line":55,"column":0},"end":{"line":55,"column":17}},"55":{"start":{"line":56,"column":0},"end":{"line":56,"column":7}},"56":{"start":{"line":57,"column":0},"end":{"line":57,"column":28}},"57":{"start":{"line":58,"column":0},"end":{"line":58,"column":49}},"58":{"start":{"line":59,"column":0},"end":{"line":59,"column":5}},"59":{"start":{"line":60,"column":0},"end":{"line":60,"column":28}},"60":{"start":{"line":61,"column":0},"end":{"line":61,"column":3}},"61":{"start":{"line":62,"column":0},"end":{"line":62,"column":30}},"62":{"start":{"line":63,"column":0},"end":{"line":63,"column":45}},"63":{"start":{"line":64,"column":0},"end":{"line":64,"column":34}},"64":{"start":{"line":65,"column":0},"end":{"line":65,"column":40}},"65":{"start":{"line":66,"column":0},"end":{"line":66,"column":31}},"66":{"start":{"line":67,"column":0},"end":{"line":67,"column":34}},"67":{"start":{"line":68,"column":0},"end":{"line":68,"column":25}},"68":{"start":{"line":69,"column":0},"end":{"line":69,"column":22}},"69":{"start":{"line":70,"column":0},"end":{"line":70,"column":22}},"70":{"start":{"line":71,"column":0},"end":{"line":71,"column":34}},"71":{"start":{"line":72,"column":0},"end":{"line":72,"column":34}},"72":{"start":{"line":73,"column":0},"end":{"line":73,"column":33}},"73":{"start":{"line":74,"column":0},"end":{"line":74,"column":21}},"74":{"start":{"line":75,"column":0},"end":{"line":75,"column":69}},"75":{"start":{"line":76,"column":0},"end":{"line":76,"column":17}},"76":{"start":{"line":77,"column":0},"end":{"line":77,"column":7}},"77":{"start":{"line":78,"column":0},"end":{"line":78,"column":32}},"78":{"start":{"line":79,"column":0},"end":{"line":79,"column":50}},"79":{"start":{"line":80,"column":0},"end":{"line":80,"column":5}},"80":{"start":{"line":81,"column":0},"end":{"line":81,"column":28}},"81":{"start":{"line":82,"column":0},"end":{"line":82,"column":3}},"82":{"start":{"line":83,"column":0},"end":{"line":83,"column":30}},"83":{"start":{"line":84,"column":0},"end":{"line":84,"column":1}},"85":{"start":{"line":86,"column":0},"end":{"line":86,"column":57}},"86":{"start":{"line":87,"column":0},"end":{"line":87,"column":74}},"87":{"start":{"line":88,"column":0},"end":{"line":88,"column":83}},"88":{"start":{"line":89,"column":0},"end":{"line":89,"column":3}},"89":{"start":{"line":90,"column":0},"end":{"line":90,"column":49}},"90":{"start":{"line":91,"column":0},"end":{"line":91,"column":26}},"91":{"start":{"line":92,"column":0},"end":{"line":92,"column":11}},"92":{"start":{"line":93,"column":0},"end":{"line":93,"column":14}},"93":{"start":{"line":94,"column":0},"end":{"line":94,"column":20}},"94":{"start":{"line":95,"column":0},"end":{"line":95,"column":19}},"95":{"start":{"line":96,"column":0},"end":{"line":96,"column":16}},"96":{"start":{"line":97,"column":0},"end":{"line":97,"column":18}},"97":{"start":{"line":98,"column":0},"end":{"line":98,"column":23}},"98":{"start":{"line":99,"column":0},"end":{"line":99,"column":22}},"99":{"start":{"line":100,"column":0},"end":{"line":100,"column":19}},"100":{"start":{"line":101,"column":0},"end":{"line":101,"column":15}},"101":{"start":{"line":102,"column":0},"end":{"line":102,"column":14}},"102":{"start":{"line":103,"column":0},"end":{"line":103,"column":24}},"103":{"start":{"line":104,"column":0},"end":{"line":104,"column":13}},"104":{"start":{"line":105,"column":0},"end":{"line":105,"column":22}},"105":{"start":{"line":106,"column":0},"end":{"line":106,"column":13}},"106":{"start":{"line":107,"column":0},"end":{"line":107,"column":4}},"107":{"start":{"line":108,"column":0},"end":{"line":108,"column":32}},"108":{"start":{"line":109,"column":0},"end":{"line":109,"column":31}},"109":{"start":{"line":110,"column":0},"end":{"line":110,"column":35}},"110":{"start":{"line":111,"column":0},"end":{"line":111,"column":70}},"111":{"start":{"line":112,"column":0},"end":{"line":112,"column":3}},"112":{"start":{"line":113,"column":0},"end":{"line":113,"column":63}},"113":{"start":{"line":114,"column":0},"end":{"line":114,"column":24}},"115":{"start":{"line":116,"column":0},"end":{"line":116,"column":15}},"116":{"start":{"line":117,"column":0},"end":{"line":117,"column":28}},"117":{"start":{"line":118,"column":0},"end":{"line":118,"column":33}},"118":{"start":{"line":119,"column":0},"end":{"line":119,"column":60}},"119":{"start":{"line":120,"column":0},"end":{"line":120,"column":3}},"120":{"start":{"line":121,"column":0},"end":{"line":121,"column":88}},"121":{"start":{"line":122,"column":0},"end":{"line":122,"column":1}},"123":{"start":{"line":124,"column":0},"end":{"line":124,"column":27}},"124":{"start":{"line":125,"column":0},"end":{"line":125,"column":9}},"125":{"start":{"line":126,"column":0},"end":{"line":126,"column":13}},"126":{"start":{"line":127,"column":0},"end":{"line":127,"column":10}},"127":{"start":{"line":128,"column":0},"end":{"line":128,"column":4}},"138":{"start":{"line":139,"column":0},"end":{"line":139,"column":3}},"139":{"start":{"line":140,"column":0},"end":{"line":140,"column":59}},"140":{"start":{"line":141,"column":0},"end":{"line":141,"column":57}},"141":{"start":{"line":142,"column":0},"end":{"line":142,"column":56}},"142":{"start":{"line":143,"column":0},"end":{"line":143,"column":24}},"143":{"start":{"line":144,"column":0},"end":{"line":144,"column":30}},"144":{"start":{"line":145,"column":0},"end":{"line":145,"column":12}},"145":{"start":{"line":146,"column":0},"end":{"line":146,"column":17}},"147":{"start":{"line":148,"column":0},"end":{"line":148,"column":16}},"148":{"start":{"line":149,"column":0},"end":{"line":149,"column":17}},"150":{"start":{"line":151,"column":0},"end":{"line":151,"column":20}},"152":{"start":{"line":153,"column":0},"end":{"line":153,"column":10}},"153":{"start":{"line":154,"column":0},"end":{"line":154,"column":11}},"154":{"start":{"line":155,"column":0},"end":{"line":155,"column":15}},"155":{"start":{"line":156,"column":0},"end":{"line":156,"column":23}},"156":{"start":{"line":157,"column":0},"end":{"line":157,"column":22}},"157":{"start":{"line":158,"column":0},"end":{"line":158,"column":20}},"158":{"start":{"line":159,"column":0},"end":{"line":159,"column":19}},"159":{"start":{"line":160,"column":0},"end":{"line":160,"column":4}},"160":{"start":{"line":161,"column":0},"end":{"line":161,"column":1}},"162":{"start":{"line":163,"column":0},"end":{"line":163,"column":66}},"163":{"start":{"line":164,"column":0},"end":{"line":164,"column":31}},"164":{"start":{"line":165,"column":0},"end":{"line":165,"column":27}},"165":{"start":{"line":166,"column":0},"end":{"line":166,"column":1}},"167":{"start":{"line":168,"column":0},"end":{"line":168,"column":69}},"170":{"start":{"line":171,"column":0},"end":{"line":171,"column":32}},"171":{"start":{"line":172,"column":0},"end":{"line":172,"column":41}},"172":{"start":{"line":173,"column":0},"end":{"line":173,"column":14}},"173":{"start":{"line":174,"column":0},"end":{"line":174,"column":53}},"174":{"start":{"line":175,"column":0},"end":{"line":175,"column":39}},"175":{"start":{"line":176,"column":0},"end":{"line":176,"column":5}},"177":{"start":{"line":178,"column":0},"end":{"line":178,"column":39}},"178":{"start":{"line":179,"column":0},"end":{"line":179,"column":11}},"179":{"start":{"line":180,"column":0},"end":{"line":180,"column":3}},"180":{"start":{"line":181,"column":0},"end":{"line":181,"column":1}},"182":{"start":{"line":183,"column":0},"end":{"line":183,"column":27}},"183":{"start":{"line":184,"column":0},"end":{"line":184,"column":45}},"184":{"start":{"line":185,"column":0},"end":{"line":185,"column":43}},"185":{"start":{"line":186,"column":0},"end":{"line":186,"column":35}},"186":{"start":{"line":187,"column":0},"end":{"line":187,"column":23}},"187":{"start":{"line":188,"column":0},"end":{"line":188,"column":57}},"188":{"start":{"line":189,"column":0},"end":{"line":189,"column":1}},"190":{"start":{"line":191,"column":0},"end":{"line":191,"column":64}},"194":{"start":{"line":195,"column":0},"end":{"line":195,"column":3}},"195":{"start":{"line":196,"column":0},"end":{"line":196,"column":32}},"196":{"start":{"line":197,"column":0},"end":{"line":197,"column":24}},"197":{"start":{"line":198,"column":0},"end":{"line":198,"column":80}},"198":{"start":{"line":199,"column":0},"end":{"line":199,"column":3}},"200":{"start":{"line":201,"column":0},"end":{"line":201,"column":32}},"201":{"start":{"line":202,"column":0},"end":{"line":202,"column":77}},"203":{"start":{"line":204,"column":0},"end":{"line":204,"column":56}},"204":{"start":{"line":205,"column":0},"end":{"line":205,"column":39}},"205":{"start":{"line":206,"column":0},"end":{"line":206,"column":13}},"206":{"start":{"line":207,"column":0},"end":{"line":207,"column":14}},"207":{"start":{"line":208,"column":0},"end":{"line":208,"column":7}},"209":{"start":{"line":210,"column":0},"end":{"line":210,"column":91}},"210":{"start":{"line":211,"column":0},"end":{"line":211,"column":3}},"212":{"start":{"line":213,"column":0},"end":{"line":213,"column":48}},"213":{"start":{"line":214,"column":0},"end":{"line":214,"column":57}},"215":{"start":{"line":216,"column":0},"end":{"line":216,"column":86}},"216":{"start":{"line":217,"column":0},"end":{"line":217,"column":89}},"217":{"start":{"line":218,"column":0},"end":{"line":218,"column":1}},"219":{"start":{"line":220,"column":0},"end":{"line":220,"column":99}},"220":{"start":{"line":221,"column":0},"end":{"line":221,"column":86}},"221":{"start":{"line":222,"column":0},"end":{"line":222,"column":59}},"223":{"start":{"line":224,"column":0},"end":{"line":224,"column":40}},"224":{"start":{"line":225,"column":0},"end":{"line":225,"column":57}},"226":{"start":{"line":227,"column":0},"end":{"line":227,"column":16}},"227":{"start":{"line":228,"column":0},"end":{"line":228,"column":57}},"228":{"start":{"line":229,"column":0},"end":{"line":229,"column":99}},"229":{"start":{"line":230,"column":0},"end":{"line":230,"column":77}},"230":{"start":{"line":231,"column":0},"end":{"line":231,"column":3}},"232":{"start":{"line":233,"column":0},"end":{"line":233,"column":34}},"233":{"start":{"line":234,"column":0},"end":{"line":234,"column":1}},"235":{"start":{"line":236,"column":0},"end":{"line":236,"column":44}},"236":{"start":{"line":237,"column":0},"end":{"line":237,"column":26}},"237":{"start":{"line":238,"column":0},"end":{"line":238,"column":51}},"238":{"start":{"line":239,"column":0},"end":{"line":239,"column":29}},"239":{"start":{"line":240,"column":0},"end":{"line":240,"column":36}},"240":{"start":{"line":241,"column":0},"end":{"line":241,"column":11}},"241":{"start":{"line":242,"column":0},"end":{"line":242,"column":13}},"242":{"start":{"line":243,"column":0},"end":{"line":243,"column":36}},"243":{"start":{"line":244,"column":0},"end":{"line":244,"column":37}},"244":{"start":{"line":245,"column":0},"end":{"line":245,"column":6}},"245":{"start":{"line":246,"column":0},"end":{"line":246,"column":16}},"246":{"start":{"line":247,"column":0},"end":{"line":247,"column":11}},"247":{"start":{"line":248,"column":0},"end":{"line":248,"column":13}},"248":{"start":{"line":249,"column":0},"end":{"line":249,"column":36}},"249":{"start":{"line":250,"column":0},"end":{"line":250,"column":6}},"250":{"start":{"line":251,"column":0},"end":{"line":251,"column":16}},"251":{"start":{"line":252,"column":0},"end":{"line":252,"column":11}},"252":{"start":{"line":253,"column":0},"end":{"line":253,"column":13}},"253":{"start":{"line":254,"column":0},"end":{"line":254,"column":37}},"254":{"start":{"line":255,"column":0},"end":{"line":255,"column":36}},"255":{"start":{"line":256,"column":0},"end":{"line":256,"column":6}},"256":{"start":{"line":257,"column":0},"end":{"line":257,"column":16}},"257":{"start":{"line":258,"column":0},"end":{"line":258,"column":3}},"259":{"start":{"line":260,"column":0},"end":{"line":260,"column":78}},"260":{"start":{"line":261,"column":0},"end":{"line":261,"column":36}},"261":{"start":{"line":262,"column":0},"end":{"line":262,"column":3}},"263":{"start":{"line":264,"column":0},"end":{"line":264,"column":40}},"264":{"start":{"line":265,"column":0},"end":{"line":265,"column":31}},"265":{"start":{"line":266,"column":0},"end":{"line":266,"column":3}},"267":{"start":{"line":268,"column":0},"end":{"line":268,"column":35}},"268":{"start":{"line":269,"column":0},"end":{"line":269,"column":42}},"269":{"start":{"line":270,"column":0},"end":{"line":270,"column":3}},"272":{"start":{"line":273,"column":0},"end":{"line":273,"column":37}},"273":{"start":{"line":274,"column":0},"end":{"line":274,"column":36}},"274":{"start":{"line":275,"column":0},"end":{"line":275,"column":38}},"275":{"start":{"line":276,"column":0},"end":{"line":276,"column":3}},"277":{"start":{"line":278,"column":0},"end":{"line":278,"column":45}},"278":{"start":{"line":279,"column":0},"end":{"line":279,"column":34}},"279":{"start":{"line":280,"column":0},"end":{"line":280,"column":3}},"281":{"start":{"line":282,"column":0},"end":{"line":282,"column":46}},"282":{"start":{"line":283,"column":0},"end":{"line":283,"column":16}},"283":{"start":{"line":284,"column":0},"end":{"line":284,"column":23}},"284":{"start":{"line":285,"column":0},"end":{"line":285,"column":16}},"285":{"start":{"line":286,"column":0},"end":{"line":286,"column":25}},"286":{"start":{"line":287,"column":0},"end":{"line":287,"column":13}},"287":{"start":{"line":288,"column":0},"end":{"line":288,"column":27}},"288":{"start":{"line":289,"column":0},"end":{"line":289,"column":14}},"289":{"start":{"line":290,"column":0},"end":{"line":290,"column":5}},"290":{"start":{"line":291,"column":0},"end":{"line":291,"column":30}},"291":{"start":{"line":292,"column":0},"end":{"line":292,"column":26}},"292":{"start":{"line":293,"column":0},"end":{"line":293,"column":37}},"293":{"start":{"line":294,"column":0},"end":{"line":294,"column":3}},"295":{"start":{"line":296,"column":0},"end":{"line":296,"column":45}},"296":{"start":{"line":297,"column":0},"end":{"line":297,"column":26}},"297":{"start":{"line":298,"column":0},"end":{"line":298,"column":31}},"298":{"start":{"line":299,"column":0},"end":{"line":299,"column":38}},"299":{"start":{"line":300,"column":0},"end":{"line":300,"column":39}},"300":{"start":{"line":301,"column":0},"end":{"line":301,"column":29}},"301":{"start":{"line":302,"column":0},"end":{"line":302,"column":3}},"303":{"start":{"line":304,"column":0},"end":{"line":304,"column":46}},"304":{"start":{"line":305,"column":0},"end":{"line":305,"column":21}},"305":{"start":{"line":306,"column":0},"end":{"line":306,"column":21}},"306":{"start":{"line":307,"column":0},"end":{"line":307,"column":21}},"307":{"start":{"line":308,"column":0},"end":{"line":308,"column":19}},"308":{"start":{"line":309,"column":0},"end":{"line":309,"column":36}},"309":{"start":{"line":310,"column":0},"end":{"line":310,"column":39}},"310":{"start":{"line":311,"column":0},"end":{"line":311,"column":18}},"311":{"start":{"line":312,"column":0},"end":{"line":312,"column":19}},"312":{"start":{"line":313,"column":0},"end":{"line":313,"column":13}},"313":{"start":{"line":314,"column":0},"end":{"line":314,"column":39}},"314":{"start":{"line":315,"column":0},"end":{"line":315,"column":38}},"315":{"start":{"line":316,"column":0},"end":{"line":316,"column":43}},"316":{"start":{"line":317,"column":0},"end":{"line":317,"column":38}},"317":{"start":{"line":318,"column":0},"end":{"line":318,"column":6}},"318":{"start":{"line":319,"column":0},"end":{"line":319,"column":16}},"319":{"start":{"line":320,"column":0},"end":{"line":320,"column":3}},"321":{"start":{"line":322,"column":0},"end":{"line":322,"column":51}},"322":{"start":{"line":323,"column":0},"end":{"line":323,"column":19}},"323":{"start":{"line":324,"column":0},"end":{"line":324,"column":24}},"324":{"start":{"line":325,"column":0},"end":{"line":325,"column":27}},"325":{"start":{"line":326,"column":0},"end":{"line":326,"column":58}},"326":{"start":{"line":327,"column":0},"end":{"line":327,"column":20}},"327":{"start":{"line":328,"column":0},"end":{"line":328,"column":23}},"328":{"start":{"line":329,"column":0},"end":{"line":329,"column":23}},"329":{"start":{"line":330,"column":0},"end":{"line":330,"column":5}},"330":{"start":{"line":331,"column":0},"end":{"line":331,"column":44}},"331":{"start":{"line":332,"column":0},"end":{"line":332,"column":20}},"332":{"start":{"line":333,"column":0},"end":{"line":333,"column":3}},"334":{"start":{"line":335,"column":0},"end":{"line":335,"column":54}},"335":{"start":{"line":336,"column":0},"end":{"line":336,"column":19}},"336":{"start":{"line":337,"column":0},"end":{"line":337,"column":24}},"337":{"start":{"line":338,"column":0},"end":{"line":338,"column":27}},"338":{"start":{"line":339,"column":0},"end":{"line":339,"column":23}},"339":{"start":{"line":340,"column":0},"end":{"line":340,"column":20}},"340":{"start":{"line":341,"column":0},"end":{"line":341,"column":3}},"342":{"start":{"line":343,"column":0},"end":{"line":343,"column":43}},"343":{"start":{"line":344,"column":0},"end":{"line":344,"column":26}},"344":{"start":{"line":345,"column":0},"end":{"line":345,"column":29}},"345":{"start":{"line":346,"column":0},"end":{"line":346,"column":3}},"347":{"start":{"line":348,"column":0},"end":{"line":348,"column":38}},"348":{"start":{"line":349,"column":0},"end":{"line":349,"column":41}},"349":{"start":{"line":350,"column":0},"end":{"line":350,"column":42}},"350":{"start":{"line":351,"column":0},"end":{"line":351,"column":30}},"351":{"start":{"line":352,"column":0},"end":{"line":352,"column":3}},"353":{"start":{"line":354,"column":0},"end":{"line":354,"column":38}},"354":{"start":{"line":355,"column":0},"end":{"line":355,"column":41}},"355":{"start":{"line":356,"column":0},"end":{"line":356,"column":24}},"356":{"start":{"line":357,"column":0},"end":{"line":357,"column":54}},"357":{"start":{"line":358,"column":0},"end":{"line":358,"column":3}},"359":{"start":{"line":360,"column":0},"end":{"line":360,"column":42}},"360":{"start":{"line":361,"column":0},"end":{"line":361,"column":45}},"361":{"start":{"line":362,"column":0},"end":{"line":362,"column":56}},"362":{"start":{"line":363,"column":0},"end":{"line":363,"column":30}},"363":{"start":{"line":364,"column":0},"end":{"line":364,"column":3}},"365":{"start":{"line":366,"column":0},"end":{"line":366,"column":35}},"366":{"start":{"line":367,"column":0},"end":{"line":367,"column":21}},"367":{"start":{"line":368,"column":0},"end":{"line":368,"column":21}},"368":{"start":{"line":369,"column":0},"end":{"line":369,"column":21}},"369":{"start":{"line":370,"column":0},"end":{"line":370,"column":19}},"370":{"start":{"line":371,"column":0},"end":{"line":371,"column":36}},"371":{"start":{"line":372,"column":0},"end":{"line":372,"column":21}},"372":{"start":{"line":373,"column":0},"end":{"line":373,"column":48}},"373":{"start":{"line":374,"column":0},"end":{"line":374,"column":56}},"374":{"start":{"line":375,"column":0},"end":{"line":375,"column":31}},"375":{"start":{"line":376,"column":0},"end":{"line":376,"column":55}},"376":{"start":{"line":377,"column":0},"end":{"line":377,"column":27}},"377":{"start":{"line":378,"column":0},"end":{"line":378,"column":39}},"378":{"start":{"line":379,"column":0},"end":{"line":379,"column":46}},"379":{"start":{"line":380,"column":0},"end":{"line":380,"column":43}},"380":{"start":{"line":381,"column":0},"end":{"line":381,"column":18}},"381":{"start":{"line":382,"column":0},"end":{"line":382,"column":13}},"382":{"start":{"line":383,"column":0},"end":{"line":383,"column":49}},"383":{"start":{"line":384,"column":0},"end":{"line":384,"column":48}},"384":{"start":{"line":385,"column":0},"end":{"line":385,"column":44}},"385":{"start":{"line":386,"column":0},"end":{"line":386,"column":6}},"386":{"start":{"line":387,"column":0},"end":{"line":387,"column":16}},"387":{"start":{"line":388,"column":0},"end":{"line":388,"column":45}},"388":{"start":{"line":389,"column":0},"end":{"line":389,"column":3}},"390":{"start":{"line":391,"column":0},"end":{"line":391,"column":44}},"391":{"start":{"line":392,"column":0},"end":{"line":392,"column":19}},"392":{"start":{"line":393,"column":0},"end":{"line":393,"column":44}},"393":{"start":{"line":394,"column":0},"end":{"line":394,"column":20}},"394":{"start":{"line":395,"column":0},"end":{"line":395,"column":3}},"396":{"start":{"line":397,"column":0},"end":{"line":397,"column":43}},"397":{"start":{"line":398,"column":0},"end":{"line":398,"column":40}},"398":{"start":{"line":399,"column":0},"end":{"line":399,"column":26}},"399":{"start":{"line":400,"column":0},"end":{"line":400,"column":30}},"400":{"start":{"line":401,"column":0},"end":{"line":401,"column":3}},"402":{"start":{"line":403,"column":0},"end":{"line":403,"column":47}},"403":{"start":{"line":404,"column":0},"end":{"line":404,"column":26}},"404":{"start":{"line":405,"column":0},"end":{"line":405,"column":59}},"405":{"start":{"line":406,"column":0},"end":{"line":406,"column":40}},"406":{"start":{"line":407,"column":0},"end":{"line":407,"column":3}},"408":{"start":{"line":409,"column":0},"end":{"line":409,"column":45}},"409":{"start":{"line":410,"column":0},"end":{"line":410,"column":40}},"410":{"start":{"line":411,"column":0},"end":{"line":411,"column":19}},"411":{"start":{"line":412,"column":0},"end":{"line":412,"column":41}},"412":{"start":{"line":413,"column":0},"end":{"line":413,"column":49}},"413":{"start":{"line":414,"column":0},"end":{"line":414,"column":38}},"414":{"start":{"line":415,"column":0},"end":{"line":415,"column":44}},"415":{"start":{"line":416,"column":0},"end":{"line":416,"column":3}},"417":{"start":{"line":418,"column":0},"end":{"line":418,"column":48}},"418":{"start":{"line":419,"column":0},"end":{"line":419,"column":19}},"419":{"start":{"line":420,"column":0},"end":{"line":420,"column":46}},"420":{"start":{"line":421,"column":0},"end":{"line":421,"column":20}},"421":{"start":{"line":422,"column":0},"end":{"line":422,"column":3}},"423":{"start":{"line":424,"column":0},"end":{"line":424,"column":48}},"424":{"start":{"line":425,"column":0},"end":{"line":425,"column":28}},"425":{"start":{"line":426,"column":0},"end":{"line":426,"column":28}},"426":{"start":{"line":427,"column":0},"end":{"line":427,"column":30}},"427":{"start":{"line":428,"column":0},"end":{"line":428,"column":30}},"428":{"start":{"line":429,"column":0},"end":{"line":429,"column":3}},"430":{"start":{"line":431,"column":0},"end":{"line":431,"column":48}},"431":{"start":{"line":432,"column":0},"end":{"line":432,"column":28}},"432":{"start":{"line":433,"column":0},"end":{"line":433,"column":30}},"433":{"start":{"line":434,"column":0},"end":{"line":434,"column":27}},"434":{"start":{"line":435,"column":0},"end":{"line":435,"column":45}},"435":{"start":{"line":436,"column":0},"end":{"line":436,"column":68}},"436":{"start":{"line":437,"column":0},"end":{"line":437,"column":40}},"437":{"start":{"line":438,"column":0},"end":{"line":438,"column":3}},"439":{"start":{"line":440,"column":0},"end":{"line":440,"column":43}},"440":{"start":{"line":441,"column":0},"end":{"line":441,"column":35}},"441":{"start":{"line":442,"column":0},"end":{"line":442,"column":57}},"442":{"start":{"line":443,"column":0},"end":{"line":443,"column":3}},"444":{"start":{"line":445,"column":0},"end":{"line":445,"column":45}},"445":{"start":{"line":446,"column":0},"end":{"line":446,"column":28}},"446":{"start":{"line":447,"column":0},"end":{"line":447,"column":41}},"447":{"start":{"line":448,"column":0},"end":{"line":448,"column":62}},"448":{"start":{"line":449,"column":0},"end":{"line":449,"column":51}},"449":{"start":{"line":450,"column":0},"end":{"line":450,"column":3}},"451":{"start":{"line":452,"column":0},"end":{"line":452,"column":49}},"452":{"start":{"line":453,"column":0},"end":{"line":453,"column":21}},"453":{"start":{"line":454,"column":0},"end":{"line":454,"column":23}},"454":{"start":{"line":455,"column":0},"end":{"line":455,"column":45}},"455":{"start":{"line":456,"column":0},"end":{"line":456,"column":20}},"456":{"start":{"line":457,"column":0},"end":{"line":457,"column":3}},"458":{"start":{"line":459,"column":0},"end":{"line":459,"column":42}},"459":{"start":{"line":460,"column":0},"end":{"line":460,"column":21}},"460":{"start":{"line":461,"column":0},"end":{"line":461,"column":21}},"461":{"start":{"line":462,"column":0},"end":{"line":462,"column":21}},"462":{"start":{"line":463,"column":0},"end":{"line":463,"column":19}},"463":{"start":{"line":464,"column":0},"end":{"line":464,"column":36}},"464":{"start":{"line":465,"column":0},"end":{"line":465,"column":32}},"465":{"start":{"line":466,"column":0},"end":{"line":466,"column":18}},"466":{"start":{"line":467,"column":0},"end":{"line":467,"column":3}},"468":{"start":{"line":469,"column":0},"end":{"line":469,"column":38}},"469":{"start":{"line":470,"column":0},"end":{"line":470,"column":19}},"470":{"start":{"line":471,"column":0},"end":{"line":471,"column":32}},"471":{"start":{"line":472,"column":0},"end":{"line":472,"column":22}},"472":{"start":{"line":473,"column":0},"end":{"line":473,"column":18}},"473":{"start":{"line":474,"column":0},"end":{"line":474,"column":37}},"474":{"start":{"line":475,"column":0},"end":{"line":475,"column":31}},"475":{"start":{"line":476,"column":0},"end":{"line":476,"column":3}},"477":{"start":{"line":478,"column":0},"end":{"line":478,"column":47}},"478":{"start":{"line":479,"column":0},"end":{"line":479,"column":21}},"479":{"start":{"line":480,"column":0},"end":{"line":480,"column":21}},"480":{"start":{"line":481,"column":0},"end":{"line":481,"column":19}},"481":{"start":{"line":482,"column":0},"end":{"line":482,"column":21}},"482":{"start":{"line":483,"column":0},"end":{"line":483,"column":20}},"483":{"start":{"line":484,"column":0},"end":{"line":484,"column":33}},"484":{"start":{"line":485,"column":0},"end":{"line":485,"column":36}},"485":{"start":{"line":486,"column":0},"end":{"line":486,"column":39}},"486":{"start":{"line":487,"column":0},"end":{"line":487,"column":5}},"487":{"start":{"line":488,"column":0},"end":{"line":488,"column":39}},"488":{"start":{"line":489,"column":0},"end":{"line":489,"column":29}},"489":{"start":{"line":490,"column":0},"end":{"line":490,"column":33}},"490":{"start":{"line":491,"column":0},"end":{"line":491,"column":3}},"492":{"start":{"line":493,"column":0},"end":{"line":493,"column":46}},"493":{"start":{"line":494,"column":0},"end":{"line":494,"column":19}},"494":{"start":{"line":495,"column":0},"end":{"line":495,"column":24}},"495":{"start":{"line":496,"column":0},"end":{"line":496,"column":27}},"496":{"start":{"line":497,"column":0},"end":{"line":497,"column":54}},"497":{"start":{"line":498,"column":0},"end":{"line":498,"column":20}},"498":{"start":{"line":499,"column":0},"end":{"line":499,"column":23}},"499":{"start":{"line":500,"column":0},"end":{"line":500,"column":23}},"500":{"start":{"line":501,"column":0},"end":{"line":501,"column":5}},"501":{"start":{"line":502,"column":0},"end":{"line":502,"column":64}},"502":{"start":{"line":503,"column":0},"end":{"line":503,"column":33}},"503":{"start":{"line":504,"column":0},"end":{"line":504,"column":20}},"504":{"start":{"line":505,"column":0},"end":{"line":505,"column":3}},"506":{"start":{"line":507,"column":0},"end":{"line":507,"column":30}},"507":{"start":{"line":508,"column":0},"end":{"line":508,"column":21}},"509":{"start":{"line":510,"column":0},"end":{"line":510,"column":25}},"510":{"start":{"line":511,"column":0},"end":{"line":511,"column":42}},"511":{"start":{"line":512,"column":0},"end":{"line":512,"column":67}},"512":{"start":{"line":513,"column":0},"end":{"line":513,"column":15}},"513":{"start":{"line":514,"column":0},"end":{"line":514,"column":95}},"514":{"start":{"line":515,"column":0},"end":{"line":515,"column":73}},"515":{"start":{"line":516,"column":0},"end":{"line":516,"column":3}},"517":{"start":{"line":518,"column":0},"end":{"line":518,"column":49}},"520":{"start":{"line":521,"column":0},"end":{"line":521,"column":33}},"521":{"start":{"line":522,"column":0},"end":{"line":522,"column":40}},"522":{"start":{"line":523,"column":0},"end":{"line":523,"column":38}},"523":{"start":{"line":524,"column":0},"end":{"line":524,"column":15}},"524":{"start":{"line":525,"column":0},"end":{"line":525,"column":19}},"525":{"start":{"line":526,"column":0},"end":{"line":526,"column":25}},"526":{"start":{"line":527,"column":0},"end":{"line":527,"column":28}},"527":{"start":{"line":528,"column":0},"end":{"line":528,"column":19}},"528":{"start":{"line":529,"column":0},"end":{"line":529,"column":88}},"529":{"start":{"line":530,"column":0},"end":{"line":530,"column":7}},"530":{"start":{"line":531,"column":0},"end":{"line":531,"column":3}},"531":{"start":{"line":532,"column":0},"end":{"line":532,"column":17}},"532":{"start":{"line":533,"column":0},"end":{"line":533,"column":19}},"533":{"start":{"line":534,"column":0},"end":{"line":534,"column":43}},"534":{"start":{"line":535,"column":0},"end":{"line":535,"column":50}},"535":{"start":{"line":536,"column":0},"end":{"line":536,"column":86}},"536":{"start":{"line":537,"column":0},"end":{"line":537,"column":5}},"537":{"start":{"line":538,"column":0},"end":{"line":538,"column":3}},"539":{"start":{"line":540,"column":0},"end":{"line":540,"column":43}},"540":{"start":{"line":541,"column":0},"end":{"line":541,"column":52}},"541":{"start":{"line":542,"column":0},"end":{"line":542,"column":59}},"542":{"start":{"line":543,"column":0},"end":{"line":543,"column":24}},"543":{"start":{"line":544,"column":0},"end":{"line":544,"column":87}},"544":{"start":{"line":545,"column":0},"end":{"line":545,"column":3}},"546":{"start":{"line":547,"column":0},"end":{"line":547,"column":26}},"547":{"start":{"line":548,"column":0},"end":{"line":548,"column":46}},"548":{"start":{"line":549,"column":0},"end":{"line":549,"column":24}},"549":{"start":{"line":550,"column":0},"end":{"line":550,"column":26}},"550":{"start":{"line":551,"column":0},"end":{"line":551,"column":17}},"551":{"start":{"line":552,"column":0},"end":{"line":552,"column":4}},"553":{"start":{"line":554,"column":0},"end":{"line":554,"column":28}},"554":{"start":{"line":555,"column":0},"end":{"line":555,"column":82}},"555":{"start":{"line":556,"column":0},"end":{"line":556,"column":60}},"556":{"start":{"line":557,"column":0},"end":{"line":557,"column":3}},"557":{"start":{"line":558,"column":0},"end":{"line":558,"column":82}},"558":{"start":{"line":559,"column":0},"end":{"line":559,"column":60}},"559":{"start":{"line":560,"column":0},"end":{"line":560,"column":3}},"560":{"start":{"line":561,"column":0},"end":{"line":561,"column":41}},"561":{"start":{"line":562,"column":0},"end":{"line":562,"column":7}},"562":{"start":{"line":563,"column":0},"end":{"line":563,"column":26}},"563":{"start":{"line":564,"column":0},"end":{"line":564,"column":27}},"564":{"start":{"line":565,"column":0},"end":{"line":565,"column":32}},"565":{"start":{"line":566,"column":0},"end":{"line":566,"column":11}},"566":{"start":{"line":567,"column":0},"end":{"line":567,"column":31}},"567":{"start":{"line":568,"column":0},"end":{"line":568,"column":11}},"568":{"start":{"line":569,"column":0},"end":{"line":569,"column":77}},"569":{"start":{"line":570,"column":0},"end":{"line":570,"column":66}},"570":{"start":{"line":571,"column":0},"end":{"line":571,"column":11}},"571":{"start":{"line":572,"column":0},"end":{"line":572,"column":20}},"572":{"start":{"line":573,"column":0},"end":{"line":573,"column":11}},"573":{"start":{"line":574,"column":0},"end":{"line":574,"column":31}},"574":{"start":{"line":575,"column":0},"end":{"line":575,"column":11}},"575":{"start":{"line":576,"column":0},"end":{"line":576,"column":77}},"576":{"start":{"line":577,"column":0},"end":{"line":577,"column":11}},"577":{"start":{"line":578,"column":0},"end":{"line":578,"column":20}},"578":{"start":{"line":579,"column":0},"end":{"line":579,"column":11}},"579":{"start":{"line":580,"column":0},"end":{"line":580,"column":31}},"580":{"start":{"line":581,"column":0},"end":{"line":581,"column":11}},"581":{"start":{"line":582,"column":0},"end":{"line":582,"column":97}},"582":{"start":{"line":583,"column":0},"end":{"line":583,"column":64}},"583":{"start":{"line":584,"column":0},"end":{"line":584,"column":11}},"584":{"start":{"line":585,"column":0},"end":{"line":585,"column":20}},"585":{"start":{"line":586,"column":0},"end":{"line":586,"column":5}},"587":{"start":{"line":588,"column":0},"end":{"line":588,"column":31}},"588":{"start":{"line":589,"column":0},"end":{"line":589,"column":48}},"589":{"start":{"line":590,"column":0},"end":{"line":590,"column":31}},"590":{"start":{"line":591,"column":0},"end":{"line":591,"column":3}},"592":{"start":{"line":593,"column":0},"end":{"line":593,"column":31}},"593":{"start":{"line":594,"column":0},"end":{"line":594,"column":17}},"594":{"start":{"line":595,"column":0},"end":{"line":595,"column":19}},"595":{"start":{"line":596,"column":0},"end":{"line":596,"column":43}},"596":{"start":{"line":597,"column":0},"end":{"line":597,"column":50}},"597":{"start":{"line":598,"column":0},"end":{"line":598,"column":17}},"598":{"start":{"line":599,"column":0},"end":{"line":599,"column":42}},"599":{"start":{"line":600,"column":0},"end":{"line":600,"column":90}},"600":{"start":{"line":601,"column":0},"end":{"line":601,"column":9}},"601":{"start":{"line":602,"column":0},"end":{"line":602,"column":5}},"602":{"start":{"line":603,"column":0},"end":{"line":603,"column":3}},"604":{"start":{"line":605,"column":0},"end":{"line":605,"column":46}},"605":{"start":{"line":606,"column":0},"end":{"line":606,"column":31}},"606":{"start":{"line":607,"column":0},"end":{"line":607,"column":52}},"607":{"start":{"line":608,"column":0},"end":{"line":608,"column":59}},"608":{"start":{"line":609,"column":0},"end":{"line":609,"column":24}},"609":{"start":{"line":610,"column":0},"end":{"line":610,"column":87}},"610":{"start":{"line":611,"column":0},"end":{"line":611,"column":3}},"612":{"start":{"line":613,"column":0},"end":{"line":613,"column":40}},"613":{"start":{"line":614,"column":0},"end":{"line":614,"column":69}},"615":{"start":{"line":616,"column":0},"end":{"line":616,"column":59}},"616":{"start":{"line":617,"column":0},"end":{"line":617,"column":66}},"618":{"start":{"line":619,"column":0},"end":{"line":619,"column":36}},"619":{"start":{"line":620,"column":0},"end":{"line":620,"column":26}},"621":{"start":{"line":622,"column":0},"end":{"line":622,"column":40}},"622":{"start":{"line":623,"column":0},"end":{"line":623,"column":12}},"623":{"start":{"line":624,"column":0},"end":{"line":624,"column":49}},"624":{"start":{"line":625,"column":0},"end":{"line":625,"column":44}},"625":{"start":{"line":626,"column":0},"end":{"line":626,"column":61}},"626":{"start":{"line":627,"column":0},"end":{"line":627,"column":11}},"627":{"start":{"line":628,"column":0},"end":{"line":628,"column":50}},"628":{"start":{"line":629,"column":0},"end":{"line":629,"column":11}},"629":{"start":{"line":630,"column":0},"end":{"line":630,"column":93}},"630":{"start":{"line":631,"column":0},"end":{"line":631,"column":20}},"631":{"start":{"line":632,"column":0},"end":{"line":632,"column":96}},"632":{"start":{"line":633,"column":0},"end":{"line":633,"column":11}},"633":{"start":{"line":634,"column":0},"end":{"line":634,"column":20}},"634":{"start":{"line":635,"column":0},"end":{"line":635,"column":11}},"635":{"start":{"line":636,"column":0},"end":{"line":636,"column":50}},"636":{"start":{"line":637,"column":0},"end":{"line":637,"column":11}},"637":{"start":{"line":638,"column":0},"end":{"line":638,"column":93}},"638":{"start":{"line":639,"column":0},"end":{"line":639,"column":11}},"639":{"start":{"line":640,"column":0},"end":{"line":640,"column":20}},"640":{"start":{"line":641,"column":0},"end":{"line":641,"column":11}},"641":{"start":{"line":642,"column":0},"end":{"line":642,"column":50}},"642":{"start":{"line":643,"column":0},"end":{"line":643,"column":11}},"643":{"start":{"line":644,"column":0},"end":{"line":644,"column":20}},"644":{"start":{"line":645,"column":0},"end":{"line":645,"column":61}},"645":{"start":{"line":646,"column":0},"end":{"line":646,"column":37}},"646":{"start":{"line":647,"column":0},"end":{"line":647,"column":42}},"647":{"start":{"line":648,"column":0},"end":{"line":648,"column":100}},"648":{"start":{"line":649,"column":0},"end":{"line":649,"column":11}},"649":{"start":{"line":650,"column":0},"end":{"line":650,"column":20}},"650":{"start":{"line":651,"column":0},"end":{"line":651,"column":5}},"652":{"start":{"line":653,"column":0},"end":{"line":653,"column":31}},"653":{"start":{"line":654,"column":0},"end":{"line":654,"column":48}},"654":{"start":{"line":655,"column":0},"end":{"line":655,"column":31}},"655":{"start":{"line":656,"column":0},"end":{"line":656,"column":38}},"656":{"start":{"line":657,"column":0},"end":{"line":657,"column":17}},"657":{"start":{"line":658,"column":0},"end":{"line":658,"column":19}},"658":{"start":{"line":659,"column":0},"end":{"line":659,"column":43}},"659":{"start":{"line":660,"column":0},"end":{"line":660,"column":50}},"660":{"start":{"line":661,"column":0},"end":{"line":661,"column":86}},"661":{"start":{"line":662,"column":0},"end":{"line":662,"column":5}},"662":{"start":{"line":663,"column":0},"end":{"line":663,"column":3}},"664":{"start":{"line":665,"column":0},"end":{"line":665,"column":49}},"665":{"start":{"line":666,"column":0},"end":{"line":666,"column":31}},"666":{"start":{"line":667,"column":0},"end":{"line":667,"column":40}},"667":{"start":{"line":668,"column":0},"end":{"line":668,"column":69}},"669":{"start":{"line":670,"column":0},"end":{"line":670,"column":39}},"670":{"start":{"line":671,"column":0},"end":{"line":671,"column":61}},"671":{"start":{"line":672,"column":0},"end":{"line":672,"column":91}},"673":{"start":{"line":674,"column":0},"end":{"line":674,"column":37}},"674":{"start":{"line":675,"column":0},"end":{"line":675,"column":58}},"675":{"start":{"line":676,"column":0},"end":{"line":676,"column":3}},"676":{"start":{"line":677,"column":0},"end":{"line":677,"column":31}},"677":{"start":{"line":678,"column":0},"end":{"line":678,"column":38}},"678":{"start":{"line":679,"column":0},"end":{"line":679,"column":17}},"679":{"start":{"line":680,"column":0},"end":{"line":680,"column":19}},"680":{"start":{"line":681,"column":0},"end":{"line":681,"column":43}},"681":{"start":{"line":682,"column":0},"end":{"line":682,"column":50}},"682":{"start":{"line":683,"column":0},"end":{"line":683,"column":86}},"683":{"start":{"line":684,"column":0},"end":{"line":684,"column":5}},"684":{"start":{"line":685,"column":0},"end":{"line":685,"column":3}},"686":{"start":{"line":687,"column":0},"end":{"line":687,"column":41}},"687":{"start":{"line":688,"column":0},"end":{"line":688,"column":52}},"688":{"start":{"line":689,"column":0},"end":{"line":689,"column":55}},"689":{"start":{"line":690,"column":0},"end":{"line":690,"column":24}},"690":{"start":{"line":691,"column":0},"end":{"line":691,"column":87}},"691":{"start":{"line":692,"column":0},"end":{"line":692,"column":3}},"692":{"start":{"line":693,"column":0},"end":{"line":693,"column":40}},"693":{"start":{"line":694,"column":0},"end":{"line":694,"column":69}},"694":{"start":{"line":695,"column":0},"end":{"line":695,"column":76}},"695":{"start":{"line":696,"column":0},"end":{"line":696,"column":66}},"696":{"start":{"line":697,"column":0},"end":{"line":697,"column":48}},"697":{"start":{"line":698,"column":0},"end":{"line":698,"column":31}},"698":{"start":{"line":699,"column":0},"end":{"line":699,"column":38}},"699":{"start":{"line":700,"column":0},"end":{"line":700,"column":17}},"700":{"start":{"line":701,"column":0},"end":{"line":701,"column":19}},"701":{"start":{"line":702,"column":0},"end":{"line":702,"column":43}},"702":{"start":{"line":703,"column":0},"end":{"line":703,"column":50}},"703":{"start":{"line":704,"column":0},"end":{"line":704,"column":86}},"704":{"start":{"line":705,"column":0},"end":{"line":705,"column":5}},"705":{"start":{"line":706,"column":0},"end":{"line":706,"column":3}},"707":{"start":{"line":708,"column":0},"end":{"line":708,"column":39}},"708":{"start":{"line":709,"column":0},"end":{"line":709,"column":52}},"709":{"start":{"line":710,"column":0},"end":{"line":710,"column":50}},"710":{"start":{"line":711,"column":0},"end":{"line":711,"column":24}},"711":{"start":{"line":712,"column":0},"end":{"line":712,"column":98}},"712":{"start":{"line":713,"column":0},"end":{"line":713,"column":3}},"714":{"start":{"line":715,"column":0},"end":{"line":715,"column":40}},"715":{"start":{"line":716,"column":0},"end":{"line":716,"column":23}},"716":{"start":{"line":717,"column":0},"end":{"line":717,"column":27}},"717":{"start":{"line":718,"column":0},"end":{"line":718,"column":76}},"718":{"start":{"line":719,"column":0},"end":{"line":719,"column":32}},"719":{"start":{"line":720,"column":0},"end":{"line":720,"column":11}},"721":{"start":{"line":722,"column":0},"end":{"line":722,"column":17}},"722":{"start":{"line":723,"column":0},"end":{"line":723,"column":40}},"723":{"start":{"line":724,"column":0},"end":{"line":724,"column":96}},"724":{"start":{"line":725,"column":0},"end":{"line":725,"column":18}},"725":{"start":{"line":726,"column":0},"end":{"line":726,"column":99}},"726":{"start":{"line":727,"column":0},"end":{"line":727,"column":10}},"727":{"start":{"line":728,"column":0},"end":{"line":728,"column":6}},"728":{"start":{"line":729,"column":0},"end":{"line":729,"column":3}},"731":{"start":{"line":732,"column":0},"end":{"line":732,"column":73}},"732":{"start":{"line":733,"column":0},"end":{"line":733,"column":71}},"733":{"start":{"line":734,"column":0},"end":{"line":734,"column":3}},"734":{"start":{"line":735,"column":0},"end":{"line":735,"column":73}},"735":{"start":{"line":736,"column":0},"end":{"line":736,"column":71}},"736":{"start":{"line":737,"column":0},"end":{"line":737,"column":3}},"737":{"start":{"line":738,"column":0},"end":{"line":738,"column":38}},"738":{"start":{"line":739,"column":0},"end":{"line":739,"column":58}},"739":{"start":{"line":740,"column":0},"end":{"line":740,"column":85}},"740":{"start":{"line":741,"column":0},"end":{"line":741,"column":3}},"742":{"start":{"line":743,"column":0},"end":{"line":743,"column":7}},"743":{"start":{"line":744,"column":0},"end":{"line":744,"column":67}},"744":{"start":{"line":745,"column":0},"end":{"line":745,"column":41}},"745":{"start":{"line":746,"column":0},"end":{"line":746,"column":12}},"746":{"start":{"line":747,"column":0},"end":{"line":747,"column":84}},"747":{"start":{"line":748,"column":0},"end":{"line":748,"column":19}},"748":{"start":{"line":749,"column":0},"end":{"line":749,"column":21}},"749":{"start":{"line":750,"column":0},"end":{"line":750,"column":25}},"750":{"start":{"line":751,"column":0},"end":{"line":751,"column":7}},"751":{"start":{"line":752,"column":0},"end":{"line":752,"column":89}},"752":{"start":{"line":753,"column":0},"end":{"line":753,"column":15}},"753":{"start":{"line":754,"column":0},"end":{"line":754,"column":59}},"754":{"start":{"line":755,"column":0},"end":{"line":755,"column":50}},"755":{"start":{"line":756,"column":0},"end":{"line":756,"column":3}},"756":{"start":{"line":757,"column":0},"end":{"line":757,"column":3}},"759":{"start":{"line":760,"column":0},"end":{"line":760,"column":32}},"760":{"start":{"line":761,"column":0},"end":{"line":761,"column":52}},"761":{"start":{"line":762,"column":0},"end":{"line":762,"column":51}},"762":{"start":{"line":763,"column":0},"end":{"line":763,"column":24}},"763":{"start":{"line":764,"column":0},"end":{"line":764,"column":87}},"764":{"start":{"line":765,"column":0},"end":{"line":765,"column":3}},"766":{"start":{"line":767,"column":0},"end":{"line":767,"column":63}},"768":{"start":{"line":769,"column":0},"end":{"line":769,"column":21}},"769":{"start":{"line":770,"column":0},"end":{"line":770,"column":7}},"770":{"start":{"line":771,"column":0},"end":{"line":771,"column":45}},"771":{"start":{"line":772,"column":0},"end":{"line":772,"column":17}},"772":{"start":{"line":773,"column":0},"end":{"line":773,"column":84}},"773":{"start":{"line":774,"column":0},"end":{"line":774,"column":43}},"774":{"start":{"line":775,"column":0},"end":{"line":775,"column":3}},"776":{"start":{"line":777,"column":0},"end":{"line":777,"column":35}},"777":{"start":{"line":778,"column":0},"end":{"line":778,"column":10}},"778":{"start":{"line":779,"column":0},"end":{"line":779,"column":13}},"779":{"start":{"line":780,"column":0},"end":{"line":780,"column":5}},"781":{"start":{"line":782,"column":0},"end":{"line":782,"column":39}},"782":{"start":{"line":783,"column":0},"end":{"line":783,"column":3}},"785":{"start":{"line":786,"column":0},"end":{"line":786,"column":33}},"786":{"start":{"line":787,"column":0},"end":{"line":787,"column":52}},"787":{"start":{"line":788,"column":0},"end":{"line":788,"column":52}},"788":{"start":{"line":789,"column":0},"end":{"line":789,"column":24}},"789":{"start":{"line":790,"column":0},"end":{"line":790,"column":87}},"790":{"start":{"line":791,"column":0},"end":{"line":791,"column":3}},"792":{"start":{"line":793,"column":0},"end":{"line":793,"column":21}},"793":{"start":{"line":794,"column":0},"end":{"line":794,"column":22}},"794":{"start":{"line":795,"column":0},"end":{"line":795,"column":7}},"795":{"start":{"line":796,"column":0},"end":{"line":796,"column":39}},"796":{"start":{"line":797,"column":0},"end":{"line":797,"column":20}},"797":{"start":{"line":798,"column":0},"end":{"line":798,"column":24}},"798":{"start":{"line":799,"column":0},"end":{"line":799,"column":17}},"799":{"start":{"line":800,"column":0},"end":{"line":800,"column":84}},"800":{"start":{"line":801,"column":0},"end":{"line":801,"column":43}},"801":{"start":{"line":802,"column":0},"end":{"line":802,"column":3}},"803":{"start":{"line":804,"column":0},"end":{"line":804,"column":57}},"804":{"start":{"line":805,"column":0},"end":{"line":805,"column":43}},"806":{"start":{"line":807,"column":0},"end":{"line":807,"column":16}},"807":{"start":{"line":808,"column":0},"end":{"line":808,"column":69}},"810":{"start":{"line":811,"column":0},"end":{"line":811,"column":32}},"812":{"start":{"line":813,"column":0},"end":{"line":813,"column":39}},"813":{"start":{"line":814,"column":0},"end":{"line":814,"column":10}},"814":{"start":{"line":815,"column":0},"end":{"line":815,"column":32}},"815":{"start":{"line":816,"column":0},"end":{"line":816,"column":11}},"816":{"start":{"line":817,"column":0},"end":{"line":817,"column":24}},"817":{"start":{"line":818,"column":0},"end":{"line":818,"column":21}},"818":{"start":{"line":819,"column":0},"end":{"line":819,"column":5}},"820":{"start":{"line":821,"column":0},"end":{"line":821,"column":78}},"821":{"start":{"line":822,"column":0},"end":{"line":822,"column":3}},"824":{"start":{"line":825,"column":0},"end":{"line":825,"column":49}},"825":{"start":{"line":826,"column":0},"end":{"line":826,"column":52}},"826":{"start":{"line":827,"column":0},"end":{"line":827,"column":60}},"827":{"start":{"line":828,"column":0},"end":{"line":828,"column":24}},"828":{"start":{"line":829,"column":0},"end":{"line":829,"column":87}},"829":{"start":{"line":830,"column":0},"end":{"line":830,"column":3}},"831":{"start":{"line":832,"column":0},"end":{"line":832,"column":21}},"832":{"start":{"line":833,"column":0},"end":{"line":833,"column":22}},"833":{"start":{"line":834,"column":0},"end":{"line":834,"column":7}},"834":{"start":{"line":835,"column":0},"end":{"line":835,"column":39}},"835":{"start":{"line":836,"column":0},"end":{"line":836,"column":20}},"836":{"start":{"line":837,"column":0},"end":{"line":837,"column":24}},"837":{"start":{"line":838,"column":0},"end":{"line":838,"column":17}},"838":{"start":{"line":839,"column":0},"end":{"line":839,"column":84}},"839":{"start":{"line":840,"column":0},"end":{"line":840,"column":43}},"840":{"start":{"line":841,"column":0},"end":{"line":841,"column":3}},"842":{"start":{"line":843,"column":0},"end":{"line":843,"column":16}},"843":{"start":{"line":844,"column":0},"end":{"line":844,"column":42}},"847":{"start":{"line":848,"column":0},"end":{"line":848,"column":21}},"848":{"start":{"line":849,"column":0},"end":{"line":849,"column":72}},"862":{"start":{"line":863,"column":0},"end":{"line":863,"column":39}},"863":{"start":{"line":864,"column":0},"end":{"line":864,"column":10}},"864":{"start":{"line":865,"column":0},"end":{"line":865,"column":11}},"865":{"start":{"line":866,"column":0},"end":{"line":866,"column":15}},"866":{"start":{"line":867,"column":0},"end":{"line":867,"column":7}},"867":{"start":{"line":868,"column":0},"end":{"line":868,"column":30}},"868":{"start":{"line":869,"column":0},"end":{"line":869,"column":18}},"869":{"start":{"line":870,"column":0},"end":{"line":870,"column":55}},"870":{"start":{"line":871,"column":0},"end":{"line":871,"column":90}},"871":{"start":{"line":872,"column":0},"end":{"line":872,"column":10}},"872":{"start":{"line":873,"column":0},"end":{"line":873,"column":8}},"873":{"start":{"line":874,"column":0},"end":{"line":874,"column":6}},"874":{"start":{"line":875,"column":0},"end":{"line":875,"column":19}},"875":{"start":{"line":876,"column":0},"end":{"line":876,"column":25}},"876":{"start":{"line":877,"column":0},"end":{"line":877,"column":5}},"878":{"start":{"line":879,"column":0},"end":{"line":879,"column":7}},"879":{"start":{"line":880,"column":0},"end":{"line":880,"column":41}},"880":{"start":{"line":881,"column":0},"end":{"line":881,"column":59}},"881":{"start":{"line":882,"column":0},"end":{"line":882,"column":23}},"882":{"start":{"line":883,"column":0},"end":{"line":883,"column":20}},"883":{"start":{"line":884,"column":0},"end":{"line":884,"column":9}},"884":{"start":{"line":885,"column":0},"end":{"line":885,"column":26}},"885":{"start":{"line":886,"column":0},"end":{"line":886,"column":27}},"886":{"start":{"line":887,"column":0},"end":{"line":887,"column":48}},"887":{"start":{"line":888,"column":0},"end":{"line":888,"column":50}},"888":{"start":{"line":889,"column":0},"end":{"line":889,"column":10}},"889":{"start":{"line":890,"column":0},"end":{"line":890,"column":12}},"890":{"start":{"line":891,"column":0},"end":{"line":891,"column":8}},"891":{"start":{"line":892,"column":0},"end":{"line":892,"column":5}},"892":{"start":{"line":893,"column":0},"end":{"line":893,"column":51}},"893":{"start":{"line":894,"column":0},"end":{"line":894,"column":11}},"894":{"start":{"line":895,"column":0},"end":{"line":895,"column":18}},"895":{"start":{"line":896,"column":0},"end":{"line":896,"column":7}},"896":{"start":{"line":897,"column":0},"end":{"line":897,"column":24}},"897":{"start":{"line":898,"column":0},"end":{"line":898,"column":25}},"898":{"start":{"line":899,"column":0},"end":{"line":899,"column":46}},"899":{"start":{"line":900,"column":0},"end":{"line":900,"column":48}},"900":{"start":{"line":901,"column":0},"end":{"line":901,"column":8}},"901":{"start":{"line":902,"column":0},"end":{"line":902,"column":10}},"902":{"start":{"line":903,"column":0},"end":{"line":903,"column":6}},"903":{"start":{"line":904,"column":0},"end":{"line":904,"column":3}},"904":{"start":{"line":905,"column":0},"end":{"line":905,"column":3}},"906":{"start":{"line":907,"column":0},"end":{"line":907,"column":54}},"907":{"start":{"line":908,"column":0},"end":{"line":908,"column":67}},"908":{"start":{"line":909,"column":0},"end":{"line":909,"column":20}},"909":{"start":{"line":910,"column":0},"end":{"line":910,"column":1}},"911":{"start":{"line":912,"column":0},"end":{"line":912,"column":63}},"916":{"start":{"line":917,"column":0},"end":{"line":917,"column":4}},"917":{"start":{"line":918,"column":0},"end":{"line":918,"column":40}},"918":{"start":{"line":919,"column":0},"end":{"line":919,"column":43}},"921":{"start":{"line":922,"column":0},"end":{"line":922,"column":39}},"922":{"start":{"line":923,"column":0},"end":{"line":923,"column":12}},"923":{"start":{"line":924,"column":0},"end":{"line":924,"column":27}},"924":{"start":{"line":925,"column":0},"end":{"line":925,"column":31}},"925":{"start":{"line":926,"column":0},"end":{"line":926,"column":26}},"926":{"start":{"line":927,"column":0},"end":{"line":927,"column":28}},"927":{"start":{"line":928,"column":0},"end":{"line":928,"column":6}},"928":{"start":{"line":929,"column":0},"end":{"line":929,"column":3}},"930":{"start":{"line":931,"column":0},"end":{"line":931,"column":44}},"931":{"start":{"line":932,"column":0},"end":{"line":932,"column":14}},"932":{"start":{"line":933,"column":0},"end":{"line":933,"column":12}},"933":{"start":{"line":934,"column":0},"end":{"line":934,"column":27}},"934":{"start":{"line":935,"column":0},"end":{"line":935,"column":31}},"935":{"start":{"line":936,"column":0},"end":{"line":936,"column":26}},"936":{"start":{"line":937,"column":0},"end":{"line":937,"column":28}},"937":{"start":{"line":938,"column":0},"end":{"line":938,"column":6}},"938":{"start":{"line":939,"column":0},"end":{"line":939,"column":3}},"940":{"start":{"line":941,"column":0},"end":{"line":941,"column":86}},"941":{"start":{"line":942,"column":0},"end":{"line":942,"column":70}},"942":{"start":{"line":943,"column":0},"end":{"line":943,"column":10}},"943":{"start":{"line":944,"column":0},"end":{"line":944,"column":25}},"944":{"start":{"line":945,"column":0},"end":{"line":945,"column":29}},"945":{"start":{"line":946,"column":0},"end":{"line":946,"column":22}},"946":{"start":{"line":947,"column":0},"end":{"line":947,"column":26}},"947":{"start":{"line":948,"column":0},"end":{"line":948,"column":4}},"948":{"start":{"line":949,"column":0},"end":{"line":949,"column":1}},"950":{"start":{"line":951,"column":0},"end":{"line":951,"column":38}},"951":{"start":{"line":952,"column":0},"end":{"line":952,"column":8}},"952":{"start":{"line":953,"column":0},"end":{"line":953,"column":9}},"953":{"start":{"line":954,"column":0},"end":{"line":954,"column":14}},"954":{"start":{"line":955,"column":0},"end":{"line":955,"column":10}},"955":{"start":{"line":956,"column":0},"end":{"line":956,"column":4}},"960":{"start":{"line":961,"column":0},"end":{"line":961,"column":22}},"961":{"start":{"line":962,"column":0},"end":{"line":962,"column":22}},"962":{"start":{"line":963,"column":0},"end":{"line":963,"column":17}},"963":{"start":{"line":964,"column":0},"end":{"line":964,"column":62}},"969":{"start":{"line":970,"column":0},"end":{"line":970,"column":12}},"971":{"start":{"line":972,"column":0},"end":{"line":972,"column":39}},"972":{"start":{"line":973,"column":0},"end":{"line":973,"column":10}},"973":{"start":{"line":974,"column":0},"end":{"line":974,"column":11}},"974":{"start":{"line":975,"column":0},"end":{"line":975,"column":25}},"975":{"start":{"line":976,"column":0},"end":{"line":976,"column":19}},"976":{"start":{"line":977,"column":0},"end":{"line":977,"column":26}},"977":{"start":{"line":978,"column":0},"end":{"line":978,"column":5}},"978":{"start":{"line":979,"column":0},"end":{"line":979,"column":34}},"979":{"start":{"line":980,"column":0},"end":{"line":980,"column":1}},"981":{"start":{"line":982,"column":0},"end":{"line":982,"column":42}},"982":{"start":{"line":983,"column":0},"end":{"line":983,"column":52}},"983":{"start":{"line":984,"column":0},"end":{"line":984,"column":60}},"984":{"start":{"line":985,"column":0},"end":{"line":985,"column":24}},"985":{"start":{"line":986,"column":0},"end":{"line":986,"column":87}},"986":{"start":{"line":987,"column":0},"end":{"line":987,"column":3}},"988":{"start":{"line":989,"column":0},"end":{"line":989,"column":21}},"989":{"start":{"line":990,"column":0},"end":{"line":990,"column":43}},"990":{"start":{"line":991,"column":0},"end":{"line":991,"column":19}},"991":{"start":{"line":992,"column":0},"end":{"line":992,"column":44}},"992":{"start":{"line":993,"column":0},"end":{"line":993,"column":7}},"993":{"start":{"line":994,"column":0},"end":{"line":994,"column":58}},"994":{"start":{"line":995,"column":0},"end":{"line":995,"column":20}},"995":{"start":{"line":996,"column":0},"end":{"line":996,"column":24}},"996":{"start":{"line":997,"column":0},"end":{"line":997,"column":36}},"997":{"start":{"line":998,"column":0},"end":{"line":998,"column":40}},"998":{"start":{"line":999,"column":0},"end":{"line":999,"column":17}},"999":{"start":{"line":1000,"column":0},"end":{"line":1000,"column":84}},"1000":{"start":{"line":1001,"column":0},"end":{"line":1001,"column":43}},"1001":{"start":{"line":1002,"column":0},"end":{"line":1002,"column":3}},"1003":{"start":{"line":1004,"column":0},"end":{"line":1004,"column":76}},"1004":{"start":{"line":1005,"column":0},"end":{"line":1005,"column":65}},"1005":{"start":{"line":1006,"column":0},"end":{"line":1006,"column":39}},"1007":{"start":{"line":1008,"column":0},"end":{"line":1008,"column":16}},"1008":{"start":{"line":1009,"column":0},"end":{"line":1009,"column":49}},"1013":{"start":{"line":1014,"column":0},"end":{"line":1014,"column":21}},"1014":{"start":{"line":1015,"column":0},"end":{"line":1015,"column":78}},"1025":{"start":{"line":1026,"column":0},"end":{"line":1026,"column":68}},"1026":{"start":{"line":1027,"column":0},"end":{"line":1027,"column":29}},"1027":{"start":{"line":1028,"column":0},"end":{"line":1028,"column":46}},"1030":{"start":{"line":1031,"column":0},"end":{"line":1031,"column":22}},"1031":{"start":{"line":1032,"column":0},"end":{"line":1032,"column":9}},"1032":{"start":{"line":1033,"column":0},"end":{"line":1033,"column":97}},"1037":{"start":{"line":1038,"column":0},"end":{"line":1038,"column":41}},"1040":{"start":{"line":1041,"column":0},"end":{"line":1041,"column":66}},"1041":{"start":{"line":1042,"column":0},"end":{"line":1042,"column":45}},"1042":{"start":{"line":1043,"column":0},"end":{"line":1043,"column":15}},"1043":{"start":{"line":1044,"column":0},"end":{"line":1044,"column":42}},"1044":{"start":{"line":1045,"column":0},"end":{"line":1045,"column":13}},"1045":{"start":{"line":1046,"column":0},"end":{"line":1046,"column":26}},"1046":{"start":{"line":1047,"column":0},"end":{"line":1047,"column":21}},"1047":{"start":{"line":1048,"column":0},"end":{"line":1048,"column":28}},"1048":{"start":{"line":1049,"column":0},"end":{"line":1049,"column":7}},"1049":{"start":{"line":1050,"column":0},"end":{"line":1050,"column":18}},"1050":{"start":{"line":1051,"column":0},"end":{"line":1051,"column":3}},"1052":{"start":{"line":1053,"column":0},"end":{"line":1053,"column":67}},"1053":{"start":{"line":1054,"column":0},"end":{"line":1054,"column":41}},"1054":{"start":{"line":1055,"column":0},"end":{"line":1055,"column":15}},"1055":{"start":{"line":1056,"column":0},"end":{"line":1056,"column":13}},"1056":{"start":{"line":1057,"column":0},"end":{"line":1057,"column":13}},"1057":{"start":{"line":1058,"column":0},"end":{"line":1058,"column":21}},"1058":{"start":{"line":1059,"column":0},"end":{"line":1059,"column":51}},"1062":{"start":{"line":1063,"column":0},"end":{"line":1063,"column":21}},"1063":{"start":{"line":1064,"column":0},"end":{"line":1064,"column":21}},"1064":{"start":{"line":1065,"column":0},"end":{"line":1065,"column":28}},"1065":{"start":{"line":1066,"column":0},"end":{"line":1066,"column":7}},"1066":{"start":{"line":1067,"column":0},"end":{"line":1067,"column":16}},"1067":{"start":{"line":1068,"column":0},"end":{"line":1068,"column":3}},"1069":{"start":{"line":1070,"column":0},"end":{"line":1070,"column":91}},"1070":{"start":{"line":1071,"column":0},"end":{"line":1071,"column":63}},"1071":{"start":{"line":1072,"column":0},"end":{"line":1072,"column":4}},"1072":{"start":{"line":1073,"column":0},"end":{"line":1073,"column":20}},"1073":{"start":{"line":1074,"column":0},"end":{"line":1074,"column":19}},"1074":{"start":{"line":1075,"column":0},"end":{"line":1075,"column":21}},"1075":{"start":{"line":1076,"column":0},"end":{"line":1076,"column":27}},"1076":{"start":{"line":1077,"column":0},"end":{"line":1077,"column":58}},"1077":{"start":{"line":1078,"column":0},"end":{"line":1078,"column":7}},"1078":{"start":{"line":1079,"column":0},"end":{"line":1079,"column":74}},"1079":{"start":{"line":1080,"column":0},"end":{"line":1080,"column":20}},"1080":{"start":{"line":1081,"column":0},"end":{"line":1081,"column":19}},"1081":{"start":{"line":1082,"column":0},"end":{"line":1082,"column":19}},"1082":{"start":{"line":1083,"column":0},"end":{"line":1083,"column":27}},"1083":{"start":{"line":1084,"column":0},"end":{"line":1084,"column":58}},"1084":{"start":{"line":1085,"column":0},"end":{"line":1085,"column":7}},"1086":{"start":{"line":1087,"column":0},"end":{"line":1087,"column":32}},"1088":{"start":{"line":1089,"column":0},"end":{"line":1089,"column":29}},"1089":{"start":{"line":1090,"column":0},"end":{"line":1090,"column":9}},"1090":{"start":{"line":1091,"column":0},"end":{"line":1091,"column":32}},"1091":{"start":{"line":1092,"column":0},"end":{"line":1092,"column":53}},"1092":{"start":{"line":1093,"column":0},"end":{"line":1093,"column":62}},"1093":{"start":{"line":1094,"column":0},"end":{"line":1094,"column":91}},"1094":{"start":{"line":1095,"column":0},"end":{"line":1095,"column":76}},"1095":{"start":{"line":1096,"column":0},"end":{"line":1096,"column":17}},"1096":{"start":{"line":1097,"column":0},"end":{"line":1097,"column":7}},"1098":{"start":{"line":1099,"column":0},"end":{"line":1099,"column":54}},"1099":{"start":{"line":1100,"column":0},"end":{"line":1100,"column":11}},"1100":{"start":{"line":1101,"column":0},"end":{"line":1101,"column":45}},"1101":{"start":{"line":1102,"column":0},"end":{"line":1102,"column":62}},"1102":{"start":{"line":1103,"column":0},"end":{"line":1103,"column":91}},"1103":{"start":{"line":1104,"column":0},"end":{"line":1104,"column":76}},"1104":{"start":{"line":1105,"column":0},"end":{"line":1105,"column":19}},"1105":{"start":{"line":1106,"column":0},"end":{"line":1106,"column":63}},"1106":{"start":{"line":1107,"column":0},"end":{"line":1107,"column":58}},"1108":{"start":{"line":1109,"column":0},"end":{"line":1109,"column":13}},"1109":{"start":{"line":1110,"column":0},"end":{"line":1110,"column":56}},"1110":{"start":{"line":1111,"column":0},"end":{"line":1111,"column":27}},"1111":{"start":{"line":1112,"column":0},"end":{"line":1112,"column":19}},"1112":{"start":{"line":1113,"column":0},"end":{"line":1113,"column":24}},"1113":{"start":{"line":1114,"column":0},"end":{"line":1114,"column":26}},"1114":{"start":{"line":1115,"column":0},"end":{"line":1115,"column":13}},"1115":{"start":{"line":1116,"column":0},"end":{"line":1116,"column":70}},"1116":{"start":{"line":1117,"column":0},"end":{"line":1117,"column":96}},"1117":{"start":{"line":1118,"column":0},"end":{"line":1118,"column":75}},"1118":{"start":{"line":1119,"column":0},"end":{"line":1119,"column":22}},"1119":{"start":{"line":1120,"column":0},"end":{"line":1120,"column":69}},"1120":{"start":{"line":1121,"column":0},"end":{"line":1121,"column":58}},"1121":{"start":{"line":1122,"column":0},"end":{"line":1122,"column":9}},"1122":{"start":{"line":1123,"column":0},"end":{"line":1123,"column":7}},"1123":{"start":{"line":1124,"column":0},"end":{"line":1124,"column":17}},"1124":{"start":{"line":1125,"column":0},"end":{"line":1125,"column":61}},"1125":{"start":{"line":1126,"column":0},"end":{"line":1126,"column":56}},"1126":{"start":{"line":1127,"column":0},"end":{"line":1127,"column":5}},"1127":{"start":{"line":1128,"column":0},"end":{"line":1128,"column":3}},"1129":{"start":{"line":1130,"column":0},"end":{"line":1130,"column":16}},"1130":{"start":{"line":1131,"column":0},"end":{"line":1131,"column":5}},"1131":{"start":{"line":1132,"column":0},"end":{"line":1132,"column":11}},"1132":{"start":{"line":1133,"column":0},"end":{"line":1133,"column":39}},"1133":{"start":{"line":1134,"column":0},"end":{"line":1134,"column":19}},"1134":{"start":{"line":1135,"column":0},"end":{"line":1135,"column":21}},"1135":{"start":{"line":1136,"column":0},"end":{"line":1136,"column":41}},"1136":{"start":{"line":1137,"column":0},"end":{"line":1137,"column":26}},"1137":{"start":{"line":1138,"column":0},"end":{"line":1138,"column":18}},"1138":{"start":{"line":1139,"column":0},"end":{"line":1139,"column":62}},"1139":{"start":{"line":1140,"column":0},"end":{"line":1140,"column":53}},"1140":{"start":{"line":1141,"column":0},"end":{"line":1141,"column":8}},"1141":{"start":{"line":1142,"column":0},"end":{"line":1142,"column":34}},"1142":{"start":{"line":1143,"column":0},"end":{"line":1143,"column":6}},"1143":{"start":{"line":1144,"column":0},"end":{"line":1144,"column":8}},"1144":{"start":{"line":1145,"column":0},"end":{"line":1145,"column":4}},"1145":{"start":{"line":1146,"column":0},"end":{"line":1146,"column":3}},"1147":{"start":{"line":1148,"column":0},"end":{"line":1148,"column":47}},"1148":{"start":{"line":1149,"column":0},"end":{"line":1149,"column":52}},"1149":{"start":{"line":1150,"column":0},"end":{"line":1150,"column":60}},"1150":{"start":{"line":1151,"column":0},"end":{"line":1151,"column":24}},"1151":{"start":{"line":1152,"column":0},"end":{"line":1152,"column":87}},"1152":{"start":{"line":1153,"column":0},"end":{"line":1153,"column":3}},"1154":{"start":{"line":1155,"column":0},"end":{"line":1155,"column":21}},"1155":{"start":{"line":1156,"column":0},"end":{"line":1156,"column":43}},"1156":{"start":{"line":1157,"column":0},"end":{"line":1157,"column":19}},"1157":{"start":{"line":1158,"column":0},"end":{"line":1158,"column":44}},"1158":{"start":{"line":1159,"column":0},"end":{"line":1159,"column":7}},"1159":{"start":{"line":1160,"column":0},"end":{"line":1160,"column":58}},"1160":{"start":{"line":1161,"column":0},"end":{"line":1161,"column":20}},"1161":{"start":{"line":1162,"column":0},"end":{"line":1162,"column":24}},"1162":{"start":{"line":1163,"column":0},"end":{"line":1163,"column":36}},"1163":{"start":{"line":1164,"column":0},"end":{"line":1164,"column":40}},"1164":{"start":{"line":1165,"column":0},"end":{"line":1165,"column":17}},"1165":{"start":{"line":1166,"column":0},"end":{"line":1166,"column":84}},"1166":{"start":{"line":1167,"column":0},"end":{"line":1167,"column":43}},"1167":{"start":{"line":1168,"column":0},"end":{"line":1168,"column":3}},"1169":{"start":{"line":1170,"column":0},"end":{"line":1170,"column":76}},"1170":{"start":{"line":1171,"column":0},"end":{"line":1171,"column":65}},"1171":{"start":{"line":1172,"column":0},"end":{"line":1172,"column":39}},"1173":{"start":{"line":1174,"column":0},"end":{"line":1174,"column":16}},"1174":{"start":{"line":1175,"column":0},"end":{"line":1175,"column":60}},"1178":{"start":{"line":1179,"column":0},"end":{"line":1179,"column":21}},"1179":{"start":{"line":1180,"column":0},"end":{"line":1180,"column":75}},"1197":{"start":{"line":1198,"column":0},"end":{"line":1198,"column":68}},"1198":{"start":{"line":1199,"column":0},"end":{"line":1199,"column":29}},"1199":{"start":{"line":1200,"column":0},"end":{"line":1200,"column":46}},"1201":{"start":{"line":1202,"column":0},"end":{"line":1202,"column":40}},"1202":{"start":{"line":1203,"column":0},"end":{"line":1203,"column":11}},"1203":{"start":{"line":1204,"column":0},"end":{"line":1204,"column":28}},"1204":{"start":{"line":1205,"column":0},"end":{"line":1205,"column":33}},"1205":{"start":{"line":1206,"column":0},"end":{"line":1206,"column":5}},"1207":{"start":{"line":1208,"column":0},"end":{"line":1208,"column":52}},"1208":{"start":{"line":1209,"column":0},"end":{"line":1209,"column":45}},"1209":{"start":{"line":1210,"column":0},"end":{"line":1210,"column":15}},"1210":{"start":{"line":1211,"column":0},"end":{"line":1211,"column":47}},"1211":{"start":{"line":1212,"column":0},"end":{"line":1212,"column":13}},"1212":{"start":{"line":1213,"column":0},"end":{"line":1213,"column":26}},"1213":{"start":{"line":1214,"column":0},"end":{"line":1214,"column":21}},"1214":{"start":{"line":1215,"column":0},"end":{"line":1215,"column":28}},"1215":{"start":{"line":1216,"column":0},"end":{"line":1216,"column":7}},"1216":{"start":{"line":1217,"column":0},"end":{"line":1217,"column":18}},"1217":{"start":{"line":1218,"column":0},"end":{"line":1218,"column":3}},"1219":{"start":{"line":1220,"column":0},"end":{"line":1220,"column":7}},"1220":{"start":{"line":1221,"column":0},"end":{"line":1221,"column":33}},"1221":{"start":{"line":1222,"column":0},"end":{"line":1222,"column":60}},"1222":{"start":{"line":1223,"column":0},"end":{"line":1223,"column":72}},"1223":{"start":{"line":1224,"column":0},"end":{"line":1224,"column":15}},"1224":{"start":{"line":1225,"column":0},"end":{"line":1225,"column":24}},"1225":{"start":{"line":1226,"column":0},"end":{"line":1226,"column":11}},"1226":{"start":{"line":1227,"column":0},"end":{"line":1227,"column":45}},"1227":{"start":{"line":1228,"column":0},"end":{"line":1228,"column":64}},"1228":{"start":{"line":1229,"column":0},"end":{"line":1229,"column":95}},"1229":{"start":{"line":1230,"column":0},"end":{"line":1230,"column":15}},"1231":{"start":{"line":1232,"column":0},"end":{"line":1232,"column":7}},"1232":{"start":{"line":1233,"column":0},"end":{"line":1233,"column":5}},"1233":{"start":{"line":1234,"column":0},"end":{"line":1234,"column":59}},"1234":{"start":{"line":1235,"column":0},"end":{"line":1235,"column":18}},"1235":{"start":{"line":1236,"column":0},"end":{"line":1236,"column":7}},"1236":{"start":{"line":1237,"column":0},"end":{"line":1237,"column":13}},"1237":{"start":{"line":1238,"column":0},"end":{"line":1238,"column":41}},"1238":{"start":{"line":1239,"column":0},"end":{"line":1239,"column":21}},"1239":{"start":{"line":1240,"column":0},"end":{"line":1240,"column":23}},"1240":{"start":{"line":1241,"column":0},"end":{"line":1241,"column":43}},"1241":{"start":{"line":1242,"column":0},"end":{"line":1242,"column":60}},"1242":{"start":{"line":1243,"column":0},"end":{"line":1243,"column":36}},"1243":{"start":{"line":1244,"column":0},"end":{"line":1244,"column":20}},"1244":{"start":{"line":1245,"column":0},"end":{"line":1245,"column":8}},"1245":{"start":{"line":1246,"column":0},"end":{"line":1246,"column":10}},"1246":{"start":{"line":1247,"column":0},"end":{"line":1247,"column":6}},"1247":{"start":{"line":1248,"column":0},"end":{"line":1248,"column":3}},"1248":{"start":{"line":1249,"column":0},"end":{"line":1249,"column":3}},"1250":{"start":{"line":1251,"column":0},"end":{"line":1251,"column":40}},"1251":{"start":{"line":1252,"column":0},"end":{"line":1252,"column":52}},"1252":{"start":{"line":1253,"column":0},"end":{"line":1253,"column":58}},"1253":{"start":{"line":1254,"column":0},"end":{"line":1254,"column":24}},"1254":{"start":{"line":1255,"column":0},"end":{"line":1255,"column":87}},"1255":{"start":{"line":1256,"column":0},"end":{"line":1256,"column":3}},"1257":{"start":{"line":1258,"column":0},"end":{"line":1258,"column":21}},"1258":{"start":{"line":1259,"column":0},"end":{"line":1259,"column":43}},"1259":{"start":{"line":1260,"column":0},"end":{"line":1260,"column":19}},"1260":{"start":{"line":1261,"column":0},"end":{"line":1261,"column":44}},"1261":{"start":{"line":1262,"column":0},"end":{"line":1262,"column":7}},"1262":{"start":{"line":1263,"column":0},"end":{"line":1263,"column":58}},"1263":{"start":{"line":1264,"column":0},"end":{"line":1264,"column":20}},"1264":{"start":{"line":1265,"column":0},"end":{"line":1265,"column":24}},"1265":{"start":{"line":1266,"column":0},"end":{"line":1266,"column":36}},"1266":{"start":{"line":1267,"column":0},"end":{"line":1267,"column":40}},"1267":{"start":{"line":1268,"column":0},"end":{"line":1268,"column":17}},"1268":{"start":{"line":1269,"column":0},"end":{"line":1269,"column":84}},"1269":{"start":{"line":1270,"column":0},"end":{"line":1270,"column":43}},"1270":{"start":{"line":1271,"column":0},"end":{"line":1271,"column":3}},"1272":{"start":{"line":1273,"column":0},"end":{"line":1273,"column":39}},"1274":{"start":{"line":1275,"column":0},"end":{"line":1275,"column":16}},"1275":{"start":{"line":1276,"column":0},"end":{"line":1276,"column":79}},"1279":{"start":{"line":1280,"column":0},"end":{"line":1280,"column":21}},"1280":{"start":{"line":1281,"column":0},"end":{"line":1281,"column":57}},"1311":{"start":{"line":1312,"column":0},"end":{"line":1312,"column":46}},"1313":{"start":{"line":1314,"column":0},"end":{"line":1314,"column":52}},"1314":{"start":{"line":1315,"column":0},"end":{"line":1315,"column":45}},"1315":{"start":{"line":1316,"column":0},"end":{"line":1316,"column":15}},"1316":{"start":{"line":1317,"column":0},"end":{"line":1317,"column":40}},"1317":{"start":{"line":1318,"column":0},"end":{"line":1318,"column":13}},"1318":{"start":{"line":1319,"column":0},"end":{"line":1319,"column":26}},"1319":{"start":{"line":1320,"column":0},"end":{"line":1320,"column":21}},"1320":{"start":{"line":1321,"column":0},"end":{"line":1321,"column":28}},"1321":{"start":{"line":1322,"column":0},"end":{"line":1322,"column":7}},"1322":{"start":{"line":1323,"column":0},"end":{"line":1323,"column":18}},"1323":{"start":{"line":1324,"column":0},"end":{"line":1324,"column":3}},"1325":{"start":{"line":1326,"column":0},"end":{"line":1326,"column":7}},"1326":{"start":{"line":1327,"column":0},"end":{"line":1327,"column":33}},"1327":{"start":{"line":1328,"column":0},"end":{"line":1328,"column":53}},"1328":{"start":{"line":1329,"column":0},"end":{"line":1329,"column":59}},"1329":{"start":{"line":1330,"column":0},"end":{"line":1330,"column":15}},"1330":{"start":{"line":1331,"column":0},"end":{"line":1331,"column":24}},"1331":{"start":{"line":1332,"column":0},"end":{"line":1332,"column":11}},"1332":{"start":{"line":1333,"column":0},"end":{"line":1333,"column":45}},"1333":{"start":{"line":1334,"column":0},"end":{"line":1334,"column":57}},"1334":{"start":{"line":1335,"column":0},"end":{"line":1335,"column":82}},"1335":{"start":{"line":1336,"column":0},"end":{"line":1336,"column":15}},"1337":{"start":{"line":1338,"column":0},"end":{"line":1338,"column":7}},"1338":{"start":{"line":1339,"column":0},"end":{"line":1339,"column":5}},"1339":{"start":{"line":1340,"column":0},"end":{"line":1340,"column":59}},"1340":{"start":{"line":1341,"column":0},"end":{"line":1341,"column":18}},"1341":{"start":{"line":1342,"column":0},"end":{"line":1342,"column":7}},"1342":{"start":{"line":1343,"column":0},"end":{"line":1343,"column":13}},"1343":{"start":{"line":1344,"column":0},"end":{"line":1344,"column":20}},"1344":{"start":{"line":1345,"column":0},"end":{"line":1345,"column":36}},"1345":{"start":{"line":1346,"column":0},"end":{"line":1346,"column":50}},"1346":{"start":{"line":1347,"column":0},"end":{"line":1347,"column":8}},"1347":{"start":{"line":1348,"column":0},"end":{"line":1348,"column":10}},"1348":{"start":{"line":1349,"column":0},"end":{"line":1349,"column":6}},"1349":{"start":{"line":1350,"column":0},"end":{"line":1350,"column":3}},"1350":{"start":{"line":1351,"column":0},"end":{"line":1351,"column":3}},"1352":{"start":{"line":1353,"column":0},"end":{"line":1353,"column":44}},"1353":{"start":{"line":1354,"column":0},"end":{"line":1354,"column":52}},"1354":{"start":{"line":1355,"column":0},"end":{"line":1355,"column":62}},"1355":{"start":{"line":1356,"column":0},"end":{"line":1356,"column":24}},"1356":{"start":{"line":1357,"column":0},"end":{"line":1357,"column":87}},"1357":{"start":{"line":1358,"column":0},"end":{"line":1358,"column":3}},"1359":{"start":{"line":1360,"column":0},"end":{"line":1360,"column":21}},"1360":{"start":{"line":1361,"column":0},"end":{"line":1361,"column":43}},"1361":{"start":{"line":1362,"column":0},"end":{"line":1362,"column":19}},"1362":{"start":{"line":1363,"column":0},"end":{"line":1363,"column":44}},"1363":{"start":{"line":1364,"column":0},"end":{"line":1364,"column":7}},"1364":{"start":{"line":1365,"column":0},"end":{"line":1365,"column":58}},"1365":{"start":{"line":1366,"column":0},"end":{"line":1366,"column":20}},"1366":{"start":{"line":1367,"column":0},"end":{"line":1367,"column":24}},"1367":{"start":{"line":1368,"column":0},"end":{"line":1368,"column":36}},"1368":{"start":{"line":1369,"column":0},"end":{"line":1369,"column":40}},"1369":{"start":{"line":1370,"column":0},"end":{"line":1370,"column":17}},"1370":{"start":{"line":1371,"column":0},"end":{"line":1371,"column":84}},"1371":{"start":{"line":1372,"column":0},"end":{"line":1372,"column":43}},"1372":{"start":{"line":1373,"column":0},"end":{"line":1373,"column":3}},"1374":{"start":{"line":1375,"column":0},"end":{"line":1375,"column":39}},"1376":{"start":{"line":1377,"column":0},"end":{"line":1377,"column":16}},"1377":{"start":{"line":1378,"column":0},"end":{"line":1378,"column":59}},"1381":{"start":{"line":1382,"column":0},"end":{"line":1382,"column":21}},"1382":{"start":{"line":1383,"column":0},"end":{"line":1383,"column":142}},"1394":{"start":{"line":1395,"column":0},"end":{"line":1395,"column":32}},"1396":{"start":{"line":1397,"column":0},"end":{"line":1397,"column":52}},"1397":{"start":{"line":1398,"column":0},"end":{"line":1398,"column":45}},"1398":{"start":{"line":1399,"column":0},"end":{"line":1399,"column":15}},"1399":{"start":{"line":1400,"column":0},"end":{"line":1400,"column":44}},"1400":{"start":{"line":1401,"column":0},"end":{"line":1401,"column":13}},"1401":{"start":{"line":1402,"column":0},"end":{"line":1402,"column":26}},"1402":{"start":{"line":1403,"column":0},"end":{"line":1403,"column":21}},"1403":{"start":{"line":1404,"column":0},"end":{"line":1404,"column":28}},"1404":{"start":{"line":1405,"column":0},"end":{"line":1405,"column":7}},"1405":{"start":{"line":1406,"column":0},"end":{"line":1406,"column":18}},"1406":{"start":{"line":1407,"column":0},"end":{"line":1407,"column":3}},"1408":{"start":{"line":1409,"column":0},"end":{"line":1409,"column":7}},"1409":{"start":{"line":1410,"column":0},"end":{"line":1410,"column":33}},"1410":{"start":{"line":1411,"column":0},"end":{"line":1411,"column":57}},"1411":{"start":{"line":1412,"column":0},"end":{"line":1412,"column":59}},"1412":{"start":{"line":1413,"column":0},"end":{"line":1413,"column":15}},"1413":{"start":{"line":1414,"column":0},"end":{"line":1414,"column":24}
[...]
lumn":69}},"120":{"start":{"line":121,"column":0},"end":{"line":121,"column":23}},"121":{"start":{"line":122,"column":0},"end":{"line":122,"column":10}},"122":{"start":{"line":123,"column":0},"end":{"line":123,"column":15}},"123":{"start":{"line":124,"column":0},"end":{"line":124,"column":24}},"124":{"start":{"line":125,"column":0},"end":{"line":125,"column":15}},"125":{"start":{"line":126,"column":0},"end":{"line":126,"column":7}},"126":{"start":{"line":127,"column":0},"end":{"line":127,"column":11}},"127":{"start":{"line":128,"column":0},"end":{"line":128,"column":24}},"128":{"start":{"line":129,"column":0},"end":{"line":129,"column":30}},"129":{"start":{"line":130,"column":0},"end":{"line":130,"column":28}},"130":{"start":{"line":131,"column":0},"end":{"line":131,"column":26}},"131":{"start":{"line":132,"column":0},"end":{"line":132,"column":26}},"132":{"start":{"line":133,"column":0},"end":{"line":133,"column":26}},"133":{"start":{"line":134,"column":0},"end":{"line":134,"column":8}},"134":{"start":{"line":135,"column":0},"end":{"line":135,"column":6}},"135":{"start":{"line":136,"column":0},"end":{"line":136,"column":4}},"136":{"start":{"line":137,"column":0},"end":{"line":137,"column":1}},"138":{"start":{"line":139,"column":0},"end":{"line":139,"column":72}},"139":{"start":{"line":140,"column":0},"end":{"line":140,"column":25}},"140":{"start":{"line":141,"column":0},"end":{"line":141,"column":7}},"141":{"start":{"line":142,"column":0},"end":{"line":142,"column":45}},"142":{"start":{"line":143,"column":0},"end":{"line":143,"column":44}},"143":{"start":{"line":144,"column":0},"end":{"line":144,"column":51}},"144":{"start":{"line":145,"column":0},"end":{"line":145,"column":35}},"146":{"start":{"line":147,"column":0},"end":{"line":147,"column":55}},"147":{"start":{"line":148,"column":0},"end":{"line":148,"column":21}},"148":{"start":{"line":149,"column":0},"end":{"line":149,"column":46}},"150":{"start":{"line":151,"column":0},"end":{"line":151,"column":66}},"151":{"start":{"line":152,"column":0},"end":{"line":152,"column":22}},"152":{"start":{"line":153,"column":0},"end":{"line":153,"column":5}},"154":{"start":{"line":155,"column":0},"end":{"line":155,"column":16}},"155":{"start":{"line":156,"column":0},"end":{"line":156,"column":15}},"157":{"start":{"line":158,"column":0},"end":{"line":158,"column":62}},"158":{"start":{"line":159,"column":0},"end":{"line":159,"column":44}},"159":{"start":{"line":160,"column":0},"end":{"line":160,"column":16}},"160":{"start":{"line":161,"column":0},"end":{"line":161,"column":3}},"161":{"start":{"line":162,"column":0},"end":{"line":162,"column":1}},"163":{"start":{"line":164,"column":0},"end":{"line":164,"column":75}},"164":{"start":{"line":165,"column":0},"end":{"line":165,"column":25}},"165":{"start":{"line":166,"column":0},"end":{"line":166,"column":58}},"166":{"start":{"line":167,"column":0},"end":{"line":167,"column":1}},"168":{"start":{"line":169,"column":0},"end":{"line":169,"column":64}},"169":{"start":{"line":170,"column":0},"end":{"line":170,"column":32}},"170":{"start":{"line":171,"column":0},"end":{"line":171,"column":12}},"171":{"start":{"line":172,"column":0},"end":{"line":172,"column":15}},"172":{"start":{"line":173,"column":0},"end":{"line":173,"column":19}},"173":{"start":{"line":174,"column":0},"end":{"line":174,"column":25}},"174":{"start":{"line":175,"column":0},"end":{"line":175,"column":25}},"175":{"start":{"line":176,"column":0},"end":{"line":176,"column":15}},"176":{"start":{"line":177,"column":0},"end":{"line":177,"column":50}},"177":{"start":{"line":178,"column":0},"end":{"line":178,"column":45}},"178":{"start":{"line":179,"column":0},"end":{"line":179,"column":58}},"179":{"start":{"line":180,"column":0},"end":{"line":180,"column":8}},"180":{"start":{"line":181,"column":0},"end":{"line":181,"column":6}},"181":{"start":{"line":182,"column":0},"end":{"line":182,"column":3}},"182":{"start":{"line":183,"column":0},"end":{"line":183,"column":32}},"183":{"start":{"line":184,"column":0},"end":{"line":184,"column":12}},"184":{"start":{"line":185,"column":0},"end":{"line":185,"column":15}},"185":{"start":{"line":186,"column":0},"end":{"line":186,"column":19}},"186":{"start":{"line":187,"column":0},"end":{"line":187,"column":25}},"187":{"start":{"line":188,"column":0},"end":{"line":188,"column":25}},"188":{"start":{"line":189,"column":0},"end":{"line":189,"column":15}},"189":{"start":{"line":190,"column":0},"end":{"line":190,"column":50}},"190":{"start":{"line":191,"column":0},"end":{"line":191,"column":45}},"191":{"start":{"line":192,"column":0},"end":{"line":192,"column":8}},"192":{"start":{"line":193,"column":0},"end":{"line":193,"column":6}},"193":{"start":{"line":194,"column":0},"end":{"line":194,"column":3}},"194":{"start":{"line":195,"column":0},"end":{"line":195,"column":10}},"195":{"start":{"line":196,"column":0},"end":{"line":196,"column":13}},"196":{"start":{"line":197,"column":0},"end":{"line":197,"column":17}},"197":{"start":{"line":198,"column":0},"end":{"line":198,"column":23}},"198":{"start":{"line":199,"column":0},"end":{"line":199,"column":23}},"199":{"start":{"line":200,"column":0},"end":{"line":200,"column":13}},"200":{"start":{"line":201,"column":0},"end":{"line":201,"column":56}},"201":{"start":{"line":202,"column":0},"end":{"line":202,"column":48}},"202":{"start":{"line":203,"column":0},"end":{"line":203,"column":43}},"203":{"start":{"line":204,"column":0},"end":{"line":204,"column":6}},"204":{"start":{"line":205,"column":0},"end":{"line":205,"column":4}},"205":{"start":{"line":206,"column":0},"end":{"line":206,"column":1}},"207":{"start":{"line":208,"column":0},"end":{"line":208,"column":42}},"212":{"start":{"line":213,"column":0},"end":{"line":213,"column":3}},"213":{"start":{"line":214,"column":0},"end":{"line":214,"column":81}},"214":{"start":{"line":215,"column":0},"end":{"line":215,"column":48}},"215":{"start":{"line":216,"column":0},"end":{"line":216,"column":54}},"216":{"start":{"line":217,"column":0},"end":{"line":217,"column":35}},"218":{"start":{"line":219,"column":0},"end":{"line":219,"column":30}},"219":{"start":{"line":220,"column":0},"end":{"line":220,"column":12}},"220":{"start":{"line":221,"column":0},"end":{"line":221,"column":35}},"221":{"start":{"line":222,"column":0},"end":{"line":222,"column":42}},"222":{"start":{"line":223,"column":0},"end":{"line":223,"column":25}},"223":{"start":{"line":224,"column":0},"end":{"line":224,"column":19}},"224":{"start":{"line":225,"column":0},"end":{"line":225,"column":6}},"225":{"start":{"line":226,"column":0},"end":{"line":226,"column":3}},"227":{"start":{"line":228,"column":0},"end":{"line":228,"column":30}},"228":{"start":{"line":229,"column":0},"end":{"line":229,"column":12}},"229":{"start":{"line":230,"column":0},"end":{"line":230,"column":35}},"230":{"start":{"line":231,"column":0},"end":{"line":231,"column":42}},"231":{"start":{"line":232,"column":0},"end":{"line":232,"column":25}},"232":{"start":{"line":233,"column":0},"end":{"line":233,"column":19}},"233":{"start":{"line":234,"column":0},"end":{"line":234,"column":6}},"234":{"start":{"line":235,"column":0},"end":{"line":235,"column":3}},"236":{"start":{"line":237,"column":0},"end":{"line":237,"column":10}},"237":{"start":{"line":238,"column":0},"end":{"line":238,"column":33}},"238":{"start":{"line":239,"column":0},"end":{"line":239,"column":40}},"239":{"start":{"line":240,"column":0},"end":{"line":240,"column":23}},"240":{"start":{"line":241,"column":0},"end":{"line":241,"column":17}},"241":{"start":{"line":242,"column":0},"end":{"line":242,"column":4}},"242":{"start":{"line":243,"column":0},"end":{"line":243,"column":1}}},"s":{"0":1,"7":1,"8":1,"9":1,"10":1,"11":1,"12":1,"13":1,"14":1,"15":1,"16":1,"17":1,"18":1,"19":1,"20":1,"21":1,"22":1,"23":1,"24":1,"25":1,"26":1,"27":1,"28":1,"29":1,"33":1,"34":1,"35":1,"36":1,"37":1,"42":1,"43":1,"44":1,"45":1,"46":1,"47":1,"48":1,"49":1,"50":1,"51":1,"52":1,"53":1,"54":1,"55":1,"56":1,"57":1,"58":1,"59":1,"60":1,"61":1,"62":1,"87":2,"88":2,"89":2,"90":2,"91":2,"93":1,"94":9,"95":9,"96":9,"97":9,"99":3,"100":3,"101":3,"102":3,"104":3,"105":3,"106":3,"107":3,"108":3,"110":3,"111":3,"112":3,"113":3,"115":1,"116":1,"117":1,"119":1,"120":1,"121":1,"122":1,"123":1,"124":1,"125":1,"126":1,"127":1,"128":1,"129":1,"130":1,"131":1,"132":1,"133":1,"134":1,"135":1,"136":1,"138":5,"139":5,"140":5,"141":5,"142":3,"143":3,"144":5,"146":1,"147":1,"148":1,"150":1,"151":1,"152":1,"154":0,"155":5,"157":2,"158":2,"159":0,"160":0,"161":5,"163":2,"164":2,"165":2,"166":2,"168":1,"169":2,"170":2,"171":2,"172":2,"173":2,"174":2,"175":2,"176":2,"177":2,"178":2,"179":2,"180":2,"181":2,"182":0,"183":0,"184":0,"185":0,"186":0,"187":0,"188":0,"189":0,"190":0,"191":0,"192":0,"193":0,"194":0,"195":0,"196":0,"197":0,"198":0,"199":0,"200":2,"201":2,"202":2,"203":2,"204":2,"205":2,"207":1,"212":2,"213":2,"214":0,"215":2,"216":2,"218":2,"219":0,"220":0,"221":0,"222":0,"223":0,"224":0,"225":0,"227":2,"228":0,"229":0,"230":0,"231":0,"232":0,"233":0,"234":0,"236":2,"237":2,"238":2,"239":2,"240":2,"241":2,"242":2},"branchMap":{"0":{"type":"branch","line":88,"loc":{"start":{"line":88,"column":0},"end":{"line":92,"column":1}},"locations":[{"start":{"line":88,"column":0},"end":{"line":92,"column":1}}]},"1":{"type":"branch","line":89,"loc":{"start":{"line":89,"column":13},"end":{"line":89,"column":24}},"locations":[{"start":{"line":89,"column":13},"end":{"line":89,"column":24}}]},"2":{"type":"branch","line":90,"loc":{"start":{"line":90,"column":10},"end":{"line":90,"column":22}},"locations":[{"start":{"line":90,"column":10},"end":{"line":90,"column":22}}]},"3":{"type":"branch","line":91,"loc":{"start":{"line":91,"column":21},"end":{"line":91,"column":29}},"locations":[{"start":{"line":91,"column":21},"end":{"line":91,"column":29}}]},"4":{"type":"branch","line":94,"loc":{"start":{"line":94,"column":7},"end":{"line":98,"column":1}},"locations":[{"start":{"line":94,"column":7},"end":{"line":98,"column":1}}]},"5":{"type":"branch","line":96,"loc":{"start":{"line":96,"column":17},"end":{"line":96,"column":44}},"locations":[{"start":{"line":96,"column":17},"end":{"line":96,"column":44}}]},"6":{"type":"branch","line":96,"loc":{"start":{"line":96,"column":49},"end":{"line":96,"column":89}},"locations":[{"start":{"line":96,"column":49},"end":{"line":96,"column":89}}]},"7":{"type":"branch","line":100,"loc":{"start":{"line":100,"column":0},"end":{"line":103,"column":1}},"locations":[{"start":{"line":100,"column":0},"end":{"line":103,"column":1}}]},"8":{"type":"branch","line":105,"loc":{"start":{"line":105,"column":0},"end":{"line":114,"column":1}},"locations":[{"start":{"line":105,"column":0},"end":{"line":114,"column":1}}]},"9":{"type":"branch","line":116,"loc":{"start":{"line":116,"column":7},"end":{"line":118,"column":1}},"locations":[{"start":{"line":116,"column":7},"end":{"line":118,"column":1}}]},"10":{"type":"branch","line":120,"loc":{"start":{"line":120,"column":7},"end":{"line":137,"column":1}},"locations":[{"start":{"line":120,"column":7},"end":{"line":137,"column":1}}]},"11":{"type":"branch","line":139,"loc":{"start":{"line":139,"column":0},"end":{"line":162,"column":1}},"locations":[{"start":{"line":139,"column":0},"end":{"line":162,"column":1}}]},"12":{"type":"branch","line":142,"loc":{"start":{"line":142,"column":43},"end":{"line":145,"column":27}},"locations":[{"start":{"line":142,"column":43},"end":{"line":145,"column":27}}]},"13":{"type":"branch","line":145,"loc":{"start":{"line":145,"column":20},"end":{"line":145,"column":35}},"locations":[{"start":{"line":145,"column":20},"end":{"line":145,"column":35}}]},"14":{"type":"branch","line":145,"loc":{"start":{"line":145,"column":30},"end":{"line":153,"column":5}},"locations":[{"start":{"line":145,"column":30},"end":{"line":153,"column":5}}]},"15":{"type":"branch","line":153,"loc":{"start":{"line":153,"column":4},"end":{"line":156,"column":11}},"locations":[{"start":{"line":153,"column":4},"end":{"line":156,"column":11}}]},"16":{"type":"branch","line":156,"loc":{"start":{"line":156,"column":2},"end":{"line":161,"column":3}},"locations":[{"start":{"line":156,"column":2},"end":{"line":161,"column":3}}]},"17":{"type":"branch","line":159,"loc":{"start":{"line":159,"column":39},"end":{"line":161,"column":3}},"locations":[{"start":{"line":159,"column":39},"end":{"line":161,"column":3}}]},"18":{"type":"branch","line":164,"loc":{"start":{"line":164,"column":0},"end":{"line":167,"column":1}},"locations":[{"start":{"line":164,"column":0},"end":{"line":167,"column":1}}]},"19":{"type":"branch","line":169,"loc":{"start":{"line":169,"column":7},"end":{"line":206,"column":1}},"locations":[{"start":{"line":169,"column":7},"end":{"line":206,"column":1}}]},"20":{"type":"branch","line":182,"loc":{"start":{"line":182,"column":2},"end":{"line":201,"column":37}},"locations":[{"start":{"line":182,"column":2},"end":{"line":201,"column":37}}]},"21":{"type":"branch","line":201,"loc":{"start":{"line":201,"column":26},"end":{"line":201,"column":41}},"locations":[{"start":{"line":201,"column":26},"end":{"line":201,"column":41}}]},"22":{"type":"branch","line":201,"loc":{"start":{"line":201,"column":46},"end":{"line":201,"column":56}},"locations":[{"start":{"line":201,"column":46},"end":{"line":201,"column":56}}]},"23":{"type":"branch","line":202,"loc":{"start":{"line":202,"column":24},"end":{"line":202,"column":45}},"locations":[{"start":{"line":202,"column":24},"end":{"line":202,"column":45}}]},"24":{"type":"branch","line":203,"loc":{"start":{"line":203,"column":27},"end":{"line":203,"column":41}},"locations":[{"start":{"line":203,"column":27},"end":{"line":203,"column":41}}]},"25":{"type":"branch","line":208,"loc":{"start":{"line":208,"column":7},"end":{"line":243,"column":1}},"locations":[{"start":{"line":208,"column":7},"end":{"line":243,"column":1}}]},"26":{"type":"branch","line":214,"loc":{"start":{"line":214,"column":77},"end":{"line":215,"column":48}},"locations":[{"start":{"line":214,"column":77},"end":{"line":215,"column":48}}]},"27":{"type":"branch","line":219,"loc":{"start":{"line":219,"column":29},"end":{"line":226,"column":3}},"locations":[{"start":{"line":219,"column":29},"end":{"line":226,"column":3}}]},"28":{"type":"branch","line":228,"loc":{"start":{"line":228,"column":29},"end":{"line":235,"column":3}},"locations":[{"start":{"line":228,"column":29},"end":{"line":235,"column":3}}]},"29":{"type":"branch","line":239,"loc":{"start":{"line":239,"column":12},"end":{"line":239,"column":30}},"locations":[{"start":{"line":239,"column":12},"end":{"line":239,"column":30}}]}},"b":{"0":[2],"1":[0],"2":[0],"3":[0],"4":[9],"5":[0],"6":[0],"7":[3],"8":[3],"9":[1],"10":[1],"11":[5],"12":[3],"13":[2],"14":[1],"15":[0],"16":[2],"17":[0],"18":[2],"19":[2],"20":[0],"21":[0],"22":[0],"23":[0],"24":[0],"25":[2],"26":[0],"27":[0],"28":[0],"29":[0]},"fnMap":{"0":{"name":"keyLast4","decl":{"start":{"line":88,"column":0},"end":{"line":92,"column":1}},"loc":{"start":{"line":88,"column":0},"end":{"line":92,"column":1}},"line":88},"1":{"name":"configPath","decl":{"start":{"line":94,"column":7},"end":{"line":98,"column":1}},"loc":{"start":{"line":94,"column":7},"end":{"line":98,"column":1}},"line":94},"2":{"name":"ensureParentDir","decl":{"start":{"line":100,"column":0},"end":{"line":103,"column":1}},"loc":{"start":{"line":100,"column":0},"end":{"line":103,"column":1}},"line":100},"3":{"name":"atomicWriteFile","decl":{"start":{"line":105,"column":0},"end":{"line":114,"column":1}},"loc":{"start":{"line":105,"column":0},"end":{"line":114,"column":1}},"line":105},"4":{"name":"newProfileId","decl":{"start":{"line":116,"column":7},"end":{"line":118,"column":1}},"loc":{"start":{"line":116,"column":7},"end":{"line":118,"column":1}},"line":116},"5":{"name":"migrateV1ToV2","decl":{"start":{"line":120,"column":7},"end":{"line":137,"column":1}},"loc":{"start":{"line":120,"column":7},"end":{"line":137,"column":1}},"line":120},"6":{"name":"loadConfigStore","decl":{"start":{"line":139,"column":0},"end":{"line":162,"column":1}},"loc":{"start":{"line":139,"column":0},"end":{"line":162,"column":1}},"line":139},"7":{"name":"saveConfigStore","decl":{"start":{"line":164,"column":0},"end":{"line":167,"column":1}},"loc":{"start":{"line":164,"column":0},"end":{"line":167,"column":1}},"line":164},"8":{"name":"toPublicProfile","decl":{"start":{"line":169,"column":7},"end":{"line":206,"column":1}},"loc":{"start":{"line":169,"column":7},"end":{"line":206,"column":1}},"line":169},"9":{"name":"toPublicConfigFromEnv","decl":{"start":{"line":208,"column":7},"end":{"line":243,"column":1}},"loc":{"start":{"line":208,"column":7},"end":{"line":243,"column":1}},"line":208}},"f":{"0":2,"1":9,"2":3,"3":3,"4":1,"5":1,"6":5,"7":2,"8":2,"9":2}}
,"/Users/huangyuan/Projects/karios-desktop/apps/ai-service/src/index.ts": {"path":"/Users/huangyuan/Projects/karios-desktop/apps/ai-service/src/index.ts","all":true,"statementMap":{"0":{"start":{"line":1,"column":0},"end":{"line":1,"column":23}},"2":{"start":{"line":3,"column":0},"end":{"line":3,"column":42}},"4":{"start":{"line":5,"column":0},"end":{"line":5,"column":28}},"6":{"start":{"line":7,"column":0},"end":{"line":7,"column":46}},"8":{"start":{"line":9,"column":0},"end":{"line":9,"column":47}},"9":{"start":{"line":10,"column":0},"end":{"line":10,"column":3}},"11":{"start":{"line":12,"column":0},"end":{"line":12,"column":42}},"13":{"start":{"line":14,"column":0},"end":{"line":14,"column":43}},"14":{"start":{"line":15,"column":0},"end":{"line":15,"column":3}},"16":{"start":{"line":17,"column":0},"end":{"line":17,"column":46}},"18":{"start":{"line":19,"column":0},"end":{"line":19,"column":45}},"19":{"start":{"line":20,"column":0},"end":{"line":20,"column":71}},"20":{"start":{"line":21,"column":0},"end":{"line":21,"column":3}}},"s":{"0":0,"2":0,"4":0,"6":0,"8":0,"9":0,"11":0,"13":0,"14":0,"16":0,"18":0,"19":0,"20":0},"branchMap":{"0":{"type":"branch","line":1,"loc":{"start":{"line":1,"column":0},"end":{"line":21,"column":-73}},"locations":[{"start":{"line":1,"column":0},"end":{"line":21,"column":-73}}]}},"b":{"0":[0]},"fnMap":{"0":{"name":"(empty-report)","decl":{"start":{"line":1,"column":0},"end":{"line":21,"column":-73}},"loc":{"start":{"line":1,"column":0},"end":{"line":21,"column":-73}},"line":1}},"f":{"0":0}}
,"/Users/huangyuan/Projects/karios-desktop/apps/ai-service/src/json_parse.ts": {"path":"/Users/huangyuan/Projects/karios-desktop/apps/ai-service/src/json_parse.ts","all":false,"statementMap":{"0":{"start":{"line":1,"column":0},"end":{"line":1,"column":59}},"1":{"start":{"line":2,"column":0},"end":{"line":2,"column":25}},"3":{"start":{"line":4,"column":0},"end":{"line":4,"column":11}},"4":{"start":{"line":5,"column":0},"end":{"line":5,"column":46}},"5":{"start":{"line":6,"column":0},"end":{"line":6,"column":76}},"6":{"start":{"line":7,"column":0},"end":{"line":7,"column":11}},"7":{"start":{"line":8,"column":0},"end":{"line":8,"column":7}},"8":{"start":{"line":9,"column":0},"end":{"line":9,"column":25}},"9":{"start":{"line":10,"column":0},"end":{"line":10,"column":11}},"11":{"start":{"line":12,"column":0},"end":{"line":12,"column":33}},"12":{"start":{"line":13,"column":0},"end":{"line":13,"column":35}},"13":{"start":{"line":14,"column":0},"end":{"line":14,"column":36}},"14":{"start":{"line":15,"column":0},"end":{"line":15,"column":51}},"15":{"start":{"line":16,"column":0},"end":{"line":16,"column":31}},"16":{"start":{"line":17,"column":0},"end":{"line":17,"column":5}},"17":{"start":{"line":18,"column":0},"end":{"line":18,"column":44}},"18":{"start":{"line":19,"column":0},"end":{"line":19,"column":3}},"19":{"start":{"line":20,"column":0},"end":{"line":20,"column":1}}},"s":{"0":1,"1":0,"3":0,"4":0,"5":0,"6":0,"7":0,"8":0,"9":0,"11":0,"12":0,"13":0,"14":0,"15":0,"16":0,"17":0,"18":0,"19":0},"branchMap":{},"b":{},"fnMap":{"0":{"name":"tryParseJsonObject","decl":{"start":{"line":1,"column":7},"end":{"line":20,"column":1}},"loc":{"start":{"line":1,"column":7},"end":{"line":20,"column":1}},"line":1}},"f":{"0":0}}
}
