{"meta": {"format": 3, "version": "7.13.5", "timestamp": "2026-08-02T23:40:42.256789", "branch_coverage": false, "show_contexts": false}, "files": {"src/data_sync_service/__init__.py": {"executed_lines": [], "summary": {"covered_lines": 0, "num_statements": 0, "percent_covered": 100.0, "percent_covered_display": "100", "missing_lines": 0, "excluded_lines": 0, "percent_statements_covered": 100.0, "percent_statements_covered_display": "100"}, "missing_lines": [], "excluded_lines": [], "functions": {"": {"executed_lines": [], "summary": {"covered_lines": 0, "num_statements": 0, "percent_covered": 100.0, "percent_covered_display": "100", "missing_lines": 0, "excluded_lines": 0, "percent_statements_covered": 100.0, "percent_statements_covered_display": "100"}, "missing_lines": [], "excluded_lines": [], "start_line": 1}}, "classes": {"": {"executed_lines": [], "summary": {"covered_lines": 0, "num_statements": 0, "percent_covered": 100.0, "percent_covered_display": "100", "missing_lines": 0, "excluded_lines": 0, "percent_statements_covered": 100.0, "percent_statements_covered_display": "100"}, "missing_lines": [], "excluded_lines": [], "start_line": 1}}}, "src/data_sync_service/api/__init__.py": {"executed_lines": [], "summary": {"covered_lines": 0, "num_statements": 0, "percent_covered": 100.0, "percent_covered_display": "100", "missing_lines": 0, "excluded_lines": 0, "percent_statements_covered": 100.0, "percent_statements_covered_display": "100"}, "missing_lines": [], "excluded_lines": [], "functions": {"": {"executed_lines": [], "summary": {"covered_lines": 0, "num_statements": 0, "percent_covered": 100.0, "percent_covered_display": "100", "missing_lines": 0, "excluded_lines": 0, "percent_statements_covered": 100.0, "percent_statements_covered_display": "100"}, "missing_lines": [], "excluded_lines": [], "start_line": 1}}, "classes": {"": {"executed_lines": [], "summary": {"covered_lines": 0, "num_statements": 0, "percent_covered": 100.0, "percent_covered_display": "100", "missing_lines": 0, "excluded_lines": 0, "percent_statements_covered": 100.0, "percent_statements_covered_display": "100"}, "missing_lines": [], "excluded_lines": [], "start_line": 1}}}, "src/data_sync_service/api/alpha_radar_routes.py": {"executed_lines": [3, 5, 7, 17, 18, 19, 20, 26, 30, 31, 33, 36, 37, 38, 39, 42, 43, 44, 45, 46, 49, 50, 57, 58, 65, 68, 69, 70, 71, 74, 75, 83, 84, 93, 94, 102, 103, 112, 113, 114, 115, 118, 119, 129, 130, 131, 132, 133, 134, 135, 144, 153, 154, 172, 173, 187, 188, 211, 212, 223, 224, 225, 226, 227], "summary": {"covered_lines": 64, "num_statements": 127, "percent_covered": 50.39370078740158, "percent_covered_display": "50", "missing_lines": 63, "excluded_lines": 0, "percent_statements_covered": 50.39370078740158, "percent_statements_covered_display": "50"}, "missing_lines": [76, 77, 78, 79, 80, 85, 86, 87, 88, 89, 90, 95, 96, 97, 98, 99, 105, 106, 107, 108, 109, 155, 156, 157, 158, 159, 161, 162, 163, 164, 169, 174, 175, 176, 177, 178, 179, 180, 181, 182, 183, 184, 189, 190, 191, 192, 194, 195, 196, 201, 202, 207, 208, 213, 214, 215, 216, 217, 218, 219, 220, 228, 229], "excluded_lines": [], "functions": {"list_sources": {"executed_lines": [38, 39], "summary": {"covered_lines": 2, "num_statements": 2, "percent_covered": 100.0, "percent_covered_display": "100", "missing_lines": 0, "excluded_lines": 0, "percent_statements_covered": 100.0, "percent_statements_covered_display": "100"}, "missing_lines": [], "excluded_lines": [], "start_line": 37}, "init_defaults": {"executed_lines": [44, 45, 46], "summary": {"covered_lines": 3, "num_statements": 3, "percent_covered": 100.0, "percent_covered_display": "100", "missing_lines": 0, "excluded_lines": 0, "percent_statements_covered": 100.0, "percent_statements_covered_display": "100"}, "missing_lines": [], "excluded_lines": [], "start_line": 43}, "list_documents": {"executed_lines": [57, 58, 65], "summary": {"covered_lines": 3, "num_statements": 3, "percent_covered": 100.0, "percent_covered_display": "100", "missing_lines": 0, "excluded_lines": 0, "percent_statements_covered": 100.0, "percent_statements_covered_display": "100"}, "missing_lines": [], "excluded_lines": [], "start_line": 50}, "alpha_radar_status": {"executed_lines": [70, 71], "summary": {"covered_lines": 2, "num_statements": 2, "percent_covered": 100.0, "percent_covered_display": "100", "missing_lines": 0, "excluded_lines": 0, "percent_statements_covered": 100.0, "percent_statements_covered_display": "100"}, "missing_lines": [], "excluded_lines": [], "start_line": 69}, "run_ingest": {"executed_lines": [], "summary": {"covered_lines": 0, "num_statements": 5, "percent_covered": 0.0, "percent_covered_display": "0", "missing_lines": 5, "excluded_lines": 0, "percent_statements_covered": 0.0, "percent_statements_covered_display": "0"}, "missing_lines": [76, 77, 78, 79, 80], "excluded_lines": [], "start_line": 75}, "run_process": {"executed_lines": [], "summary": {"covered_lines": 0, "num_statements": 6, "percent_covered": 0.0, "percent_covered_display": "0", "missing_lines": 6, "excluded_lines": 0, "percent_statements_covered": 0.0, "percent_statements_covered_display": "0"}, "missing_lines": [85, 86, 87, 88, 89, 90], "excluded_lines": [], "start_line": 84}, "run_pipeline": {"executed_lines": [], "summary": {"covered_lines": 0, "num_statements": 5, "percent_covered": 0.0, "percent_covered_display": "0", "missing_lines": 5, "excluded_lines": 0, "percent_statements_covered": 0.0, "percent_statements_covered_display": "0"}, "missing_lines": [95, 96, 97, 98, 99], "excluded_lines": [], "start_line": 94}, "generate_daily": {"executed_lines": [], "summary": {"covered_lines": 0, "num_statements": 5, "percent_covered": 0.0, "percent_covered_display": "0", "missing_lines": 5, "excluded_lines": 0, "percent_statements_covered": 0.0, "percent_statements_covered_display": "0"}, "missing_lines": [105, 106, 107, 108, 109], "excluded_lines": [], "start_line": 103}, "catalyst_stocks": {"executed_lines": [114, 115], "summary": {"covered_lines": 2, "num_statements": 2, "percent_covered": 100.0, "percent_covered_display": "100", "missing_lines": 0, "excluded_lines": 0, "percent_statements_covered": 100.0, "percent_statements_covered_display": "100"}, "missing_lines": [], "excluded_lines": [], "start_line": 113}, "list_trends": {"executed_lines": [129, 130, 131, 132, 133, 134, 135, 144], "summary": {"covered_lines": 8, "num_statements": 8, "percent_covered": 100.0, "percent_covered_display": "100", "missing_lines": 0, "excluded_lines": 0, "percent_statements_covered": 100.0, "percent_statements_covered_display": "100"}, "missing_lines": [], "excluded_lines": [], "start_line": 119}, "sync_feeds": {"executed_lines": [], "summary": {"covered_lines": 0, "num_statements": 10, "percent_covered": 0.0, "percent_covered_display": "0", "missing_lines": 10, "excluded_lines": 0, "percent_statements_covered": 0.0, "percent_statements_covered_display": "0"}, "missing_lines": [155, 156, 157, 158, 159, 161, 162, 163, 164, 169], "excluded_lines": [], "start_line": 154}, "process_feeds": {"executed_lines": [], "summary": {"covered_lines": 0, "num_statements": 11, "percent_covered": 0.0, "percent_covered_display": "0", "missing_lines": 11, "excluded_lines": 0, "percent_statements_covered": 0.0, "percent_statements_covered_display": "0"}, "missing_lines": [174, 175, 176, 177, 178, 179, 180, 181, 182, 183, 184], "excluded_lines": [], "start_line": 173}, "refresh_trend_risk": {"executed_lines": [], "summary": {"covered_lines": 0, "num_statements": 11, "percent_covered": 0.0, "percent_covered_display": "0", "missing_lines": 11, "excluded_lines": 0, "percent_statements_covered": 0.0, "percent_statements_covered_display": "0"}, "missing_lines": [189, 190, 191, 192, 194, 195, 196, 201, 202, 207, 208], "excluded_lines": [], "start_line": 188}, "remap_trend": {"executed_lines": [], "summary": {"covered_lines": 0, "num_statements": 8, "percent_covered": 0.0, "percent_covered_display": "0", "missing_lines": 8, "excluded_lines": 0, "percent_statements_covered": 0.0, "percent_statements_covered_display": "0"}, "missing_lines": [213, 214, 215, 216, 217, 218, 219, 220], "excluded_lines": [], "start_line": 212}, "delete_trend": {"executed_lines": [225, 226, 227], "summary": {"covered_lines": 3, "num_statements": 5, "percent_covered": 60.0, "percent_covered_display": "60", "missing_lines": 2, "excluded_lines": 0, "percent_statements_covered": 60.0, "percent_statements_covered_display": "60"}, "missing_lines": [228, 229], "excluded_lines": [], "start_line": 224}, "": {"executed_lines": [3, 5, 7, 17, 18, 19, 20, 26, 30, 31, 33, 36, 37, 42, 43, 49, 50, 68, 69, 74, 75, 83, 84, 93, 94, 102, 103, 112, 113, 118, 119, 153, 154, 172, 173, 187, 188, 211, 212, 223, 224], "summary": {"covered_lines": 41, "num_statements": 41, "percent_covered": 100.0, "percent_covered_display": "100", "missing_lines": 0, "excluded_lines": 0, "percent_statements_covered": 100.0, "percent_statements_covered_display": "100"}, "missing_lines": [], "excluded_lines": [], "start_line": 1}}, "classes": {"": {"executed_lines": [3, 5, 7, 17, 18, 19, 20, 26, 30, 31, 33, 36, 37, 38, 39, 42, 43, 44, 45, 46, 49, 50, 57, 58, 65, 68, 69, 70, 71, 74, 75, 83, 84, 93, 94, 102, 103, 112, 113, 114, 115, 118, 119, 129, 130, 131, 132, 133, 134, 135, 144, 153, 154, 172, 173, 187, 188, 211, 212, 223, 224, 225, 226, 227], "summary": {"covered_lines": 64, "num_statements": 127, "percent_covered": 50.39370078740158, "percent_covered_display": "50", "missing_lines": 63, "excluded_lines": 0, "percent_statements_covered": 50.39370078740158, "percent_statements_covered_display": "50"}, "missing_lines": [76, 77, 78, 79, 80, 85, 86, 87, 88, 89, 90, 95, 96, 97, 98, 99, 105, 106, 107, 108, 109, 155, 156, 157, 158, 159, 161, 162, 163, 164, 169, 174, 175, 176, 177, 178, 179, 180, 181, 182, 183, 184, 189, 190, 191, 192, 194, 195, 196, 201, 202, 207, 208, 213, 214, 215, 216, 217, 218, 219, 220, 228, 229], "excluded_lines": [], "start_line": 1}}}, "src/data_sync_service/api/auth.py": {"executed_lines": [21, 23, 26, 34, 35, 36, 41, 42, 48, 51, 61, 63, 64, 65, 67, 68, 73, 74, 75, 80, 81, 82], "summary": {"covered_lines": 22, "num_statements": 23, "percent_covered": 95.65217391304348, "percent_covered_display": "96", "missing_lines": 1, "excluded_lines": 0, "percent_statements_covered": 95.65217391304348, "percent_statements_covered_display": "96"}, "missing_lines": [43], "excluded_lines": [], "functions": {"parse_authorization_header": {"executed_lines": [34, 35, 36, 41, 42, 48], "summary": {"covered_lines": 6, "num_statements": 7, "percent_covered": 85.71428571428571, "percent_covered_display": "86", "missing_lines": 1, "excluded_lines": 0, "percent_statements_covered": 85.71428571428571, "percent_statements_covered_display": "86"}, "missing_lines": [43], "excluded_lines": [], "start_line": 26}, "require_api_key": {"executed_lines": [61, 63, 64, 65, 67, 68, 73, 74, 75, 80, 81, 82], "summary": {"covered_lines": 12, "num_statements": 12, "percent_covered": 100.0, "percent_covered_display": "100", "missing_lines": 0, "excluded_lines": 0, "percent_statements_covered": 100.0, "percent_statements_covered_display": "100"}, "missing_lines": [], "excluded_lines": [], "start_line": 51}, "": {"executed_lines": [21, 23, 26, 51], "summary": {"covered_lines": 4, "num_statements": 4, "percent_covered": 100.0, "percent_covered_display": "100", "missing_lines": 0, "excluded_lines": 0, "percent_statements_covered": 100.0, "percent_statements_covered_display": "100"}, "missing_lines": [], "excluded_lines": [], "start_line": 1}}, "classes": {"": {"executed_lines": [21, 23, 26, 34, 35, 36, 41, 42, 48, 51, 61, 63, 64, 65, 67, 68, 73, 74, 75, 80, 81, 82], "summary": {"covered_lines": 22, "num_statements": 23, "percent_covered": 95.65217391304348, "percent_covered_display": "96", "missing_lines": 1, "excluded_lines": 0, "percent_statements_covered": 95.65217391304348, "percent_statements_covered_display": "96"}, "missing_lines": [43], "excluded_lines": [], "start_line": 1}}}, "src/data_sync_service/api/broker_routes.py": {"executed_lines": [1, 3, 5, 6, 7, 9, 23, 26, 27, 28, 29, 30, 33, 34, 35, 36, 39, 40, 41, 44, 45, 48, 49, 53, 54, 55, 56, 57, 59, 60, 61, 62, 65, 66, 76, 77, 84, 85, 92, 93, 109, 110, 117, 118, 131, 132, 133, 135, 138, 139, 153, 154], "summary": {"covered_lines": 52, "num_statements": 97, "percent_covered": 53.608247422680414, "percent_covered_display": "54", "missing_lines": 45, "excluded_lines": 0, "percent_statements_covered": 53.608247422680414, "percent_statements_covered_display": "54"}, "missing_lines": [50, 58, 67, 68, 69, 70, 71, 72, 73, 78, 79, 80, 81, 89, 94, 95, 96, 97, 111, 112, 113, 114, 119, 120, 126, 127, 128, 134, 140, 141, 142, 143, 144, 149, 150, 158, 159, 160, 161, 162, 163, 164, 165, 166, 167], "excluded_lines": [], "functions": {"list_accounts_endpoint": {"executed_lines": [], "summary": {"covered_lines": 0, "num_statements": 1, "percent_covered": 0.0, "percent_covered_display": "0", "missing_lines": 1, "excluded_lines": 0, "percent_statements_covered": 0.0, "percent_statements_covered_display": "0"}, "missing_lines": [50], "excluded_lines": [], "start_line": 49}, "create_account_endpoint": {"executed_lines": [55, 56, 57, 59, 60, 61, 62], "summary": {"covered_lines": 7, "num_statements": 8, "percent_covered": 87.5, "percent_covered_display": "88", "missing_lines": 1, "excluded_lines": 0, "percent_statements_covered": 87.5, "percent_statements_covered_display": "88"}, "missing_lines": [58], "excluded_lines": [], "start_line": 54}, "rename_account_endpoint": {"executed_lines": [], "summary": {"covered_lines": 0, "num_statements": 7, "percent_covered": 0.0, "percent_covered_display": "0", "missing_lines": 7, "excluded_lines": 0, "percent_statements_covered": 0.0, "percent_statements_covered_display": "0"}, "missing_lines": [67, 68, 69, 70, 71, 72, 73], "excluded_lines": [], "start_line": 66}, "delete_account_endpoint": {"executed_lines": [], "summary": {"covered_lines": 0, "num_statements": 4, "percent_covered": 0.0, "percent_covered_display": "0", "missing_lines": 4, "excluded_lines": 0, "percent_statements_covered": 0.0, "percent_statements_covered_display": "0"}, "missing_lines": [78, 79, 80, 81], "excluded_lines": [], "start_line": 77}, "list_pingan_snapshots_endpoint": {"executed_lines": [], "summary": {"covered_lines": 0, "num_statements": 1, "percent_covered": 0.0, "percent_covered_display": "0", "missing_lines": 1, "excluded_lines": 0, "percent_statements_covered": 0.0, "percent_statements_covered_display": "0"}, "missing_lines": [89], "excluded_lines": [], "start_line": 85}, "get_pingan_snapshot_endpoint": {"executed_lines": [], "summary": {"covered_lines": 0, "num_statements": 4, "percent_covered": 0.0, "percent_covered_display": "0", "missing_lines": 4, "excluded_lines": 0, "percent_statements_covered": 0.0, "percent_statements_covered_display": "0"}, "missing_lines": [94, 95, 96, 97], "excluded_lines": [], "start_line": 93}, "get_pingan_snapshot_image_endpoint": {"executed_lines": [], "summary": {"covered_lines": 0, "num_statements": 4, "percent_covered": 0.0, "percent_covered_display": "0", "missing_lines": 4, "excluded_lines": 0, "percent_statements_covered": 0.0, "percent_statements_covered_display": "0"}, "missing_lines": [111, 112, 113, 114], "excluded_lines": [], "start_line": 110}, "import_pingan_screenshots_endpoint": {"executed_lines": [], "summary": {"covered_lines": 0, "num_statements": 5, "percent_covered": 0.0, "percent_covered_display": "0", "missing_lines": 5, "excluded_lines": 0, "percent_statements_covered": 0.0, "percent_statements_covered_display": "0"}, "missing_lines": [119, 120, 126, 127, 128], "excluded_lines": [], "start_line": 118}, "get_pingan_state_endpoint": {"executed_lines": [133, 135], "summary": {"covered_lines": 2, "num_statements": 3, "percent_covered": 66.66666666666667, "percent_covered_display": "67", "missing_lines": 1, "excluded_lines": 0, "percent_statements_covered": 66.66666666666667, "percent_statements_covered_display": "67"}, "missing_lines": [134], "excluded_lines": [], "start_line": 132}, "sync_pingan_state_endpoint": {"executed_lines": [], "summary": {"covered_lines": 0, "num_statements": 7, "percent_covered": 0.0, "percent_covered_display": "0", "missing_lines": 7, "excluded_lines": 0, "percent_statements_covered": 0.0, "percent_statements_covered_display": "0"}, "missing_lines": [140, 141, 142, 143, 144, 149, 150], "excluded_lines": [], "start_line": 139}, "delete_pingan_conditional_order_endpoint": {"executed_lines": [], "summary": {"covered_lines": 0, "num_statements": 10, "percent_covered": 0.0, "percent_covered_display": "0", "missing_lines": 10, "excluded_lines": 0, "percent_statements_covered": 0.0, "percent_statements_covered_display": "0"}, "missing_lines": [158, 159, 160, 161, 162, 163, 164, 165, 166, 167], "excluded_lines": [], "start_line": 154}, "": {"executed_lines": [1, 3, 5, 6, 7, 9, 23, 26, 27, 28, 29, 30, 33, 34, 35, 36, 39, 40, 41, 44, 45, 48, 49, 53, 54, 65, 66, 76, 77, 84, 85, 92, 93, 109, 110, 117, 118, 131, 132, 138, 139, 153, 154], "summary": {"covered_lines": 43, "num_statements": 43, "percent_covered": 100.0, "percent_covered_display": "100", "missing_lines": 0, "excluded_lines": 0, "percent_statements_covered": 100.0, "percent_statements_covered_display": "100"}, "missing_lines": [], "excluded_lines": [], "start_line": 1}}, "classes": {"BrokerImportImage": {"executed_lines": [], "summary": {"covered_lines": 0, "num_statements": 0, "percent_covered": 100.0, "percent_covered_display": "100", "missing_lines": 0, "excluded_lines": 0, "percent_statements_covered": 100.0, "percent_statements_covered_display": "100"}, "missing_lines": [], "excluded_lines": [], "start_line": 26}, "BrokerImportRequest": {"executed_lines": [], "summary": {"covered_lines": 0, "num_statements": 0, "percent_covered": 100.0, "percent_covered_display": "100", "missing_lines": 0, "excluded_lines": 0, "percent_statements_covered": 100.0, "percent_statements_covered_display": "100"}, "missing_lines": [], "excluded_lines": [], "start_line": 33}, "BrokerSyncRequest": {"executed_lines": [], "summary": {"covered_lines": 0, "num_statements": 0, "percent_covered": 100.0, "percent_covered_display": "100", "missing_lines": 0, "excluded_lines": 0, "percent_statements_covered": 100.0, "percent_statements_covered_display": "100"}, "missing_lines": [], "excluded_lines": [], "start_line": 39}, "DeleteBrokerConditionalOrderRequest": {"executed_lines": [], "summary": {"covered_lines": 0, "num_statements": 0, "percent_covered": 100.0, "percent_covered_display": "100", "missing_lines": 0, "excluded_lines": 0, "percent_statements_covered": 100.0, "percent_statements_covered_display": "100"}, "missing_lines": [], "excluded_lines": [], "start_line": 44}, "": {"executed_lines": [1, 3, 5, 6, 7, 9, 23, 26, 27, 28, 29, 30, 33, 34, 35, 36, 39, 40, 41, 44, 45, 48, 49, 53, 54, 55, 56, 57, 59, 60, 61, 62, 65, 66, 76, 77, 84, 85, 92, 93, 109, 110, 117, 118, 131, 132, 133, 135, 138, 139, 153, 154], "summary": {"covered_lines": 52, "num_statements": 97, "percent_covered": 53.608247422680414, "percent_covered_display": "54", "missing_lines": 45, "excluded_lines": 0, "percent_statements_covered": 53.608247422680414, "percent_statements_covered_display": "54"}, "missing_lines": [50, 58, 67, 68, 69, 70, 71, 72, 73, 78, 79, 80, 81, 89, 94, 95, 96, 97, 111, 112, 113, 114, 119, 120, 126, 127, 128, 134, 140, 141, 142, 143, 144, 149, 150, 158, 159, 160, 161, 162, 163, 164, 165, 166, 167], "excluded_lines": [], "start_line": 1}}}, "src/data_sync_service/api/dashboard_routes.py": {"executed_lines": [1, 3, 5, 6, 8, 14, 17, 18, 25, 26, 39, 40, 41, 42, 49, 50, 51, 52, 53, 55], "summary": {"covered_lines": 20, "num_statements": 28, "percent_covered": 71.42857142857143, "percent_covered_display": "71", "missing_lines": 8, "excluded_lines": 0, "percent_statements_covered": 71.42857142857143, "percent_statements_covered_display": "71"}, "missing_lines": [33, 34, 35, 36, 43, 44, 45, 46], "excluded_lines": [], "functions": {"get_dashboard_summary": {"executed_lines": [25, 26], "summary": {"covered_lines": 2, "num_statements": 6, "percent_covered": 33.333333333333336, "percent_covered_display": "33", "missing_lines": 4, "excluded_lines": 0, "percent_statements_covered": 33.333333333333336, "percent_statements_covered_display": "33"}, "missing_lines": [33, 34, 35, 36], "excluded_lines": [], "start_line": 18}, "post_dashboard_sync": {"executed_lines": [41, 42], "summary": {"covered_lines": 2, "num_statements": 6, "percent_covered": 33.333333333333336, "percent_covered_display": "33", "missing_lines": 4, "excluded_lines": 0, "percent_statements_covered": 33.333333333333336, "percent_statements_covered_display": "33"}, "missing_lines": [43, 44, 45, 46], "excluded_lines": [], "start_line": 40}, "get_dashboard_sync_stream": {"executed_lines": [51, 55], "summary": {"covered_lines": 2, "num_statements": 2, "percent_covered": 100.0, "percent_covered_display": "100", "missing_lines": 0, "excluded_lines": 0, "percent_statements_covered": 100.0, "percent_statements_covered_display": "100"}, "missing_lines": [], "excluded_lines": [], "start_line": 50}, "get_dashboard_sync_stream.event_generator": {"executed_lines": [52, 53], "summary": {"covered_lines": 2, "num_statements": 2, "percent_covered": 100.0, "percent_covered_display": "100", "missing_lines": 0, "excluded_lines": 0, "percent_statements_covered": 100.0, "percent_statements_covered_display": "100"}, "missing_lines": [], "excluded_lines": [], "start_line": 51}, "": {"executed_lines": [1, 3, 5, 6, 8, 14, 17, 18, 39, 40, 49, 50], "summary": {"covered_lines": 12, "num_statements": 12, "percent_covered": 100.0, "percent_covered_display": "100", "missing_lines": 0, "excluded_lines": 0, "percent_statements_covered": 100.0, "percent_statements_covered_display": "100"}, "missing_lines": [], "excluded_lines": [], "start_line": 1}}, "classes": {"": {"executed_lines": [1, 3, 5, 6, 8, 14, 17, 18, 25, 26, 39, 40, 41, 42, 49, 50, 51, 52, 53, 55], "summary": {"covered_lines": 20, "num_statements": 28, "percent_covered": 71.42857142857143, "percent_covered_display": "71", "missing_lines": 8, "excluded_lines": 0, "percent_statements_covered": 71.42857142857143, "percent_statements_covered_display": "71"}, "missing_lines": [33, 34, 35, 36, 43, 44, 45, 46], "excluded_lines": [], "start_line": 1}}}, "src/data_sync_service/api/discovery_routes.py": {"executed_lines": [18, 20, 21, 23, 24, 26, 28, 37, 45, 55, 64, 73, 81, 90, 95, 103, 111, 116, 126, 129, 133, 142, 145, 149, 156, 164, 173, 176, 183, 199, 253, 254, 262, 263, 270, 281, 290, 293, 294, 300, 301, 307, 312, 320], "summary": {"covered_lines": 44, "num_statements": 44, "percent_covered": 100.0, "percent_covered_display": "100", "missing_lines": 0, "excluded_lines": 0, "percent_statements_covered": 100.0, "percent_statements_covered_display": "100"}, "missing_lines": [], "excluded_lines": [], "functions": {"get_version": {"executed_lines": [262, 263], "summary": {"covered_lines": 2, "num_statements": 2, "percent_covered": 100.0, "percent_covered_display": "100", "missing_lines": 0, "excluded_lines": 0, "percent_statements_covered": 100.0, "percent_statements_covered_display": "100"}, "missing_lines": [], "excluded_lines": [], "start_line": 254}, "get_schema": {"executed_lines": [290], "summary": {"covered_lines": 1, "num_statements": 1, "percent_covered": 100.0, "percent_covered_display": "100", "missing_lines": 0, "excluded_lines": 0, "percent_statements_covered": 100.0, "percent_statements_covered_display": "100"}, "missing_lines": [], "excluded_lines": [], "start_line": 281}, "get_errors": {"executed_lines": [300, 301], "summary": {"covered_lines": 2, "num_statements": 2, "percent_covered": 100.0, "percent_covered_display": "100", "missing_lines": 0, "excluded_lines": 0, "percent_statements_covered": 100.0, "percent_statements_covered_display": "100"}, "missing_lines": [], "excluded_lines": [], "start_line": 294}, "get_changelog": {"executed_lines": [320], "summary": {"covered_lines": 1, "num_statements": 1, "percent_covered": 100.0, "percent_covered_display": "100", "missing_lines": 0, "excluded_lines": 0, "percent_statements_covered": 100.0, "percent_statements_covered_display": "100"}, "missing_lines": [], "excluded_lines": [], "start_line": 312}, "": {"executed_lines": [18, 20, 21, 23, 24, 26, 28, 37, 45, 55, 64, 73, 81, 90, 95, 103, 111, 116, 126, 129, 133, 142, 145, 149, 156, 164, 173, 176, 183, 199, 253, 254, 270, 281, 293, 294, 307, 312], "summary": {"covered_lines": 38, "num_statements": 38, "percent_covered": 100.0, "percent_covered_display": "100", "missing_lines": 0, "excluded_lines": 0, "percent_statements_covered": 100.0, "percent_statements_covered_display": "100"}, "missing_lines": [], "excluded_lines": [], "start_line": 1}}, "classes": {"VersionResponse": {"executed_lines": [], "summary": {"covered_lines": 0, "num_statements": 0, "percent_covered": 100.0, "percent_covered_display": "100", "missing_lines": 0, "excluded_lines": 0, "percent_statements_covered": 100.0, "percent_statements_covered_display": "100"}, "missing_lines": [], "excluded_lines": [], "start_line": 37}, "ErrorCodeEntry": {"executed_lines": [], "summary": {"covered_lines": 0, "num_statements": 0, "percent_covered": 100.0, "percent_covered_display": "100", "missing_lines": 0, "excluded_lines": 0, "percent_statements_covered": 100.0, "percent_statements_covered_display": "100"}, "missing_lines": [], "excluded_lines": [], "start_line": 73}, "ErrorsResponse": {"executed_lines": [], "summary": {"covered_lines": 0, "num_statements": 0, "percent_covered": 100.0, "percent_covered_display": "100", "missing_lines": 0, "excluded_lines": 0, "percent_statements_covered": 100.0, "percent_statements_covered_display": "100"}, "missing_lines": [], "excluded_lines": [], "start_line": 126}, "ChangelogEntry": {"executed_lines": [], "summary": {"covered_lines": 0, "num_statements": 0, "percent_covered": 100.0, "percent_covered_display": "100", "missing_lines": 0, "excluded_lines": 0, "percent_statements_covered": 100.0, "percent_statements_covered_display": "100"}, "missing_lines": [], "excluded_lines": [], "start_line": 142}, "ChangelogResponse": {"executed_lines": [], "summary": {"covered_lines": 0, "num_statements": 0, "percent_covered": 100.0, "percent_covered_display": "100", "missing_lines": 0, "excluded_lines": 0, "percent_statements_covered": 100.0, "percent_statements_covered_display": "100"}, "missing_lines": [], "excluded_lines": [], "start_line": 173}, "": {"executed_lines": [18, 20, 21, 23, 24, 26, 28, 37, 45, 55, 64, 73, 81, 90, 95, 103, 111, 116, 126, 129, 133, 142, 145, 149, 156, 164, 173, 176, 183, 199, 253, 254, 262, 263, 270, 281, 290, 293, 294, 300, 301, 307, 312, 320], "summary": {"covered_lines": 44, "num_statements": 44, "percent_covered": 100.0, "percent_covered_display": "100", "missing_lines": 0, "excluded_lines": 0, "percent_statements_covered": 100.0, "percent_statements_covered_display": "100"}, "missing_lines": [], "excluded_lines": [], "start_line": 1}}}, "src/data_sync_service/api/execution_journal_routes.py": {"executed_lines": [3, 5, 7, 8, 10, 11, 13, 15, 18, 19, 20, 21, 22, 23, 26, 27, 28, 29, 30, 31, 34, 35, 38, 39, 42, 43, 65, 66, 74, 75, 85, 86, 95, 96], "summary": {"covered_lines": 34, "num_statements": 63, "percent_covered": 53.96825396825397, "percent_covered_display": "54", "missing_lines": 29, "excluded_lines": 0, "percent_statements_covered": 53.96825396825397, "percent_statements_covered_display": "54"}, "missing_lines": [44, 45, 46, 50, 51, 52, 53, 54, 55, 62, 70, 71, 76, 77, 78, 79, 80, 81, 82, 91, 92, 100, 101, 103, 104, 105, 107, 108, 109], "excluded_lines": [], "functions": {"post_snapshot": {"executed_lines": [], "summary": {"covered_lines": 0, "num_statements": 10, "percent_covered": 0.0, "percent_covered_display": "0", "missing_lines": 10, "excluded_lines": 0, "percent_statements_covered": 0.0, "percent_statements_covered_display": "0"}, "missing_lines": [44, 45, 46, 50, 51, 52, 53, 54, 55, 62], "excluded_lines": [], "start_line": 43}, "list_snapshots": {"executed_lines": [], "summary": {"covered_lines": 0, "num_statements": 2, "percent_covered": 0.0, "percent_covered_display": "0", "missing_lines": 2, "excluded_lines": 0, "percent_statements_covered": 0.0, "percent_statements_covered_display": "0"}, "missing_lines": [70, 71], "excluded_lines": [], "start_line": 66}, "get_snapshot": {"executed_lines": [], "summary": {"covered_lines": 0, "num_statements": 7, "percent_covered": 0.0, "percent_covered_display": "0", "missing_lines": 7, "excluded_lines": 0, "percent_statements_covered": 0.0, "percent_statements_covered_display": "0"}, "missing_lines": [76, 77, 78, 79, 80, 81, 82], "excluded_lines": [], "start_line": 75}, "list_changes": {"executed_lines": [], "summary": {"covered_lines": 0, "num_statements": 2, "percent_covered": 0.0, "percent_covered_display": "0", "missing_lines": 2, "excluded_lines": 0, "percent_statements_covered": 0.0, "percent_statements_covered_display": "0"}, "missing_lines": [91, 92], "excluded_lines": [], "start_line": 86}, "get_journal_md": {"executed_lines": [], "summary": {"covered_lines": 0, "num_statements": 8, "percent_covered": 0.0, "percent_covered_display": "0", "missing_lines": 8, "excluded_lines": 0, "percent_statements_covered": 0.0, "percent_statements_covered_display": "0"}, "missing_lines": [100, 101, 103, 104, 105, 107, 108, 109], "excluded_lines": [], "start_line": 96}, "": {"executed_lines": [3, 5, 7, 8, 10, 11, 13, 15, 18, 19, 20, 21, 22, 23, 26, 27, 28, 29, 30, 31, 34, 35, 38, 39, 42, 43, 65, 66, 74, 75, 85, 86, 95, 96], "summary": {"covered_lines": 34, "num_statements": 34, "percent_covered": 100.0, "percent_covered_display": "100", "missing_lines": 0, "excluded_lines": 0, "percent_statements_covered": 100.0, "percent_statements_covered_display": "100"}, "missing_lines": [], "excluded_lines": [], "start_line": 1}}, "classes": {"SnapshotIngestRequest": {"executed_lines": [], "summary": {"covered_lines": 0, "num_statements": 0, "percent_covered": 100.0, "percent_covered_display": "100", "missing_lines": 0, "excluded_lines": 0, "percent_statements_covered": 100.0, "percent_statements_covered_display": "100"}, "missing_lines": [], "excluded_lines": [], "start_line": 18}, "SnapshotIngestResponse": {"executed_lines": [], "summary": {"covered_lines": 0, "num_statements": 0, "percent_covered": 100.0, "percent_covered_display": "100", "missing_lines": 0, "excluded_lines": 0, "percent_statements_covered": 100.0, "percent_statements_covered_display": "100"}, "missing_lines": [], "excluded_lines": [], "start_line": 26}, "SnapshotListResponse": {"executed_lines": [], "summary": {"covered_lines": 0, "num_statements": 0, "percent_covered": 100.0, "percent_covered_display": "100", "missing_lines": 0, "excluded_lines": 0, "percent_statements_covered": 100.0, "percent_statements_covered_display": "100"}, "missing_lines": [], "excluded_lines": [], "start_line": 34}, "ChangeListResponse": {"executed_lines": [], "summary": {"covered_lines": 0, "num_statements": 0, "percent_covered": 100.0, "percent_covered_display": "100", "missing_lines": 0, "excluded_lines": 0, "percent_statements_covered": 100.0, "percent_statements_covered_display": "100"}, "missing_lines": [], "excluded_lines": [], "start_line": 38}, "": {"executed_lines": [3, 5, 7, 8, 10, 11, 13, 15, 18, 19, 20, 21, 22, 23, 26, 27, 28, 29, 30, 31, 34, 35, 38, 39, 42, 43, 65, 66, 74, 75, 85, 86, 95, 96], "summary": {"covered_lines": 34, "num_statements": 63, "percent_covered": 53.96825396825397, "percent_covered_display": "54", "missing_lines": 29, "excluded_lines": 0, "percent_statements_covered": 53.96825396825397, "percent_statements_covered_display": "54"}, "missing_lines": [44, 45, 46, 50, 51, 52, 53, 54, 55, 62, 70, 71, 76, 77, 78, 79, 80, 81, 82, 91, 92, 100, 101, 103, 104, 105, 107, 108, 109], "excluded_lines": [], "start_line": 1}}}, "src/data_sync_service/api/industry_flow_routes.py": {"executed_lines": [1, 3, 5, 9, 11, 14, 15, 20, 21, 26, 27, 39, 40, 49, 50], "summary": {"covered_lines": 15, "num_statements": 34, "percent_covered": 44.11764705882353, "percent_covered_display": "44", "missing_lines": 19, "excluded_lines": 0, "percent_statements_covered": 44.11764705882353, "percent_statements_covered_display": "44"}, "missing_lines": [22, 23, 30, 31, 32, 33, 34, 35, 36, 43, 44, 45, 46, 51, 52, 53, 54, 55, 56], "excluded_lines": [], "functions": {"market_cn_industry_fund_flow": {"executed_lines": [20, 21], "summary": {"covered_lines": 2, "num_statements": 4, "percent_covered": 50.0, "percent_covered_display": "50", "missing_lines": 2, "excluded_lines": 0, "percent_statements_covered": 50.0, "percent_statements_covered_display": "50"}, "missing_lines": [22, 23], "excluded_lines": [], "start_line": 15}, "market_cn_industry_fund_flow_sync": {"executed_lines": [], "summary": {"covered_lines": 0, "num_statements": 7, "percent_covered": 0.0, "percent_covered_display": "0", "missing_lines": 7, "excluded_lines": 0, "percent_statements_covered": 0.0, "percent_statements_covered_display": "0"}, "missing_lines": [30, 31, 32, 33, 34, 35, 36], "excluded_lines": [], "start_line": 27}, "market_cn_industry_mainline": {"executed_lines": [], "summary": {"covered_lines": 0, "num_statements": 4, "percent_covered": 0.0, "percent_covered_display": "0", "missing_lines": 4, "excluded_lines": 0, "percent_statements_covered": 0.0, "percent_statements_covered_display": "0"}, "missing_lines": [43, 44, 45, 46], "excluded_lines": [], "start_line": 40}, "market_cn_industry_mainline_sync": {"executed_lines": [], "summary": {"covered_lines": 0, "num_statements": 6, "percent_covered": 0.0, "percent_covered_display": "0", "missing_lines": 6, "excluded_lines": 0, "percent_statements_covered": 0.0, "percent_statements_covered_display": "0"}, "missing_lines": [51, 52, 53, 54, 55, 56], "excluded_lines": [], "start_line": 50}, "": {"executed_lines": [1, 3, 5, 9, 11, 14, 15, 26, 27, 39, 40, 49, 50], "summary": {"covered_lines": 13, "num_statements": 13, "percent_covered": 100.0, "percent_covered_display": "100", "missing_lines": 0, "excluded_lines": 0, "percent_statements_covered": 100.0, "percent_statements_covered_display": "100"}, "missing_lines": [], "excluded_lines": [], "start_line": 1}}, "classes": {"": {"executed_lines": [1, 3, 5, 9, 11, 14, 15, 20, 21, 26, 27, 39, 40, 49, 50], "summary": {"covered_lines": 15, "num_statements": 34, "percent_covered": 44.11764705882353, "percent_covered_display": "44", "missing_lines": 19, "excluded_lines": 0, "percent_statements_covered": 44.11764705882353, "percent_statements_covered_display": "44"}, "missing_lines": [22, 23, 30, 31, 32, 33, 34, 35, 36, 43, 44, 45, 46, 51, 52, 53, 54, 55, 56], "excluded_lines": [], "start_line": 1}}}, "src/data_sync_service/api/journal_routes.py": {"executed_lines": [3, 5, 6, 7, 9, 10, 12, 14, 17, 21, 22, 23, 24, 25, 26, 29, 30, 31, 34, 35, 36, 39, 40, 41, 44, 45, 51, 52, 63, 64, 74, 75, 87, 88], "summary": {"covered_lines": 34, "num_statements": 65, "percent_covered": 52.30769230769231, "percent_covered_display": "52", "missing_lines": 31, "excluded_lines": 0, "percent_statements_covered": 52.30769230769231, "percent_statements_covered_display": "52"}, "missing_lines": [18, 47, 48, 54, 55, 56, 57, 58, 59, 60, 66, 67, 68, 69, 70, 71, 77, 78, 79, 80, 81, 82, 83, 84, 90, 91, 92, 93, 94, 95, 96], "excluded_lines": [], "functions": {"_now_iso": {"executed_lines": [], "summary": {"covered_lines": 0, "num_statements": 1, "percent_covered": 0.0, "percent_covered_display": "0", "missing_lines": 1, "excluded_lines": 0, "percent_statements_covered": 0.0, "percent_statements_covered_display": "0"}, "missing_lines": [18], "excluded_lines": [], "start_line": 17}, "list_journals": {"executed_lines": [], "summary": {"covered_lines": 0, "num_statements": 2, "percent_covered": 0.0, "percent_covered_display": "0", "missing_lines": 2, "excluded_lines": 0, "percent_statements_covered": 0.0, "percent_statements_covered_display": "0"}, "missing_lines": [47, 48], "excluded_lines": [], "start_line": 45}, "get_journal": {"executed_lines": [], "summary": {"covered_lines": 0, "num_statements": 7, "percent_covered": 0.0, "percent_covered_display": "0", "missing_lines": 7, "excluded_lines": 0, "percent_statements_covered": 0.0, "percent_statements_covered_display": "0"}, "missing_lines": [54, 55, 56, 57, 58, 59, 60], "excluded_lines": [], "start_line": 52}, "create_journal": {"executed_lines": [], "summary": {"covered_lines": 0, "num_statements": 6, "percent_covered": 0.0, "percent_covered_display": "0", "missing_lines": 6, "excluded_lines": 0, "percent_statements_covered": 0.0, "percent_statements_covered_display": "0"}, "missing_lines": [66, 67, 68, 69, 70, 71], "excluded_lines": [], "start_line": 64}, "update_journal": {"executed_lines": [], "summary": {"covered_lines": 0, "num_statements": 8, "percent_covered": 0.0, "percent_covered_display": "0", "missing_lines": 8, "excluded_lines": 0, "percent_statements_covered": 0.0, "percent_statements_covered_display": "0"}, "missing_lines": [77, 78, 79, 80, 81, 82, 83, 84], "excluded_lines": [], "start_line": 75}, "delete_journal": {"executed_lines": [], "summary": {"covered_lines": 0, "num_statements": 7, "percent_covered": 0.0, "percent_covered_display": "0", "missing_lines": 7, "excluded_lines": 0, "percent_statements_covered": 0.0, "percent_statements_covered_display": "0"}, "missing_lines": [90, 91, 92, 93, 94, 95, 96], "excluded_lines": [], "start_line": 88}, "": {"executed_lines": [3, 5, 6, 7, 9, 10, 12, 14, 17, 21, 22, 23, 24, 25, 26, 29, 30, 31, 34, 35, 36, 39, 40, 41, 44, 45, 51, 52, 63, 64, 74, 75, 87, 88], "summary": {"covered_lines": 34, "num_statements": 34, "percent_covered": 100.0, "percent_covered_display": "100", "missing_lines": 0, "excluded_lines": 0, "percent_statements_covered": 100.0, "percent_statements_covered_display": "100"}, "missing_lines": [], "excluded_lines": [], "start_line": 1}}, "classes": {"TradeJournal": {"executed_lines": [], "summary": {"covered_lines": 0, "num_statements": 0, "percent_covered": 100.0, "percent_covered_display": "100", "missing_lines": 0, "excluded_lines": 0, "percent_statements_covered": 100.0, "percent_statements_covered_display": "100"}, "missing_lines": [], "excluded_lines": [], "start_line": 21}, "TradeJournalCreateRequest": {"executed_lines": [], "summary": {"covered_lines": 0, "num_statements": 0, "percent_covered": 100.0, "percent_covered_display": "100", "missing_lines": 0, "excluded_lines": 0, "percent_statements_covered": 100.0, "percent_statements_covered_display": "100"}, "missing_lines": [], "excluded_lines": [], "start_line": 29}, "TradeJournalUpdateRequest": {"executed_lines": [], "summary": {"covered_lines": 0, "num_statements": 0, "percent_covered": 100.0, "percent_covered_display": "100", "missing_lines": 0, "excluded_lines": 0, "percent_statements_covered": 100.0, "percent_statements_covered_display": "100"}, "missing_lines": [], "excluded_lines": [], "start_line": 34}, "ListTradeJournalsResponse": {"executed_lines": [], "summary": {"covered_lines": 0, "num_statements": 0, "percent_covered": 100.0, "percent_covered_display": "100", "missing_lines": 0, "excluded_lines": 0, "percent_statements_covered": 100.0, "percent_statements_covered_display": "100"}, "missing_lines": [], "excluded_lines": [], "start_line": 39}, "": {"executed_lines": [3, 5, 6, 7, 9, 10, 12, 14, 17, 21, 22, 23, 24, 25, 26, 29, 30, 31, 34, 35, 36, 39, 40, 41, 44, 45, 51, 52, 63, 64, 74, 75, 87, 88], "summary": {"covered_lines": 34, "num_statements": 65, "percent_covered": 52.30769230769231, "percent_covered_display": "52", "missing_lines": 31, "excluded_lines": 0, "percent_statements_covered": 52.30769230769231, "percent_statements_covered_display": "52"}, "missing_lines": [18, 47, 48, 54, 55, 56, 57, 58, 59, 60, 66, 67, 68, 69, 70, 71, 77, 78, 79, 80, 81, 82, 83, 84, 90, 91, 92, 93, 94, 95, 96], "excluded_lines": [], "start_line": 1}}}, "src/data_sync_service/api/key_quota.py": {"executed_lines": [24, 26, 27, 28, 29, 31, 38, 39, 50, 51, 52, 53, 54, 55, 57, 58, 61, 65, 71, 72, 74, 75, 76, 78, 79, 83, 84, 85, 87, 90, 91, 92, 93, 94, 95, 98, 99, 100, 101, 102, 103, 104, 105, 107, 108, 109, 112, 115, 118, 125, 126, 127, 128, 129, 133, 134, 135, 136, 137, 138, 139, 140, 141, 142, 143, 146, 148, 149, 150, 158, 159, 167, 168, 169, 171, 178, 179, 180, 181, 182, 184, 185, 186, 187, 188, 189, 190, 193, 196, 198, 199, 200, 201, 204, 211, 212, 214, 215, 216, 217, 218, 219, 221, 228, 229, 230, 231, 232, 233, 234, 235, 240, 255, 262, 263, 264, 265, 266, 267, 272, 273, 274, 275, 280, 282, 284, 288, 296, 302, 304, 305, 308, 317, 319, 320, 323, 325, 326, 327, 333, 334], "summary": {"covered_lines": 141, "num_statements": 152, "percent_covered": 92.76315789473684, "percent_covered_display": "93", "missing_lines": 11, "excluded_lines": 0, "percent_statements_covered": 92.76315789473684, "percent_statements_covered_display": "93"}, "missing_lines": [73, 86, 88, 96, 97, 106, 110, 111, 113, 131, 328], "excluded_lines": [], "functions": {"ApiKey.has_quota": {"executed_lines": [58], "summary": {"covered_lines": 1, "num_statements": 1, "percent_covered": 100.0, "percent_covered_display": "100", "missing_lines": 0, "excluded_lines": 0, "percent_statements_covered": 100.0, "percent_statements_covered_display": "100"}, "missing_lines": [], "excluded_lines": [], "start_line": 57}, "_parse_one": {"executed_lines": [71, 72, 74, 75, 76, 78, 79, 83, 84, 85, 87, 90, 91, 92, 93, 94, 95, 98, 99, 100, 101, 102, 103, 104, 105, 107, 108, 109, 112, 115], "summary": {"covered_lines": 30, "num_statements": 39, "percent_covered": 76.92307692307692, "percent_covered_display": "77", "missing_lines": 9, "excluded_lines": 0, "percent_statements_covered": 76.92307692307692, "percent_statements_covered_display": "77"}, "missing_lines": [73, 86, 88, 96, 97, 106, 110, 111, 113], "excluded_lines": [], "start_line": 65}, "parse_api_keys": {"executed_lines": [125, 126, 127, 128, 129, 133, 134, 135, 136, 137, 138, 139, 140, 141, 142, 143], "summary": {"covered_lines": 16, "num_statements": 17, "percent_covered": 94.11764705882354, "percent_covered_display": "94", "missing_lines": 1, "excluded_lines": 0, "percent_statements_covered": 94.11764705882354, "percent_statements_covered_display": "94"}, "missing_lines": [131], "excluded_lines": [], "start_line": 118}, "keys_from_env": {"executed_lines": [148, 149, 150], "summary": {"covered_lines": 3, "num_statements": 3, "percent_covered": 100.0, "percent_covered_display": "100", "missing_lines": 0, "excluded_lines": 0, "percent_statements_covered": 100.0, "percent_statements_covered_display": "100"}, "missing_lines": [], "excluded_lines": [], "start_line": 146}, "_Window.try_acquire": {"executed_lines": [178, 179, 180, 181, 182, 184, 185, 186, 187, 188, 189, 190], "summary": {"covered_lines": 12, "num_statements": 12, "percent_covered": 100.0, "percent_covered_display": "100", "missing_lines": 0, "excluded_lines": 0, "percent_statements_covered": 100.0, "percent_statements_covered_display": "100"}, "missing_lines": [], "excluded_lines": [], "start_line": 171}, "_KeyState.__init__": {"executed_lines": [199, 200, 201], "summary": {"covered_lines": 3, "num_statements": 3, "percent_covered": 100.0, "percent_covered_display": "100", "missing_lines": 0, "excluded_lines": 0, "percent_statements_covered": 100.0, "percent_statements_covered_display": "100"}, "missing_lines": [], "excluded_lines": [], "start_line": 198}, "QuotaTracker.__init__": {"executed_lines": [212], "summary": {"covered_lines": 1, "num_statements": 1, "percent_covered": 100.0, "percent_covered_display": "100", "missing_lines": 0, "excluded_lines": 0, "percent_statements_covered": 100.0, "percent_statements_covered_display": "100"}, "missing_lines": [], "excluded_lines": [], "start_line": 211}, "QuotaTracker._state_for": {"executed_lines": [215, 216, 217, 218, 219], "summary": {"covered_lines": 5, "num_statements": 5, "percent_covered": 100.0, "percent_covered_display": "100", "missing_lines": 0, "excluded_lines": 0, "percent_statements_covered": 100.0, "percent_statements_covered_display": "100"}, "missing_lines": [], "excluded_lines": [], "start_line": 214}, "QuotaTracker.check_and_record": {"executed_lines": [228, 229, 230, 231, 232, 233, 234, 235, 240], "summary": {"covered_lines": 9, "num_statements": 9, "percent_covered": 100.0, "percent_covered_display": "100", "missing_lines": 0, "excluded_lines": 0, "percent_statements_covered": 100.0, "percent_statements_covered_display": "100"}, "missing_lines": [], "excluded_lines": [], "start_line": 221}, "QuotaTracker.usage": {"executed_lines": [262, 263, 264, 265, 266, 267, 272, 273, 274, 275, 280], "summary": {"covered_lines": 11, "num_statements": 11, "percent_covered": 100.0, "percent_covered_display": "100", "missing_lines": 0, "excluded_lines": 0, "percent_statements_covered": 100.0, "percent_statements_covered_display": "100"}, "missing_lines": [], "excluded_lines": [], "start_line": 255}, "QuotaTracker.reset": {"executed_lines": [284], "summary": {"covered_lines": 1, "num_statements": 1, "percent_covered": 100.0, "percent_covered_display": "100", "missing_lines": 0, "excluded_lines": 0, "percent_statements_covered": 100.0, "percent_statements_covered_display": "100"}, "missing_lines": [], "excluded_lines": [], "start_line": 282}, "AuthenticatedKey.__init__": {"executed_lines": [305], "summary": {"covered_lines": 1, "num_statements": 1, "percent_covered": 100.0, "percent_covered_display": "100", "missing_lines": 0, "excluded_lines": 0, "percent_statements_covered": 100.0, "percent_statements_covered_display": "100"}, "missing_lines": [], "excluded_lines": [], "start_line": 304}, "enforce_quota": {"executed_lines": [317, 319, 320, 323, 325, 326, 327, 333, 334], "summary": {"covered_lines": 9, "num_statements": 10, "percent_covered": 90.0, "percent_covered_display": "90", "missing_lines": 1, "excluded_lines": 0, "percent_statements_covered": 90.0, "percent_statements_covered_display": "90"}, "missing_lines": [328], "excluded_lines": [], "start_line": 308}, "": {"executed_lines": [24, 26, 27, 28, 29, 31, 38, 39, 50, 51, 52, 53, 54, 55, 57, 61, 65, 118, 146, 158, 159, 167, 168, 169, 171, 193, 196, 198, 204, 211, 214, 221, 255, 282, 288, 296, 302, 304, 308], "summary": {"covered_lines": 39, "num_statements": 39, "percent_covered": 100.0, "percent_covered_display": "100", "missing_lines": 0, "excluded_lines": 0, "percent_statements_covered": 100.0, "percent_statements_covered_display": "100"}, "missing_lines": [], "excluded_lines": [], "start_line": 1}}, "classes": {"ApiKey": {"executed_lines": [58], "summary": {"covered_lines": 1, "num_statements": 1, "percent_covered": 100.0, "percent_covered_display": "100", "missing_lines": 0, "excluded_lines": 0, "percent_statements_covered": 100.0, "percent_statements_covered_display": "100"}, "missing_lines": [], "excluded_lines": [], "start_line": 39}, "ApiKeyParseError": {"executed_lines": [], "summary": {"covered_lines": 0, "num_statements": 0, "percent_covered": 100.0, "percent_covered_display": "100", "missing_lines": 0, "excluded_lines": 0, "percent_statements_covered": 100.0, "percent_statements_covered_display": "100"}, "missing_lines": [], "excluded_lines": [], "start_line": 61}, "_Window": {"executed_lines": [178, 179, 180, 181, 182, 184, 185, 186, 187, 188, 189, 190], "summary": {"covered_lines": 12, "num_statements": 12, "percent_covered": 100.0, "percent_covered_display": "100", "missing_lines": 0, "excluded_lines": 0, "percent_statements_covered": 100.0, "percent_statements_covered_display": "100"}, "missing_lines": [], "excluded_lines": [], "start_line": 159}, "_KeyState": {"executed_lines": [199, 200, 201], "summary": {"covered_lines": 3, "num_statements": 3, "percent_covered": 100.0, "percent_covered_display": "100", "missing_lines": 0, "excluded_lines": 0, "percent_statements_covered": 100.0, "percent_statements_covered_display": "100"}, "missing_lines": [], "excluded_lines": [], "start_line": 193}, "QuotaTracker": {"executed_lines": [212, 215, 216, 217, 218, 219, 228, 229, 230, 231, 232, 233, 234, 235, 240, 262, 263, 264, 265, 266, 267, 272, 273, 274, 275, 280, 284], "summary": {"covered_lines": 27, "num_statements": 27, "percent_covered": 100.0, "percent_covered_display": "100", "missing_lines": 0, "excluded_lines": 0, "percent_statements_covered": 100.0, "percent_statements_covered_display": "100"}, "missing_lines": [], "excluded_lines": [], "start_line": 204}, "AuthenticatedKey": {"executed_lines": [305], "summary": {"covered_lines": 1, "num_statements": 1, "percent_covered": 100.0, "percent_covered_display": "100", "missing_lines": 0, "excluded_lines": 0, "percent_statements_covered": 100.0, "percent_statements_covered_display": "100"}, "missing_lines": [], "excluded_lines": [], "start_line": 296}, "": {"executed_lines": [24, 26, 27, 28, 29, 31, 38, 39, 50, 51, 52, 53, 54, 55, 57, 61, 65, 71, 72, 74, 75, 76, 78, 79, 83, 84, 85, 87, 90, 91, 92, 93, 94, 95, 98, 99, 100, 101, 102, 103, 104, 105, 107, 108, 109, 112, 115, 118, 125, 126, 127, 128, 129, 133, 134, 135, 136, 137, 138, 139, 140, 141, 142, 143, 146, 148, 149, 150, 158, 159, 167, 168, 169, 171, 193, 196, 198, 204, 211, 214, 221, 255, 282, 288, 296, 302, 304, 308, 317, 319, 320, 323, 325, 326, 327, 333, 334], "summary": {"covered_lines": 97, "num_statements": 108, "percent_covered": 89.81481481481481, "percent_covered_display": "90", "missing_lines": 11, "excluded_lines": 0, "percent_statements_covered": 89.81481481481481, "percent_statements_covered_display": "90"}, "missing_lines": [73, 86, 88, 96, 97, 106, 110, 111, 113, 131, 328], "excluded_lines": [], "start_line": 1}}}, "src/data_sync_service/api/market_sentiment_routes.py": {"executed_lines": [1, 3, 5, 7, 9, 12, 13, 17, 18, 23, 24], "summary": {"covered_lines": 11, "num_statements": 21, "percent_covered": 52.38095238095238, "percent_covered_display": "52", "missing_lines": 10, "excluded_lines": 0, "percent_statements_covered": 52.38095238095238, "percent_statements_covered_display": "52"}, "missing_lines": [19, 20, 25, 26, 27, 28, 29, 30, 31, 32], "excluded_lines": [], "functions": {"market_cn_sentiment": {"executed_lines": [17, 18], "summary": {"covered_lines": 2, "num_statements": 4, "percent_covered": 50.0, "percent_covered_display": "50", "missing_lines": 2, "excluded_lines": 0, "percent_statements_covered": 50.0, "percent_statements_covered_display": "50"}, "missing_lines": [19, 20], "excluded_lines": [], "start_line": 13}, "market_cn_sentiment_sync": {"executed_lines": [], "summary": {"covered_lines": 0, "num_statements": 8, "percent_covered": 0.0, "percent_covered_display": "0", "missing_lines": 8, "excluded_lines": 0, "percent_statements_covered": 0.0, "percent_statements_covered_display": "0"}, "missing_lines": [25, 26, 27, 28, 29, 30, 31, 32], "excluded_lines": [], "start_line": 24}, "": {"executed_lines": [1, 3, 5, 7, 9, 12, 13, 23, 24], "summary": {"covered_lines": 9, "num_statements": 9, "percent_covered": 100.0, "percent_covered_display": "100", "missing_lines": 0, "excluded_lines": 0, "percent_statements_covered": 100.0, "percent_statements_covered_display": "100"}, "missing_lines": [], "excluded_lines": [], "start_line": 1}}, "classes": {"": {"executed_lines": [1, 3, 5, 7, 9, 12, 13, 17, 18, 23, 24], "summary": {"covered_lines": 11, "num_statements": 21, "percent_covered": 52.38095238095238, "percent_covered_display": "52", "missing_lines": 10, "excluded_lines": 0, "percent_statements_covered": 52.38095238095238, "percent_statements_covered_display": "52"}, "missing_lines": [19, 20, 25, 26, 27, 28, 29, 30, 31, 32], "excluded_lines": [], "start_line": 1}}}, "src/data_sync_service/api/news_routes.py": {"executed_lines": [3, 5, 7, 18, 20, 23, 24, 29, 30, 44, 45, 55, 56, 62, 63, 81, 82, 88, 89, 96, 97, 103, 104, 110, 111, 117, 118, 127, 128, 137, 138, 147, 148], "summary": {"covered_lines": 33, "num_statements": 89, "percent_covered": 37.07865168539326, "percent_covered_display": "37", "missing_lines": 56, "excluded_lines": 0, "percent_statements_covered": 37.07865168539326, "percent_statements_covered_display": "37"}, "missing_lines": [25, 26, 31, 32, 34, 35, 36, 37, 38, 39, 40, 41, 46, 47, 48, 49, 50, 51, 52, 57, 58, 59, 70, 71, 78, 83, 84, 85, 90, 91, 92, 93, 98, 99, 100, 105, 106, 107, 113, 114, 120, 121, 123, 124, 130, 131, 133, 134, 140, 141, 143, 144, 150, 151, 153, 154], "excluded_lines": [], "functions": {"list_sources": {"executed_lines": [], "summary": {"covered_lines": 0, "num_statements": 2, "percent_covered": 0.0, "percent_covered_display": "0", "missing_lines": 2, "excluded_lines": 0, "percent_statements_covered": 0.0, "percent_statements_covered_display": "0"}, "missing_lines": [25, 26], "excluded_lines": [], "start_line": 24}, "add_source": {"executed_lines": [], "summary": {"covered_lines": 0, "num_statements": 10, "percent_covered": 0.0, "percent_covered_display": "0", "missing_lines": 10, "excluded_lines": 0, "percent_statements_covered": 0.0, "percent_statements_covered_display": "0"}, "missing_lines": [31, 32, 34, 35, 36, 37, 38, 39, 40, 41], "excluded_lines": [], "start_line": 30}, "patch_source": {"executed_lines": [], "summary": {"covered_lines": 0, "num_statements": 7, "percent_covered": 0.0, "percent_covered_display": "0", "missing_lines": 7, "excluded_lines": 0, "percent_statements_covered": 0.0, "percent_statements_covered_display": "0"}, "missing_lines": [46, 47, 48, 49, 50, 51, 52], "excluded_lines": [], "start_line": 45}, "remove_source": {"executed_lines": [], "summary": {"covered_lines": 0, "num_statements": 3, "percent_covered": 0.0, "percent_covered_display": "0", "missing_lines": 3, "excluded_lines": 0, "percent_statements_covered": 0.0, "percent_statements_covered_display": "0"}, "missing_lines": [57, 58, 59], "excluded_lines": [], "start_line": 56}, "list_items": {"executed_lines": [], "summary": {"covered_lines": 0, "num_statements": 3, "percent_covered": 0.0, "percent_covered_display": "0", "missing_lines": 3, "excluded_lines": 0, "percent_statements_covered": 0.0, "percent_statements_covered_display": "0"}, "missing_lines": [70, 71, 78], "excluded_lines": [], "start_line": 63}, "set_item_read": {"executed_lines": [], "summary": {"covered_lines": 0, "num_statements": 3, "percent_covered": 0.0, "percent_covered_display": "0", "missing_lines": 3, "excluded_lines": 0, "percent_statements_covered": 0.0, "percent_statements_covered_display": "0"}, "missing_lines": [83, 84, 85], "excluded_lines": [], "start_line": 82}, "set_item_important": {"executed_lines": [], "summary": {"covered_lines": 0, "num_statements": 4, "percent_covered": 0.0, "percent_covered_display": "0", "missing_lines": 4, "excluded_lines": 0, "percent_statements_covered": 0.0, "percent_statements_covered_display": "0"}, "missing_lines": [90, 91, 92, 93], "excluded_lines": [], "start_line": 89}, "refresh_feeds": {"executed_lines": [], "summary": {"covered_lines": 0, "num_statements": 3, "percent_covered": 0.0, "percent_covered_display": "0", "missing_lines": 3, "excluded_lines": 0, "percent_statements_covered": 0.0, "percent_statements_covered_display": "0"}, "missing_lines": [98, 99, 100], "excluded_lines": [], "start_line": 97}, "init_defaults": {"executed_lines": [], "summary": {"covered_lines": 0, "num_statements": 3, "percent_covered": 0.0, "percent_covered_display": "0", "missing_lines": 3, "excluded_lines": 0, "percent_statements_covered": 0.0, "percent_statements_covered_display": "0"}, "missing_lines": [105, 106, 107], "excluded_lines": [], "start_line": 104}, "enrichment_status": {"executed_lines": [], "summary": {"covered_lines": 0, "num_statements": 2, "percent_covered": 0.0, "percent_covered_display": "0", "missing_lines": 2, "excluded_lines": 0, "percent_statements_covered": 0.0, "percent_statements_covered_display": "0"}, "missing_lines": [113, 114], "excluded_lines": [], "start_line": 111}, "run_enrichment": {"executed_lines": [], "summary": {"covered_lines": 0, "num_statements": 4, "percent_covered": 0.0, "percent_covered_display": "0", "missing_lines": 4, "excluded_lines": 0, "percent_statements_covered": 0.0, "percent_statements_covered_display": "0"}, "missing_lines": [120, 121, 123, 124], "excluded_lines": [], "start_line": 118}, "get_latest_brief": {"executed_lines": [], "summary": {"covered_lines": 0, "num_statements": 4, "percent_covered": 0.0, "percent_covered_display": "0", "missing_lines": 4, "excluded_lines": 0, "percent_statements_covered": 0.0, "percent_statements_covered_display": "0"}, "missing_lines": [130, 131, 133, 134], "excluded_lines": [], "start_line": 128}, "get_recent_briefs": {"executed_lines": [], "summary": {"covered_lines": 0, "num_statements": 4, "percent_covered": 0.0, "percent_covered_display": "0", "missing_lines": 4, "excluded_lines": 0, "percent_statements_covered": 0.0, "percent_statements_covered_display": "0"}, "missing_lines": [140, 141, 143, 144], "excluded_lines": [], "start_line": 138}, "generate_brief": {"executed_lines": [], "summary": {"covered_lines": 0, "num_statements": 4, "percent_covered": 0.0, "percent_covered_display": "0", "missing_lines": 4, "excluded_lines": 0, "percent_statements_covered": 0.0, "percent_statements_covered_display": "0"}, "missing_lines": [150, 151, 153, 154], "excluded_lines": [], "start_line": 148}, "": {"executed_lines": [3, 5, 7, 18, 20, 23, 24, 29, 30, 44, 45, 55, 56, 62, 63, 81, 82, 88, 89, 96, 97, 103, 104, 110, 111, 117, 118, 127, 128, 137, 138, 147, 148], "summary": {"covered_lines": 33, "num_statements": 33, "percent_covered": 100.0, "percent_covered_display": "100", "missing_lines": 0, "excluded_lines": 0, "percent_statements_covered": 100.0, "percent_statements_covered_display": "100"}, "missing_lines": [], "excluded_lines": [], "start_line": 1}}, "classes": {"": {"executed_lines": [3, 5, 7, 18, 20, 23, 24, 29, 30, 44, 45, 55, 56, 62, 63, 81, 82, 88, 89, 96, 97, 103, 104, 110, 111, 117, 118, 127, 128, 137, 138, 147, 148], "summary": {"covered_lines": 33, "num_statements": 89, "percent_covered": 37.07865168539326, "percent_covered_display": "37", "missing_lines": 56, "excluded_lines": 0, "percent_statements_covered": 37.07865168539326, "percent_statements_covered_display": "37"}, "missing_lines": [25, 26, 31, 32, 34, 35, 36, 37, 38, 39, 40, 41, 46, 47, 48, 49, 50, 51, 52, 57, 58, 59, 70, 71, 78, 83, 84, 85, 90, 91, 92, 93, 98, 99, 100, 105, 106, 107, 113, 114, 120, 121, 123, 124, 130, 131, 133, 134, 140, 141, 143, 144, 150, 151, 153, 154], "excluded_lines": [], "start_line": 1}}}, "src/data_sync_service/api/query_routes.py": {"executed_lines": [1, 3, 5, 6, 8, 9, 10, 11, 12, 13, 14, 15, 16, 17, 18, 19, 20, 21, 22, 23, 24, 28, 31, 34, 37, 40, 43, 46, 49, 52, 53, 54, 55, 56, 57, 60, 61, 62, 63, 66, 67, 68, 69, 70, 71, 72, 75, 76, 77, 78, 79, 82, 83, 84, 85, 86, 87, 90, 91, 92, 93, 94, 95, 96, 97, 100, 101, 102, 105, 106, 108, 111, 112, 114, 115, 122, 123, 129, 130, 136, 137, 148, 149, 159, 160, 162, 165, 166, 177, 178, 189, 190, 201, 202, 208, 209, 215, 216, 222, 223, 237, 238, 241, 242, 247, 248, 254, 255, 256, 257, 262, 263, 269, 270, 271, 272, 277, 278, 283, 284, 287, 288, 293, 294, 315, 316, 369, 370, 380, 381, 383, 384, 387, 388, 465, 466, 471, 472, 477, 478, 483, 484, 559, 560, 568, 569, 574, 575], "summary": {"covered_lines": 148, "num_statements": 288, "percent_covered": 51.388888888888886, "percent_covered_display": "51", "missing_lines": 140, "excluded_lines": 0, "percent_statements_covered": 51.388888888888886, "percent_statements_covered_display": "51"}, "missing_lines": [126, 133, 145, 156, 173, 174, 185, 186, 197, 198, 205, 212, 219, 229, 230, 231, 232, 233, 234, 243, 244, 258, 259, 273, 274, 290, 306, 307, 324, 325, 326, 327, 328, 329, 332, 333, 334, 335, 336, 337, 338, 340, 341, 344, 347, 348, 349, 350, 351, 352, 359, 366, 382, 393, 394, 395, 396, 397, 398, 399, 402, 403, 404, 405, 406, 407, 408, 409, 410, 411, 412, 413, 414, 415, 416, 417, 419, 420, 422, 423, 424, 426, 427, 428, 429, 430, 434, 435, 436, 437, 439, 440, 441, 442, 443, 444, 445, 446, 447, 448, 449, 451, 452, 453, 462, 467, 468, 473, 474, 479, 480, 488, 489, 490, 491, 492, 493, 494, 495, 496, 497, 512, 513, 544, 545, 553, 554, 555, 556, 561, 562, 563, 564, 565, 570, 571, 576, 577, 578, 579], "excluded_lines": [], "functions": {"healthz": {"executed_lines": [114, 115], "summary": {"covered_lines": 2, "num_statements": 2, "percent_covered": 100.0, "percent_covered_display": "100", "missing_lines": 0, "excluded_lines": 0, "percent_statements_covered": 100.0, "percent_statements_covered_display": "100"}, "missing_lines": [], "excluded_lines": [], "start_line": 112}, "get_stock_basic_endpoint": {"executed_lines": [], "summary": {"covered_lines": 0, "num_statements": 1, "percent_covered": 0.0, "percent_covered_display": "0", "missing_lines": 1, "excluded_lines": 0, "percent_statements_covered": 0.0, "percent_statements_covered_display": "0"}, "missing_lines": [126], "excluded_lines": [], "start_line": 123}, "get_stock_basic_status_endpoint": {"executed_lines": [], "summary": {"covered_lines": 0, "num_statements": 1, "percent_covered": 0.0, "percent_covered_display": "0", "missing_lines": 1, "excluded_lines": 0, "percent_statements_covered": 0.0, "percent_statements_covered_display": "0"}, "missing_lines": [133], "excluded_lines": [], "start_line": 130}, "get_daily_endpoint": {"executed_lines": [], "summary": {"covered_lines": 0, "num_statements": 1, "percent_covered": 0.0, "percent_covered_display": "0", "missing_lines": 1, "excluded_lines": 0, "percent_statements_covered": 0.0, "percent_statements_covered_display": "0"}, "missing_lines": [145], "excluded_lines": [], "start_line": 137}, "get_index_daily_endpoint": {"executed_lines": [], "summary": {"covered_lines": 0, "num_statements": 1, "percent_covered": 0.0, "percent_covered_display": "0", "missing_lines": 1, "excluded_lines": 0, "percent_statements_covered": 0.0, "percent_statements_covered_display": "0"}, "missing_lines": [156], "excluded_lines": [], "start_line": 149}, "get_macro_snapshot_endpoint": {"executed_lines": [162], "summary": {"covered_lines": 1, "num_statements": 1, "percent_covered": 100.0, "percent_covered_display": "100", "missing_lines": 0, "excluded_lines": 0, "percent_statements_covered": 100.0, "percent_statements_covered_display": "100"}, "missing_lines": [], "excluded_lines": [], "start_line": 160}, "get_macro_history_endpoint": {"executed_lines": [], "summary": {"covered_lines": 0, "num_statements": 2, "percent_covered": 0.0, "percent_covered_display": "0", "missing_lines": 2, "excluded_lines": 0, "percent_statements_covered": 0.0, "percent_statements_covered_display": "0"}, "missing_lines": [173, 174], "excluded_lines": [], "start_line": 166}, "get_index_signals_history_endpoint": {"executed_lines": [], "summary": {"covered_lines": 0, "num_statements": 2, "percent_covered": 0.0, "percent_covered_display": "0", "missing_lines": 2, "excluded_lines": 0, "percent_statements_covered": 0.0, "percent_statements_covered_display": "0"}, "missing_lines": [185, 186], "excluded_lines": [], "start_line": 178}, "get_index_basic_history_endpoint": {"executed_lines": [], "summary": {"covered_lines": 0, "num_statements": 2, "percent_covered": 0.0, "percent_covered_display": "0", "missing_lines": 2, "excluded_lines": 0, "percent_statements_covered": 0.0, "percent_statements_covered_display": "0"}, "missing_lines": [197, 198], "excluded_lines": [], "start_line": 190}, "get_daily_status_endpoint": {"executed_lines": [], "summary": {"covered_lines": 0, "num_statements": 1, "percent_covered": 0.0, "percent_covered_display": "0", "missing_lines": 1, "excluded_lines": 0, "percent_statements_covered": 0.0, "percent_statements_covered_display": "0"}, "missing_lines": [205], "excluded_lines": [], "start_line": 202}, "get_adj_factor_status_endpoint": {"executed_lines": [], "summary": {"covered_lines": 0, "num_statements": 1, "percent_covered": 0.0, "percent_covered_display": "0", "missing_lines": 1, "excluded_lines": 0, "percent_statements_covered": 0.0, "percent_statements_covered_display": "0"}, "missing_lines": [212], "excluded_lines": [], "start_line": 209}, "get_close_status_endpoint": {"executed_lines": [], "summary": {"covered_lines": 0, "num_statements": 1, "percent_covered": 0.0, "percent_covered_display": "0", "missing_lines": 1, "excluded_lines": 0, "percent_statements_covered": 0.0, "percent_statements_covered_display": "0"}, "missing_lines": [219], "excluded_lines": [], "start_line": 216}, "get_quote_endpoint": {"executed_lines": [], "summary": {"covered_lines": 0, "num_statements": 6, "percent_covered": 0.0, "percent_covered_display": "0", "missing_lines": 6, "excluded_lines": 0, "percent_statements_covered": 0.0, "percent_statements_covered_display": "0"}, "missing_lines": [229, 230, 231, 232, 233, 234], "excluded_lines": [], "start_line": 223}, "get_market_bars_endpoint": {"executed_lines": [241, 242], "summary": {"covered_lines": 2, "num_statements": 4, "percent_covered": 50.0, "percent_covered_display": "50", "missing_lines": 2, "excluded_lines": 0, "percent_statements_covered": 50.0, "percent_statements_covered_display": "50"}, "missing_lines": [243, 244], "excluded_lines": [], "start_line": 238}, "get_market_chips_endpoint": {"executed_lines": [254, 255, 256, 257], "summary": {"covered_lines": 4, "num_statements": 6, "percent_covered": 66.66666666666667, "percent_covered_display": "67", "missing_lines": 2, "excluded_lines": 0, "percent_statements_covered": 66.66666666666667, "percent_statements_covered_display": "67"}, "missing_lines": [258, 259], "excluded_lines": [], "start_line": 248}, "get_market_fund_flow_endpoint": {"executed_lines": [269, 270, 271, 272], "summary": {"covered_lines": 4, "num_statements": 6, "percent_covered": 66.66666666666667, "percent_covered_display": "67", "missing_lines": 2, "excluded_lines": 0, "percent_statements_covered": 66.66666666666667, "percent_statements_covered_display": "67"}, "missing_lines": [273, 274], "excluded_lines": [], "start_line": 263}, "get_trendok_endpoint": {"executed_lines": [283, 284], "summary": {"covered_lines": 2, "num_statements": 2, "percent_covered": 100.0, "percent_covered_display": "100", "missing_lines": 0, "excluded_lines": 0, "percent_statements_covered": 100.0, "percent_statements_covered_display": "100"}, "missing_lines": [], "excluded_lines": [], "start_line": 278}, "get_market_status_endpoint": {"executed_lines": [], "summary": {"covered_lines": 0, "num_statements": 1, "percent_covered": 0.0, "percent_covered_display": "0", "missing_lines": 1, "excluded_lines": 0, "percent_statements_covered": 0.0, "percent_statements_covered_display": "0"}, "missing_lines": [290], "excluded_lines": [], "start_line": 288}, "get_market_stocks_endpoint": {"executed_lines": [], "summary": {"covered_lines": 0, "num_statements": 2, "percent_covered": 0.0, "percent_covered_display": "0", "missing_lines": 2, "excluded_lines": 0, "percent_statements_covered": 0.0, "percent_statements_covered_display": "0"}, "missing_lines": [306, 307], "excluded_lines": [], "start_line": 294}, "get_market_stocks_quotes_endpoint": {"executed_lines": [], "summary": {"covered_lines": 0, "num_statements": 24, "percent_covered": 0.0, "percent_covered_display": "0", "missing_lines": 24, "excluded_lines": 0, "percent_statements_covered": 0.0, "percent_statements_covered_display": "0"}, "missing_lines": [324, 325, 326, 327, 328, 329, 332, 333, 334, 335, 336, 337, 338, 340, 341, 344, 347, 348, 349, 350, 351, 352, 359, 366], "excluded_lines": [], "start_line": 316}, "search_stocks_endpoint": {"executed_lines": [380, 381, 383, 384], "summary": {"covered_lines": 4, "num_statements": 5, "percent_covered": 80.0, "percent_covered_display": "80", "missing_lines": 1, "excluded_lines": 0, "percent_statements_covered": 80.0, "percent_statements_covered_display": "80"}, "missing_lines": [382], "excluded_lines": [], "start_line": 370}, "resolve_symbols_endpoint": {"executed_lines": [], "summary": {"covered_lines": 0, "num_statements": 52, "percent_covered": 0.0, "percent_covered_display": "0", "missing_lines": 52, "excluded_lines": 0, "percent_statements_covered": 0.0, "percent_statements_covered_display": "0"}, "missing_lines": [393, 394, 395, 396, 397, 398, 399, 402, 403, 404, 405, 406, 407, 408, 409, 410, 411, 412, 413, 414, 415, 416, 417, 419, 420, 422, 423, 424, 426, 427, 428, 429, 430, 434, 435, 436, 437, 439, 440, 441, 442, 443, 444, 445, 446, 447, 448, 449, 451, 452, 453, 462], "excluded_lines": [], "start_line": 388}, "watchlist_v5_alerts_endpoint": {"executed_lines": [], "summary": {"covered_lines": 0, "num_statements": 2, "percent_covered": 0.0, "percent_covered_display": "0", "missing_lines": 2, "excluded_lines": 0, "percent_statements_covered": 0.0, "percent_statements_covered_display": "0"}, "missing_lines": [467, 468], "excluded_lines": [], "start_line": 466}, "watchlist_v5_plan_endpoint": {"executed_lines": [], "summary": {"covered_lines": 0, "num_statements": 2, "percent_covered": 0.0, "percent_covered_display": "0", "missing_lines": 2, "excluded_lines": 0, "percent_statements_covered": 0.0, "percent_statements_covered_display": "0"}, "missing_lines": [473, 474], "excluded_lines": [], "start_line": 472}, "watchlist_momentum_alerts_endpoint": {"executed_lines": [], "summary": {"covered_lines": 0, "num_statements": 2, "percent_covered": 0.0, "percent_covered_display": "0", "missing_lines": 2, "excluded_lines": 0, "percent_statements_covered": 0.0, "percent_statements_covered_display": "0"}, "missing_lines": [479, 480], "excluded_lines": [], "start_line": 478}, "run_backtest_endpoint": {"executed_lines": [], "summary": {"covered_lines": 0, "num_statements": 18, "percent_covered": 0.0, "percent_covered_display": "0", "missing_lines": 18, "excluded_lines": 0, "percent_statements_covered": 0.0, "percent_statements_covered_display": "0"}, "missing_lines": [488, 489, 490, 491, 492, 493, 494, 495, 496, 497, 512, 513, 544, 545, 553, 554, 555, 556], "excluded_lines": [], "start_line": 484}, "get_backtest_result_endpoint": {"executed_lines": [], "summary": {"covered_lines": 0, "num_statements": 5, "percent_covered": 0.0, "percent_covered_display": "0", "missing_lines": 5, "excluded_lines": 0, "percent_statements_covered": 0.0, "percent_statements_covered_display": "0"}, "missing_lines": [561, 562, 563, 564, 565], "excluded_lines": [], "start_line": 560}, "list_backtest_runs": {"executed_lines": [], "summary": {"covered_lines": 0, "num_statements": 2, "percent_covered": 0.0, "percent_covered_display": "0", "missing_lines": 2, "excluded_lines": 0, "percent_statements_covered": 0.0, "percent_statements_covered_display": "0"}, "missing_lines": [570, 571], "excluded_lines": [], "start_line": 569}, "delete_backtest_run_endpoint": {"executed_lines": [], "summary": {"covered_lines": 0, "num_statements": 4, "percent_covered": 0.0, "percent_covered_display": "0", "missing_lines": 4, "excluded_lines": 0, "percent_statements_covered": 0.0, "percent_statements_covered_display": "0"}, "missing_lines": [576, 577, 578, 579], "excluded_lines": [], "start_line": 575}, "": {"executed_lines": [1, 3, 5, 6, 8, 9, 10, 11, 12, 13, 14, 15, 16, 17, 18, 19, 20, 21, 22, 23, 24, 28, 31, 34, 37, 40, 43, 46, 49, 52, 53, 54, 55, 56, 57, 60, 61, 62, 63, 66, 67, 68, 69, 70, 71, 72, 75, 76, 77, 78, 79, 82, 83, 84, 85, 86, 87, 90, 91, 92, 93, 94, 95, 96, 97, 100, 101, 102, 105, 106, 108, 111, 112, 122, 123, 129, 130, 136, 137, 148, 149, 159, 160, 165, 166, 177, 178, 189, 190, 201, 202, 208, 209, 215, 216, 222, 223, 237, 238, 247, 248, 262, 263, 277, 278, 287, 288, 293, 294, 315, 316, 369, 370, 387, 388, 465, 466, 471, 472, 477, 478, 483, 484, 559, 560, 568, 569, 574, 575], "summary": {"covered_lines": 129, "num_statements": 129, "percent_covered": 100.0, "percent_covered_display": "100", "missing_lines": 0, "excluded_lines": 0, "percent_statements_covered": 100.0, "percent_statements_covered_display": "100"}, "missing_lines": [], "excluded_lines": [], "start_line": 1}}, "classes": {"BacktestUniverse": {"executed_lines": [], "summary": {"covered_lines": 0, "num_statements": 0, "percent_covered": 100.0, "percent_covered_display": "100", "missing_lines": 0, "excluded_lines": 0, "percent_statements_covered": 100.0, "percent_statements_covered_display": "100"}, "missing_lines": [], "excluded_lines": [], "start_line": 60}, "BacktestRules": {"executed_lines": [], "summary": {"covered_lines": 0, "num_statements": 0, "percent_covered": 100.0, "percent_covered_display": "100", "missing_lines": 0, "excluded_lines": 0, "percent_statements_covered": 100.0, "percent_statements_covered_display": "100"}, "missing_lines": [], "excluded_lines": [], "start_line": 66}, "BacktestScoring": {"executed_lines": [], "summary": {"covered_lines": 0, "num_statements": 0, "percent_covered": 100.0, "percent_covered_display": "100", "missing_lines": 0, "excluded_lines": 0, "percent_statements_covered": 100.0, "percent_statements_covered_display": "100"}, "missing_lines": [], "excluded_lines": [], "start_line": 75}, "BacktestParams": {"executed_lines": [], "summary": {"covered_lines": 0, "num_statements": 0, "percent_covered": 100.0, "percent_covered_display": "100", "missing_lines": 0, "excluded_lines": 0, "percent_statements_covered": 100.0, "percent_statements_covered_display": "100"}, "missing_lines": [], "excluded_lines": [], "start_line": 82}, "BacktestRunRequest": {"executed_lines": [], "summary": {"covered_lines": 0, "num_statements": 0, "percent_covered": 100.0, "percent_covered_display": "100", "missing_lines": 0, "excluded_lines": 0, "percent_statements_covered": 100.0, "percent_statements_covered_display": "100"}, "missing_lines": [], "excluded_lines": [], "start_line": 90}, "WatchlistAlertItem": {"executed_lines": [], "summary": {"covered_lines": 0, "num_statements": 0, "percent_covered": 100.0, "percent_covered_display": "100", "missing_lines": 0, "excluded_lines": 0, "percent_statements_covered": 100.0, "percent_statements_covered_display": "100"}, "missing_lines": [], "excluded_lines": [], "start_line": 100}, "WatchlistAlertsRequest": {"executed_lines": [], "summary": {"covered_lines": 0, "num_statements": 0, "percent_covered": 100.0, "percent_covered_display": "100", "missing_lines": 0, "excluded_lines": 0, "percent_statements_covered": 100.0, "percent_statements_covered_display": "100"}, "missing_lines": [], "excluded_lines": [], "start_line": 105}, "": {"executed_lines": [1, 3, 5, 6, 8, 9, 10, 11, 12, 13, 14, 15, 16, 17, 18, 19, 20, 21, 22, 23, 24, 28, 31, 34, 37, 40, 43, 46, 49, 52, 53, 54, 55, 56, 57, 60, 61, 62, 63, 66, 67, 68, 69, 70, 71, 72, 75, 76, 77, 78, 79, 82, 83, 84, 85, 86, 87, 90, 91, 92, 93, 94, 95, 96, 97, 100, 101, 102, 105, 106, 108, 111, 112, 114, 115, 122, 123, 129, 130, 136, 137, 148, 149, 159, 160, 162, 165, 166, 177, 178, 189, 190, 201, 202, 208, 209, 215, 216, 222, 223, 237, 238, 241, 242, 247, 248, 254, 255, 256, 257, 262, 263, 269, 270, 271, 272, 277, 278, 283, 284, 287, 288, 293, 294, 315, 316, 369, 370, 380, 381, 383, 384, 387, 388, 465, 466, 471, 472, 477, 478, 483, 484, 559, 560, 568, 569, 574, 575], "summary": {"covered_lines": 148, "num_statements": 288, "percent_covered": 51.388888888888886, "percent_covered_display": "51", "missing_lines": 140, "excluded_lines": 0, "percent_statements_covered": 51.388888888888886, "percent_statements_covered_display": "51"}, "missing_lines": [126, 133, 145, 156, 173, 174, 185, 186, 197, 198, 205, 212, 219, 229, 230, 231, 232, 233, 234, 243, 244, 258, 259, 273, 274, 290, 306, 307, 324, 325, 326, 327, 328, 329, 332, 333, 334, 335, 336, 337, 338, 340, 341, 344, 347, 348, 349, 350, 351, 352, 359, 366, 382, 393, 394, 395, 396, 397, 398, 399, 402, 403, 404, 405, 406, 407, 408, 409, 410, 411, 412, 413, 414, 415, 416, 417, 419, 420, 422, 423, 424, 426, 427, 428, 429, 430, 434, 435, 436, 437, 439, 440, 441, 442, 443, 444, 445, 446, 447, 448, 449, 451, 452, 453, 462, 467, 468, 473, 474, 479, 480, 488, 489, 490, 491, 492, 493, 494, 495, 496, 497, 512, 513, 544, 545, 553, 554, 555, 556, 561, 562, 563, 564, 565, 570, 571, 576, 577, 578, 579], "excluded_lines": [], "start_line": 1}}}, "src/data_sync_service/api/simtrade_routes.py": {"executed_lines": [3, 5, 7, 9, 10, 11, 13, 16, 17, 31, 32, 33, 34, 35, 36, 37, 38, 39, 40, 43, 44, 107, 108, 109, 110, 111, 112, 113], "summary": {"covered_lines": 28, "num_statements": 74, "percent_covered": 37.83783783783784, "percent_covered_display": "38", "missing_lines": 46, "excluded_lines": 0, "percent_statements_covered": 37.83783783783784, "percent_statements_covered_display": "38"}, "missing_lines": [22, 23, 24, 25, 27, 28, 54, 55, 56, 57, 58, 59, 60, 61, 62, 63, 64, 65, 66, 67, 68, 69, 70, 72, 73, 74, 75, 76, 77, 78, 79, 80, 81, 82, 92, 94, 95, 96, 97, 98, 99, 100, 101, 102, 103, 104], "excluded_lines": [], "functions": {"get_trading_days": {"executed_lines": [], "summary": {"covered_lines": 0, "num_statements": 6, "percent_covered": 0.0, "percent_covered_display": "0", "missing_lines": 6, "excluded_lines": 0, "percent_statements_covered": 0.0, "percent_statements_covered_display": "0"}, "missing_lines": [22, 23, 24, 25, 27, 28], "excluded_lines": [], "start_line": 17}, "_parse_date": {"executed_lines": [32, 33, 34, 35, 36, 37, 38, 39, 40], "summary": {"covered_lines": 9, "num_statements": 9, "percent_covered": 100.0, "percent_covered_display": "100", "missing_lines": 0, "excluded_lines": 0, "percent_statements_covered": 100.0, "percent_statements_covered_display": "100"}, "missing_lines": [], "excluded_lines": [], "start_line": 31}, "get_daily_bars": {"executed_lines": [], "summary": {"covered_lines": 0, "num_statements": 40, "percent_covered": 0.0, "percent_covered_display": "0", "missing_lines": 40, "excluded_lines": 0, "percent_statements_covered": 0.0, "percent_statements_covered_display": "0"}, "missing_lines": [54, 55, 56, 57, 58, 59, 60, 61, 62, 63, 64, 65, 66, 67, 68, 69, 70, 72, 73, 74, 75, 76, 77, 78, 79, 80, 81, 82, 92, 94, 95, 96, 97, 98, 99, 100, 101, 102, 103, 104], "excluded_lines": [], "start_line": 44}, "_numeric": {"executed_lines": [108, 109, 110, 111, 112, 113], "summary": {"covered_lines": 6, "num_statements": 6, "percent_covered": 100.0, "percent_covered_display": "100", "missing_lines": 0, "excluded_lines": 0, "percent_statements_covered": 100.0, "percent_statements_covered_display": "100"}, "missing_lines": [], "excluded_lines": [], "start_line": 107}, "": {"executed_lines": [3, 5, 7, 9, 10, 11, 13, 16, 17, 31, 43, 44, 107], "summary": {"covered_lines": 13, "num_statements": 13, "percent_covered": 100.0, "percent_covered_display": "100", "missing_lines": 0, "excluded_lines": 0, "percent_statements_covered": 100.0, "percent_statements_covered_display": "100"}, "missing_lines": [], "excluded_lines": [], "start_line": 1}}, "classes": {"": {"executed_lines": [3, 5, 7, 9, 10, 11, 13, 16, 17, 31, 32, 33, 34, 35, 36, 37, 38, 39, 40, 43, 44, 107, 108, 109, 110, 111, 112, 113], "summary": {"covered_lines": 28, "num_statements": 74, "percent_covered": 37.83783783783784, "percent_covered_display": "38", "missing_lines": 46, "excluded_lines": 0, "percent_statements_covered": 37.83783783783784, "percent_statements_covered_display": "38"}, "missing_lines": [22, 23, 24, 25, 27, 28, 54, 55, 56, 57, 58, 59, 60, 61, 62, 63, 64, 65, 66, 67, 68, 69, 70, 72, 73, 74, 75, 76, 77, 78, 79, 80, 81, 82, 92, 94, 95, 96, 97, 98, 99, 100, 101, 102, 103, 104], "excluded_lines": [], "start_line": 1}}}, "src/data_sync_service/api/sync_routes.py": {"executed_lines": [1, 3, 4, 6, 8, 9, 10, 11, 12, 16, 17, 18, 19, 20, 21, 22, 23, 24, 25, 27, 30, 31, 38, 39, 73, 74, 80, 81, 88, 91, 92, 101, 102, 107, 108, 113, 114, 119, 120, 142, 143, 152, 153, 156, 159, 160, 162, 165, 166, 179, 180, 187, 188, 194, 195, 198, 199, 200, 201, 202, 203, 204, 205, 208, 209, 214, 215, 227, 228, 238, 239, 246, 247, 255, 256, 264, 265, 268
[...]
, 252, 253, 254, 255, 256, 257, 258, 261, 262, 263, 264, 265, 266, 267, 268, 275, 276, 277, 278, 279, 280, 281, 290, 291, 292, 294, 295, 296, 298, 313, 314, 315, 316, 317, 318, 319, 320, 321, 322, 323, 324, 325, 326, 327, 328, 330, 331, 332, 333, 334, 335, 336, 337, 338, 340, 341, 343, 344, 345, 346, 347, 348, 349, 350, 351, 352, 353, 354, 355, 356, 358, 359, 360, 361, 362, 363, 364, 365, 366, 367, 368, 369, 370, 371, 372, 373, 374, 376, 377, 378, 380, 381, 382, 383, 384, 385, 386, 387, 388, 389, 391, 407, 408, 409, 410, 411, 413, 414, 415, 416, 417, 418, 419, 420, 421, 423, 424, 425, 427, 429, 430, 431, 432, 433, 434, 435, 436, 437, 438, 439, 440, 441, 443, 444, 445, 446, 453, 454, 455, 460, 461, 462, 463, 464, 465, 466, 477, 483, 484, 485, 486, 487, 488, 489, 502, 503, 504, 505, 509, 510, 511, 512, 513, 514, 515, 516, 517, 518, 519, 522, 523, 524, 525, 526, 527, 528, 529, 533, 534, 543, 544, 545, 546, 559], "excluded_lines": [], "start_line": 1}}}, "src/data_sync_service/tv/ego_lite.py": {"executed_lines": [14, 16, 17, 18, 22, 27, 28, 34, 38, 44, 45, 46, 47, 51, 118], "summary": {"covered_lines": 15, "num_statements": 54, "percent_covered": 27.77777777777778, "percent_covered_display": "28", "missing_lines": 39, "excluded_lines": 0, "percent_statements_covered": 27.77777777777778, "percent_statements_covered_display": "28"}, "missing_lines": [48, 61, 62, 64, 65, 66, 71, 72, 73, 74, 75, 76, 77, 78, 79, 80, 83, 85, 86, 87, 88, 89, 90, 91, 94, 95, 104, 105, 106, 107, 108, 109, 110, 111, 112, 113, 114, 115, 125], "excluded_lines": [], "functions": {"_ensure_playwright": {"executed_lines": [44, 45, 46, 47], "summary": {"covered_lines": 4, "num_statements": 5, "percent_covered": 80.0, "percent_covered_display": "80", "missing_lines": 1, "excluded_lines": 0, "percent_statements_covered": 80.0, "percent_statements_covered_display": "80"}, "missing_lines": [48], "excluded_lines": [], "start_line": 38}, "capture_screener_ego_lite_async": {"executed_lines": [], "summary": {"covered_lines": 0, "num_statements": 37, "percent_covered": 0.0, "percent_covered_display": "0", "missing_lines": 37, "excluded_lines": 0, "percent_statements_covered": 0.0, "percent_statements_covered_display": "0"}, "missing_lines": [61, 62, 64, 65, 66, 71, 72, 73, 74, 75, 76, 77, 78, 79, 80, 83, 85, 86, 87, 88, 89, 90, 91, 94, 95, 104, 105, 106, 107, 108, 109, 110, 111, 112, 113, 114, 115], "excluded_lines": [], "start_line": 51}, "capture_screener_ego_lite_sync": {"executed_lines": [], "summary": {"covered_lines": 0, "num_statements": 1, "percent_covered": 0.0, "percent_covered_display": "0", "missing_lines": 1, "excluded_lines": 0, "percent_statements_covered": 0.0, "percent_statements_covered_display": "0"}, "missing_lines": [125], "excluded_lines": [], "start_line": 118}, "": {"executed_lines": [14, 16, 17, 18, 22, 27, 28, 34, 38, 51, 118], "summary": {"covered_lines": 11, "num_statements": 11, "percent_covered": 100.0, "percent_covered_display": "100", "missing_lines": 0, "excluded_lines": 0, "percent_statements_covered": 100.0, "percent_statements_covered_display": "100"}, "missing_lines": [], "excluded_lines": [], "start_line": 1}}, "classes": {"EgoLiteUnavailable": {"executed_lines": [], "summary": {"covered_lines": 0, "num_statements": 0, "percent_covered": 100.0, "percent_covered_display": "100", "missing_lines": 0, "excluded_lines": 0, "percent_statements_covered": 100.0, "percent_statements_covered_display": "100"}, "missing_lines": [], "excluded_lines": [], "start_line": 34}, "": {"executed_lines": [14, 16, 17, 18, 22, 27, 28, 34, 38, 44, 45, 46, 47, 51, 118], "summary": {"covered_lines": 15, "num_statements": 54, "percent_covered": 27.77777777777778, "percent_covered_display": "28", "missing_lines": 39, "excluded_lines": 0, "percent_statements_covered": 27.77777777777778, "percent_statements_covered_display": "28"}, "missing_lines": [48, 61, 62, 64, 65, 66, 71, 72, 73, 74, 75, 76, 77, 78, 79, 80, 83, 85, 86, 87, 88, 89, 90, 91, 94, 95, 104, 105, 106, 107, 108, 109, 110, 111, 112, 113, 114, 115, 125], "excluded_lines": [], "start_line": 1}}}, "src/data_sync_service/tv/normalize.py": {"executed_lines": [1, 3, 4, 7, 14, 15, 16, 19, 20, 21, 22, 23, 24, 27, 35, 36, 37, 38, 39, 42, 50, 51, 53, 54, 55, 56, 57, 59, 60, 61, 62, 63, 65, 66, 67, 68, 69, 72, 80, 83, 84, 85, 86, 87, 88, 89, 91, 92, 93, 94, 96, 97, 98, 99, 100, 101, 103], "summary": {"covered_lines": 57, "num_statements": 58, "percent_covered": 98.27586206896552, "percent_covered_display": "98", "missing_lines": 1, "excluded_lines": 0, "percent_statements_covered": 98.27586206896552, "percent_statements_covered_display": "98"}, "missing_lines": [81], "excluded_lines": [], "functions": {"normalize_header": {"executed_lines": [14, 15, 16], "summary": {"covered_lines": 3, "num_statements": 3, "percent_covered": 100.0, "percent_covered_display": "100", "missing_lines": 0, "excluded_lines": 0, "percent_statements_covered": 100.0, "percent_statements_covered_display": "100"}, "missing_lines": [], "excluded_lines": [], "start_line": 7}, "normalize_headers": {"executed_lines": [20, 21, 22, 23, 24], "summary": {"covered_lines": 5, "num_statements": 5, "percent_covered": 100.0, "percent_covered_display": "100", "missing_lines": 0, "excluded_lines": 0, "percent_statements_covered": 100.0, "percent_statements_covered_display": "100"}, "missing_lines": [], "excluded_lines": [], "start_line": 19}, "split_symbol_cell": {"executed_lines": [35, 36, 37, 38, 39], "summary": {"covered_lines": 5, "num_statements": 5, "percent_covered": 100.0, "percent_covered_display": "100", "missing_lines": 0, "excluded_lines": 0, "percent_statements_covered": 100.0, "percent_statements_covered_display": "100"}, "missing_lines": [], "excluded_lines": [], "start_line": 27}, "drop_empty_columns": {"executed_lines": [50, 51, 53, 59, 60, 61, 62, 63, 65, 66, 67, 68, 69], "summary": {"covered_lines": 13, "num_statements": 13, "percent_covered": 100.0, "percent_covered_display": "100", "missing_lines": 0, "excluded_lines": 0, "percent_statements_covered": 100.0, "percent_statements_covered_display": "100"}, "missing_lines": [], "excluded_lines": [], "start_line": 42}, "drop_empty_columns.is_empty": {"executed_lines": [54, 55, 56, 57], "summary": {"covered_lines": 4, "num_statements": 4, "percent_covered": 100.0, "percent_covered_display": "100", "missing_lines": 0, "excluded_lines": 0, "percent_statements_covered": 100.0, "percent_statements_covered_display": "100"}, "missing_lines": [], "excluded_lines": [], "start_line": 53}, "enrich_symbol_columns": {"executed_lines": [80, 83, 84, 85, 86, 87, 88, 89, 91, 92, 93, 94, 96, 97, 98, 99, 100, 101, 103], "summary": {"covered_lines": 19, "num_statements": 20, "percent_covered": 95.0, "percent_covered_display": "95", "missing_lines": 1, "excluded_lines": 0, "percent_statements_covered": 95.0, "percent_statements_covered_display": "95"}, "missing_lines": [81], "excluded_lines": [], "start_line": 72}, "": {"executed_lines": [1, 3, 4, 7, 19, 27, 42, 72], "summary": {"covered_lines": 8, "num_statements": 8, "percent_covered": 100.0, "percent_covered_display": "100", "missing_lines": 0, "excluded_lines": 0, "percent_statements_covered": 100.0, "percent_statements_covered_display": "100"}, "missing_lines": [], "excluded_lines": [], "start_line": 1}}, "classes": {"": {"executed_lines": [1, 3, 4, 7, 14, 15, 16, 19, 20, 21, 22, 23, 24, 27, 35, 36, 37, 38, 39, 42, 50, 51, 53, 54, 55, 56, 57, 59, 60, 61, 62, 63, 65, 66, 67, 68, 69, 72, 80, 83, 84, 85, 86, 87, 88, 89, 91, 92, 93, 94, 96, 97, 98, 99, 100, 101, 103], "summary": {"covered_lines": 57, "num_statements": 58, "percent_covered": 98.27586206896552, "percent_covered_display": "98", "missing_lines": 1, "excluded_lines": 0, "percent_statements_covered": 98.27586206896552, "percent_statements_covered_display": "98"}, "missing_lines": [81], "excluded_lines": [], "start_line": 1}}}, "src/data_sync_service/tv/scanner_api.py": {"executed_lines": [16, 18, 19, 20, 21, 22, 23, 25, 26, 27, 32, 51, 55, 59, 63, 64, 73, 74, 75, 76, 79, 80, 82, 85, 100, 117, 126, 148, 165, 167, 168, 169, 170, 171, 178, 179, 180, 181, 182, 183, 184, 185, 186, 187, 193, 194, 195, 196, 197, 198, 199, 200, 203, 205, 206, 207, 208, 209, 210, 211, 214, 215, 217, 218, 220, 221, 222, 223, 224, 225, 226, 227, 235, 236, 237, 238, 239, 240, 241, 242, 245, 247, 250, 256, 257, 258, 259, 262, 272, 273, 274, 275, 276, 277, 278, 279, 280, 281], "summary": {"covered_lines": 98, "num_statements": 125, "percent_covered": 78.4, "percent_covered_display": "78", "missing_lines": 27, "excluded_lines": 0, "percent_statements_covered": 78.4, "percent_statements_covered_display": "78"}, "missing_lines": [86, 127, 128, 129, 130, 131, 132, 133, 134, 135, 136, 137, 138, 139, 140, 141, 142, 143, 144, 145, 166, 188, 189, 190, 202, 204, 216], "excluded_lines": [], "functions": {"_now_iso": {"executed_lines": [80, 82], "summary": {"covered_lines": 2, "num_statements": 2, "percent_covered": 100.0, "percent_covered_display": "100", "missing_lines": 0, "excluded_lines": 0, "percent_statements_covered": 100.0, "percent_statements_covered_display": "100"}, "missing_lines": [], "excluded_lines": [], "start_line": 79}, "_scanner_headers": {"executed_lines": [], "summary": {"covered_lines": 0, "num_statements": 1, "percent_covered": 0.0, "percent_covered_display": "0", "missing_lines": 1, "excluded_lines": 0, "percent_statements_covered": 0.0, "percent_statements_covered_display": "0"}, "missing_lines": [86], "excluded_lines": [], "start_line": 85}, "build_request_payload": {"executed_lines": [117], "summary": {"covered_lines": 1, "num_statements": 1, "percent_covered": 100.0, "percent_covered_display": "100", "missing_lines": 0, "excluded_lines": 0, "percent_statements_covered": 100.0, "percent_statements_covered_display": "100"}, "missing_lines": [], "excluded_lines": [], "start_line": 100}, "_post_json": {"executed_lines": [], "summary": {"covered_lines": 0, "num_statements": 19, "percent_covered": 0.0, "percent_covered_display": "0", "missing_lines": 19, "excluded_lines": 0, "percent_statements_covered": 0.0, "percent_statements_covered_display": "0"}, "missing_lines": [127, 128, 129, 130, 131, 132, 133, 134, 135, 136, 137, 138, 139, 140, 141, 142, 143, 144, 145], "excluded_lines": [], "start_line": 126}, "fetch_screener_via_api": {"executed_lines": [165, 167, 168, 169, 170, 171, 178, 179, 180, 181, 182, 183, 184, 185, 186, 187], "summary": {"covered_lines": 16, "num_statements": 20, "percent_covered": 80.0, "percent_covered_display": "80", "missing_lines": 4, "excluded_lines": 0, "percent_statements_covered": 80.0, "percent_statements_covered_display": "80"}, "missing_lines": [166, 188, 189, 190], "excluded_lines": [], "start_line": 148}, "_parse_response": {"executed_lines": [194, 195, 196, 197, 198, 199, 200, 203, 205, 206, 207, 208, 209, 210, 211, 214, 215, 217, 218, 220, 221, 222, 223, 224, 225, 226, 227], "summary": {"covered_lines": 27, "num_statements": 30, "percent_covered": 90.0, "percent_covered_display": "90", "missing_lines": 3, "excluded_lines": 0, "percent_statements_covered": 90.0, "percent_statements_covered_display": "90"}, "missing_lines": [202, 204, 216], "excluded_lines": [], "start_line": 193}, "_format_value": {"executed_lines": [236, 237, 238, 239, 240, 241, 242], "summary": {"covered_lines": 7, "num_statements": 7, "percent_covered": 100.0, "percent_covered_display": "100", "missing_lines": 0, "excluded_lines": 0, "percent_statements_covered": 100.0, "percent_statements_covered_display": "100"}, "missing_lines": [], "excluded_lines": [], "start_line": 235}, "default_columns": {"executed_lines": [247], "summary": {"covered_lines": 1, "num_statements": 1, "percent_covered": 100.0, "percent_covered_display": "100", "missing_lines": 0, "excluded_lines": 0, "percent_statements_covered": 100.0, "percent_statements_covered_display": "100"}, "missing_lines": [], "excluded_lines": [], "start_line": 245}, "friendly_to_internal_columns": {"executed_lines": [256, 257, 258, 259], "summary": {"covered_lines": 4, "num_statements": 4, "percent_covered": 100.0, "percent_covered_display": "100", "missing_lines": 0, "excluded_lines": 0, "percent_statements_covered": 100.0, "percent_statements_covered_display": "100"}, "missing_lines": [], "excluded_lines": [], "start_line": 250}, "internal_to_friendly_rows": {"executed_lines": [272, 273, 274, 275, 276, 277, 278, 279, 280, 281], "summary": {"covered_lines": 10, "num_statements": 10, "percent_covered": 100.0, "percent_covered_display": "100", "missing_lines": 0, "excluded_lines": 0, "percent_statements_covered": 100.0, "percent_statements_covered_display": "100"}, "missing_lines": [], "excluded_lines": [], "start_line": 262}, "": {"executed_lines": [16, 18, 19, 20, 21, 22, 23, 25, 26, 27, 32, 51, 55, 59, 63, 64, 73, 74, 75, 76, 79, 85, 100, 126, 148, 193, 235, 245, 250, 262], "summary": {"covered_lines": 30, "num_statements": 30, "percent_covered": 100.0, "percent_covered_display": "100", "missing_lines": 0, "excluded_lines": 0, "percent_statements_covered": 100.0, "percent_statements_covered_display": "100"}, "missing_lines": [], "excluded_lines": [], "start_line": 1}}, "classes": {"ScannerApiError": {"executed_lines": [], "summary": {"covered_lines": 0, "num_statements": 0, "percent_covered": 100.0, "percent_covered_display": "100", "missing_lines": 0, "excluded_lines": 0, "percent_statements_covered": 100.0, "percent_statements_covered_display": "100"}, "missing_lines": [], "excluded_lines": [], "start_line": 51}, "TransientApiError": {"executed_lines": [], "summary": {"covered_lines": 0, "num_statements": 0, "percent_covered": 100.0, "percent_covered_display": "100", "missing_lines": 0, "excluded_lines": 0, "percent_statements_covered": 100.0, "percent_statements_covered_display": "100"}, "missing_lines": [], "excluded_lines": [], "start_line": 55}, "PermanentApiError": {"executed_lines": [], "summary": {"covered_lines": 0, "num_statements": 0, "percent_covered": 100.0, "percent_covered_display": "100", "missing_lines": 0, "excluded_lines": 0, "percent_statements_covered": 100.0, "percent_statements_covered_display": "100"}, "missing_lines": [], "excluded_lines": [], "start_line": 59}, "ScannerApiResult": {"executed_lines": [], "summary": {"covered_lines": 0, "num_statements": 0, "percent_covered": 100.0, "percent_covered_display": "100", "missing_lines": 0, "excluded_lines": 0, "percent_statements_covered": 100.0, "percent_statements_covered_display": "100"}, "missing_lines": [], "excluded_lines": [], "start_line": 64}, "": {"executed_lines": [16, 18, 19, 20, 21, 22, 23, 25, 26, 27, 32, 51, 55, 59, 63, 64, 73, 74, 75, 76, 79, 80, 82, 85, 100, 117, 126, 148, 165, 167, 168, 169, 170, 171, 178, 179, 180, 181, 182, 183, 184, 185, 186, 187, 193, 194, 195, 196, 197, 198, 199, 200, 203, 205, 206, 207, 208, 209, 210, 211, 214, 215, 217, 218, 220, 221, 222, 223, 224, 225, 226, 227, 235, 236, 237, 238, 239, 240, 241, 242, 245, 247, 250, 256, 257, 258, 259, 262, 272, 273, 274, 275, 276, 277, 278, 279, 280, 281], "summary": {"covered_lines": 98, "num_statements": 125, "percent_covered": 78.4, "percent_covered_display": "78", "missing_lines": 27, "excluded_lines": 0, "percent_statements_covered": 78.4, "percent_statements_covered_display": "78"}, "missing_lines": [86, 127, 128, 129, 130, 131, 132, 133, 134, 135, 136, 137, 138, 139, 140, 141, 142, 143, 144, 145, 166, 188, 189, 190, 202, 204, 216], "excluded_lines": [], "start_line": 1}}}, "src/data_sync_service/tv/templates.py": {"executed_lines": [26, 28, 29, 32, 33, 34, 35, 36, 37, 38, 39, 40, 41, 47, 69, 83, 102, 116, 135, 151, 170, 178, 186, 193, 200, 254, 255, 256, 257, 258, 261, 262, 265], "summary": {"covered_lines": 33, "num_statements": 33, "percent_covered": 100.0, "percent_covered_display": "100", "missing_lines": 0, "excluded_lines": 0, "percent_statements_covered": 100.0, "percent_statements_covered_display": "100"}, "missing_lines": [], "excluded_lines": [], "functions": {"_karios_pullback_filter_cn": {"executed_lines": [83], "summary": {"covered_lines": 1, "num_statements": 1, "percent_covered": 100.0, "percent_covered_display": "100", "missing_lines": 0, "excluded_lines": 0, "percent_statements_covered": 100.0, "percent_statements_covered_display": "100"}, "missing_lines": [], "excluded_lines": [], "start_line": 69}, "_karios_pullback_filter_hk": {"executed_lines": [116], "summary": {"covered_lines": 1, "num_statements": 1, "percent_covered": 100.0, "percent_covered_display": "100", "missing_lines": 0, "excluded_lines": 0, "percent_statements_covered": 100.0, "percent_statements_covered_display": "100"}, "missing_lines": [], "excluded_lines": [], "start_line": 102}, "_karios_pullback_filter_us": {"executed_lines": [151], "summary": {"covered_lines": 1, "num_statements": 1, "percent_covered": 100.0, "percent_covered_display": "100", "missing_lines": 0, "excluded_lines": 0, "percent_statements_covered": 100.0, "percent_statements_covered_display": "100"}, "missing_lines": [], "excluded_lines": [], "start_line": 135}, "_falcon_launch_filter_cn": {"executed_lines": [178], "summary": {"covered_lines": 1, "num_statements": 1, "percent_covered": 100.0, "percent_covered_display": "100", "missing_lines": 0, "excluded_lines": 0, "percent_statements_covered": 100.0, "percent_statements_covered_display": "100"}, "missing_lines": [], "excluded_lines": [], "start_line": 170}, "_industry_top5_filter_cn": {"executed_lines": [193], "summary": {"covered_lines": 1, "num_statements": 1, "percent_covered": 100.0, "percent_covered_display": "100", "missing_lines": 0, "excluded_lines": 0, "percent_statements_covered": 100.0, "percent_statements_covered_display": "100"}, "missing_lines": [], "excluded_lines": [], "start_line": 186}, "get_template": {"executed_lines": [255, 256, 257, 258], "summary": {"covered_lines": 4, "num_statements": 4, "percent_covered": 100.0, "percent_covered_display": "100", "missing_lines": 0, "excluded_lines": 0, "percent_statements_covered": 100.0, "percent_statements_covered_display": "100"}, "missing_lines": [], "excluded_lines": [], "start_line": 254}, "list_templates": {"executed_lines": [262], "summary": {"covered_lines": 1, "num_statements": 1, "percent_covered": 100.0, "percent_covered_display": "100", "missing_lines": 0, "excluded_lines": 0, "percent_statements_covered": 100.0, "percent_statements_covered_display": "100"}, "missing_lines": [], "excluded_lines": [], "start_line": 261}, "": {"executed_lines": [26, 28, 29, 32, 33, 34, 35, 36, 37, 38, 39, 40, 41, 47, 69, 102, 135, 170, 186, 200, 254, 261, 265], "summary": {"covered_lines": 23, "num_statements": 23, "percent_covered": 100.0, "percent_covered_display": "100", "missing_lines": 0, "excluded_lines": 0, "percent_statements_covered": 100.0, "percent_statements_covered_display": "100"}, "missing_lines": [], "excluded_lines": [], "start_line": 1}}, "classes": {"ScreenerTemplate": {"executed_lines": [], "summary": {"covered_lines": 0, "num_statements": 0, "percent_covered": 100.0, "percent_covered_display": "100", "missing_lines": 0, "excluded_lines": 0, "percent_statements_covered": 100.0, "percent_statements_covered_display": "100"}, "missing_lines": [], "excluded_lines": [], "start_line": 33}, "": {"executed_lines": [26, 28, 29, 32, 33, 34, 35, 36, 37, 38, 39, 40, 41, 47, 69, 83, 102, 116, 135, 151, 170, 178, 186, 193, 200, 254, 255, 256, 257, 258, 261, 262, 265], "summary": {"covered_lines": 33, "num_statements": 33, "percent_covered": 100.0, "percent_covered_display": "100", "missing_lines": 0, "excluded_lines": 0, "percent_statements_covered": 100.0, "percent_statements_covered_display": "100"}, "missing_lines": [], "excluded_lines": [], "start_line": 1}}}}, "totals": {"covered_lines": 12468, "num_statements": 20220, "percent_covered": 61.66172106824926, "percent_covered_display": "62", "missing_lines": 7752, "excluded_lines": 5, "percent_statements_covered": 61.66172106824926, "percent_statements_covered_display": "62"}}